[3.566s] Invoking command in '/home/rover/roverbrain_ws/src/roverbrain_pkg': DEBUGINFOD_URLS=https://debuginfod.ubuntu.com PYTHONPATH=/home/rover/roverbrain_ws/build/roverbrain_pkg/prefix_override:/usr/lib/python3/dist-packages/colcon_core/task/python/colcon_distutils_commands:/home/rover/roverbrain_ws/install/roverbrain_pkg/lib/python3.12/site-packages:/home/rover/roverbrain_ws/install/rover_interfaces/lib/python3.12/site-packages:/home/rover/roverbrain_ws/install/roverbrain_pkg/lib/python3.12/site-packages:/opt/ros/jazzy/lib/python3.12/site-packages /usr/bin/python3 -W ignore:setup.py install is deprecated -W ignore:easy_install command is deprecated setup.py egg_info --egg-base ../../build/roverbrain_pkg build --build-base /home/rover/roverbrain_ws/build/roverbrain_pkg/build install --record /home/rover/roverbrain_ws/build/roverbrain_pkg/install.log --single-version-externally-managed install_data
[4.721s] running egg_info
[4.806s] writing ../../build/roverbrain_pkg/roverbrain_pkg.egg-info/PKG-INFO
[4.807s] writing dependency_links to ../../build/roverbrain_pkg/roverbrain_pkg.egg-info/dependency_links.txt
[4.808s] writing entry points to ../../build/roverbrain_pkg/roverbrain_pkg.egg-info/entry_points.txt
[4.809s] writing requirements to ../../build/roverbrain_pkg/roverbrain_pkg.egg-info/requires.txt
[4.809s] writing top-level names to ../../build/roverbrain_pkg/roverbrain_pkg.egg-info/top_level.txt
[4.985s] reading manifest file '../../build/roverbrain_pkg/roverbrain_pkg.egg-info/SOURCES.txt'
[4.989s] writing manifest file '../../build/roverbrain_pkg/roverbrain_pkg.egg-info/SOURCES.txt'
[4.989s] running build
[4.990s] running build_py
[4.991s] copying roverbrain_pkg/steering_control.py -> /home/rover/roverbrain_ws/build/roverbrain_pkg/build/lib/roverbrain_pkg
[4.992s] running install
[5.017s] running install_lib
[5.104s] copying /home/rover/roverbrain_ws/build/roverbrain_pkg/build/lib/roverbrain_pkg/steering_control.py -> /home/rover/roverbrain_ws/install/roverbrain_pkg/lib/python3.12/site-packages/roverbrain_pkg
[5.108s] byte-compiling /home/rover/roverbrain_ws/install/roverbrain_pkg/lib/python3.12/site-packages/roverbrain_pkg/steering_control.py to steering_control.cpython-312.pyc
[5.111s] running install_data
[5.112s] running install_egg_info
[5.203s] removing '/home/rover/roverbrain_ws/install/roverbrain_pkg/lib/python3.12/site-packages/roverbrain_pkg-0.0.0-py3.12.egg-info' (and everything under it)
[5.205s] Copying ../../build/roverbrain_pkg/roverbrain_pkg.egg-info to /home/rover/roverbrain_ws/install/roverbrain_pkg/lib/python3.12/site-packages/roverbrain_pkg-0.0.0-py3.12.egg-info
[5.210s] running install_scripts
[5.845s] Installing motor_control script to /home/rover/roverbrain_ws/install/roverbrain_pkg/lib/roverbrain_pkg
[5.846s] Installing receiver script to /home/rover/roverbrain_ws/install/roverbrain_pkg/lib/roverbrain_pkg
[5.847s] Installing steering_control script to /home/rover/roverbrain_ws/install/roverbrain_pkg/lib/roverbrain_pkg
[5.849s] writing list of installed files to '/home/rover/roverbrain_ws/build/roverbrain_pkg/install.log'
[5.989s] Invoked command in '/home/rover/roverbrain_ws/src/roverbrain_pkg' returned '0': DEBUGINFOD_URLS=https://debuginfod.ubuntu.com PYTHONPATH=/home/rover/roverbrain_ws/build/roverbrain_pkg/prefix_override:/usr/lib/python3/dist-packages/colcon_core/task/python/colcon_distutils_commands:/home/rover/roverbrain_ws/install/roverbrain_pkg/lib/python3.12/site-packages:/home/rover/roverbrain_ws/install/rover_interfaces/lib/python3.12/site-packages:/home/rover/roverbrain_ws/install/roverbrain_pkg/lib/python3.12/site-packages:/opt/ros/jazzy/lib/python3.12/site-packages /usr/bin/python3 -W ignore:setup.py install is deprecated -W ignore:easy_install command is deprecated setup.py egg_info --egg-base ../../build/roverbrain_pkg build --build-base /home/rover/roverbrain_ws/build/roverbrain_pkg/build install --record /home/rover/roverbrain_ws/build/roverbrain_pkg/install.log --single-version-externally-managed install_data
