running egg_info
writing ../../build/my_py_pkg/rovercommand_pkg.egg-info/PKG-INFO
writing dependency_links to ../../build/my_py_pkg/rovercommand_pkg.egg-info/dependency_links.txt
writing entry points to ../../build/my_py_pkg/rovercommand_pkg.egg-info/entry_points.txt
writing requirements to ../../build/my_py_pkg/rovercommand_pkg.egg-info/requires.txt
writing top-level names to ../../build/my_py_pkg/rovercommand_pkg.egg-info/top_level.txt
reading manifest file '../../build/my_py_pkg/rovercommand_pkg.egg-info/SOURCES.txt'
writing manifest file '../../build/my_py_pkg/rovercommand_pkg.egg-info/SOURCES.txt'
running build
running build_py
copying rovercommand_pkg/controller_transmitter.py -> /home/colton/rovercommand_ws/build/my_py_pkg/build/lib/rovercommand_pkg
running install
running install_lib
copying /home/colton/rovercommand_ws/build/my_py_pkg/build/lib/rovercommand_pkg/controller_transmitter.py -> /home/colton/rovercommand_ws/install/my_py_pkg/lib/python3.12/site-packages/rovercommand_pkg
byte-compiling /home/colton/rovercommand_ws/install/my_py_pkg/lib/python3.12/site-packages/rovercommand_pkg/controller_transmitter.py to controller_transmitter.cpython-312.pyc
running install_data
running install_egg_info
removing '/home/colton/rovercommand_ws/install/my_py_pkg/lib/python3.12/site-packages/rovercommand_pkg-0.0.0-py3.12.egg-info' (and everything under it)
Copying ../../build/my_py_pkg/rovercommand_pkg.egg-info to /home/colton/rovercommand_ws/install/my_py_pkg/lib/python3.12/site-packages/rovercommand_pkg-0.0.0-py3.12.egg-info
running install_scripts
Installing controller_transmitter script to /home/colton/rovercommand_ws/install/my_py_pkg/lib/rovercommand_pkg
writing list of installed files to '/home/colton/rovercommand_ws/build/my_py_pkg/install.log'
