[1.660s] Invoking command in '/home/colton/rovercommand_ws/src/rovercommand_pkg': DEBUGINFOD_URLS=https://debuginfod.ubuntu.com PYTHONPATH=/home/colton/rovercommand_ws/build/my_py_pkg/prefix_override:/usr/lib/python3/dist-packages/colcon_core/task/python/colcon_distutils_commands:/home/colton/rovercommand_ws/install/my_py_pkg/lib/python3.12/site-packages:${PYTHONPATH} /usr/bin/python3 -W ignore:setup.py install is deprecated -W ignore:easy_install command is deprecated setup.py egg_info --egg-base ../../build/my_py_pkg build --build-base /home/colton/rovercommand_ws/build/my_py_pkg/build install --record /home/colton/rovercommand_ws/build/my_py_pkg/install.log --single-version-externally-managed install_data
[2.181s] running egg_info
[2.220s] writing ../../build/my_py_pkg/rovercommand_pkg.egg-info/PKG-INFO
[2.220s] writing dependency_links to ../../build/my_py_pkg/rovercommand_pkg.egg-info/dependency_links.txt
[2.221s] writing entry points to ../../build/my_py_pkg/rovercommand_pkg.egg-info/entry_points.txt
[2.221s] writing requirements to ../../build/my_py_pkg/rovercommand_pkg.egg-info/requires.txt
[2.221s] writing top-level names to ../../build/my_py_pkg/rovercommand_pkg.egg-info/top_level.txt
[2.300s] reading manifest file '../../build/my_py_pkg/rovercommand_pkg.egg-info/SOURCES.txt'
[2.301s] writing manifest file '../../build/my_py_pkg/rovercommand_pkg.egg-info/SOURCES.txt'
[2.302s] running build
[2.302s] running build_py
[2.302s] copying rovercommand_pkg/controller_transmitter.py -> /home/colton/rovercommand_ws/build/my_py_pkg/build/lib/rovercommand_pkg
[2.303s] running install
[2.315s] running install_lib
[2.355s] copying /home/colton/rovercommand_ws/build/my_py_pkg/build/lib/rovercommand_pkg/controller_transmitter.py -> /home/colton/rovercommand_ws/install/my_py_pkg/lib/python3.12/site-packages/rovercommand_pkg
[2.356s] byte-compiling /home/colton/rovercommand_ws/install/my_py_pkg/lib/python3.12/site-packages/rovercommand_pkg/controller_transmitter.py to controller_transmitter.cpython-312.pyc
[2.358s] running install_data
[2.359s] running install_egg_info
[2.400s] removing '/home/colton/rovercommand_ws/install/my_py_pkg/lib/python3.12/site-packages/rovercommand_pkg-0.0.0-py3.12.egg-info' (and everything under it)
[2.400s] Copying ../../build/my_py_pkg/rovercommand_pkg.egg-info to /home/colton/rovercommand_ws/install/my_py_pkg/lib/python3.12/site-packages/rovercommand_pkg-0.0.0-py3.12.egg-info
[2.402s] running install_scripts
[2.664s] Installing controller_transmitter script to /home/colton/rovercommand_ws/install/my_py_pkg/lib/rovercommand_pkg
[2.665s] writing list of installed files to '/home/colton/rovercommand_ws/build/my_py_pkg/install.log'
[2.751s] Invoked command in '/home/colton/rovercommand_ws/src/rovercommand_pkg' returned '0': DEBUGINFOD_URLS=https://debuginfod.ubuntu.com PYTHONPATH=/home/colton/rovercommand_ws/build/my_py_pkg/prefix_override:/usr/lib/python3/dist-packages/colcon_core/task/python/colcon_distutils_commands:/home/colton/rovercommand_ws/install/my_py_pkg/lib/python3.12/site-packages:${PYTHONPATH} /usr/bin/python3 -W ignore:setup.py install is deprecated -W ignore:easy_install command is deprecated setup.py egg_info --egg-base ../../build/my_py_pkg build --build-base /home/colton/rovercommand_ws/build/my_py_pkg/build install --record /home/colton/rovercommand_ws/build/my_py_pkg/install.log --single-version-externally-managed install_data
