[0.453s] DEBUG:colcon:Command line arguments: ['/usr/bin/colcon', 'build', '--packages-select', 'roverbrain_pkg']
[0.454s] DEBUG:colcon:Parsed command line arguments: Namespace(log_base=None, log_level=None, verb_name='build', build_base='build', install_base='install', merge_install=False, symlink_install=False, test_result_base=None, continue_on_error=False, executor='parallel', parallel_workers=4, event_handlers=None, ignore_user_meta=False, metas=['./colcon.meta'], base_paths=['.'], packages_ignore=None, packages_ignore_regex=None, paths=None, packages_up_to=None, packages_up_to_regex=None, packages_above=None, packages_above_and_dependencies=None, packages_above_depth=None, packages_select_by_dep=None, packages_skip_by_dep=None, packages_skip_up_to=None, packages_select_build_failed=False, packages_skip_build_finished=False, packages_select_test_failures=False, packages_skip_test_passed=False, packages_select=['roverbrain_pkg'], packages_skip=None, packages_select_regex=None, packages_skip_regex=None, packages_start=None, packages_end=None, allow_overriding=[], cmake_args=None, cmake_target=None, cmake_target_skip_unavailable=False, cmake_clean_cache=False, cmake_clean_first=False, cmake_force_configure=False, ament_cmake_args=None, catkin_cmake_args=None, catkin_skip_building_tests=False, mixin_files=None, mixin=None, verb_parser=<colcon_mixin.mixin.mixin_argument.MixinArgumentDecorator object at 0xffff9cbe3a70>, verb_extension=<colcon_core.verb.build.BuildVerb object at 0xffff9cdc8050>, main=<bound method BuildVerb.main of <colcon_core.verb.build.BuildVerb object at 0xffff9cdc8050>>, mixin_verb=('build',))
[0.620s] Level 1:colcon.colcon_core.package_discovery:discover_packages(colcon_meta) check parameters
[0.621s] Level 1:colcon.colcon_core.package_discovery:discover_packages(recursive) check parameters
[0.621s] Level 1:colcon.colcon_core.package_discovery:discover_packages(ignore) check parameters
[0.621s] Level 1:colcon.colcon_core.package_discovery:discover_packages(path) check parameters
[0.621s] Level 1:colcon.colcon_core.package_discovery:discover_packages(colcon_meta) discover
[0.621s] Level 1:colcon.colcon_core.package_discovery:discover_packages(recursive) discover
[0.622s] INFO:colcon.colcon_core.package_discovery:Crawling recursively for packages in '/home/rover/roverbrain_ws'
[0.622s] Level 1:colcon.colcon_core.package_identification:_identify(.) by extensions ['ignore', 'ignore_ament_install']
[0.622s] Level 1:colcon.colcon_core.package_identification:_identify(.) by extension 'ignore'
[0.623s] Level 1:colcon.colcon_core.package_identification:_identify(.) by extension 'ignore_ament_install'
[0.623s] Level 1:colcon.colcon_core.package_identification:_identify(.) by extensions ['colcon_pkg']
[0.623s] Level 1:colcon.colcon_core.package_identification:_identify(.) by extension 'colcon_pkg'
[0.623s] Level 1:colcon.colcon_core.package_identification:_identify(.) by extensions ['colcon_meta']
[0.623s] Level 1:colcon.colcon_core.package_identification:_identify(.) by extension 'colcon_meta'
[0.623s] Level 1:colcon.colcon_core.package_identification:_identify(.) by extensions ['ros']
[0.623s] Level 1:colcon.colcon_core.package_identification:_identify(.) by extension 'ros'
[0.727s] Level 1:colcon.colcon_core.package_identification:_identify(.) by extensions ['cmake', 'python']
[0.727s] Level 1:colcon.colcon_core.package_identification:_identify(.) by extension 'cmake'
[0.728s] Level 1:colcon.colcon_core.package_identification:_identify(.) by extension 'python'
[0.728s] Level 1:colcon.colcon_core.package_identification:_identify(.) by extensions ['python_setup_py']
[0.728s] Level 1:colcon.colcon_core.package_identification:_identify(.) by extension 'python_setup_py'
[0.729s] Level 1:colcon.colcon_core.package_identification:_identify(build) by extensions ['ignore', 'ignore_ament_install']
[0.729s] Level 1:colcon.colcon_core.package_identification:_identify(build) by extension 'ignore'
[0.729s] Level 1:colcon.colcon_core.package_identification:_identify(build) ignored
[0.730s] Level 1:colcon.colcon_core.package_identification:_identify(install) by extensions ['ignore', 'ignore_ament_install']
[0.730s] Level 1:colcon.colcon_core.package_identification:_identify(install) by extension 'ignore'
[0.730s] Level 1:colcon.colcon_core.package_identification:_identify(install) ignored
[0.731s] Level 1:colcon.colcon_core.package_identification:_identify(log) by extensions ['ignore', 'ignore_ament_install']
[0.732s] Level 1:colcon.colcon_core.package_identification:_identify(log) by extension 'ignore'
[0.732s] Level 1:colcon.colcon_core.package_identification:_identify(log) ignored
[0.732s] Level 1:colcon.colcon_core.package_identification:_identify(src) by extensions ['ignore', 'ignore_ament_install']
[0.732s] Level 1:colcon.colcon_core.package_identification:_identify(src) by extension 'ignore'
[0.733s] Level 1:colcon.colcon_core.package_identification:_identify(src) by extension 'ignore_ament_install'
[0.733s] Level 1:colcon.colcon_core.package_identification:_identify(src) by extensions ['colcon_pkg']
[0.733s] Level 1:colcon.colcon_core.package_identification:_identify(src) by extension 'colcon_pkg'
[0.733s] Level 1:colcon.colcon_core.package_identification:_identify(src) by extensions ['colcon_meta']
[0.733s] Level 1:colcon.colcon_core.package_identification:_identify(src) by extension 'colcon_meta'
[0.733s] Level 1:colcon.colcon_core.package_identification:_identify(src) by extensions ['ros']
[0.733s] Level 1:colcon.colcon_core.package_identification:_identify(src) by extension 'ros'
[0.734s] Level 1:colcon.colcon_core.package_identification:_identify(src) by extensions ['cmake', 'python']
[0.734s] Level 1:colcon.colcon_core.package_identification:_identify(src) by extension 'cmake'
[0.734s] Level 1:colcon.colcon_core.package_identification:_identify(src) by extension 'python'
[0.734s] Level 1:colcon.colcon_core.package_identification:_identify(src) by extensions ['python_setup_py']
[0.734s] Level 1:colcon.colcon_core.package_identification:_identify(src) by extension 'python_setup_py'
[0.735s] Level 1:colcon.colcon_core.package_identification:_identify(src/rover_interfaces) by extensions ['ignore', 'ignore_ament_install']
[0.735s] Level 1:colcon.colcon_core.package_identification:_identify(src/rover_interfaces) by extension 'ignore'
[0.735s] Level 1:colcon.colcon_core.package_identification:_identify(src/rover_interfaces) by extension 'ignore_ament_install'
[0.735s] Level 1:colcon.colcon_core.package_identification:_identify(src/rover_interfaces) by extensions ['colcon_pkg']
[0.736s] Level 1:colcon.colcon_core.package_identification:_identify(src/rover_interfaces) by extension 'colcon_pkg'
[0.736s] Level 1:colcon.colcon_core.package_identification:_identify(src/rover_interfaces) by extensions ['colcon_meta']
[0.736s] Level 1:colcon.colcon_core.package_identification:_identify(src/rover_interfaces) by extension 'colcon_meta'
[0.736s] Level 1:colcon.colcon_core.package_identification:_identify(src/rover_interfaces) by extensions ['ros']
[0.736s] Level 1:colcon.colcon_core.package_identification:_identify(src/rover_interfaces) by extension 'ros'
[0.744s] DEBUG:colcon.colcon_core.package_identification:Package 'src/rover_interfaces' with type 'ros.ament_cmake' and name 'rover_interfaces'
[0.745s] Level 1:colcon.colcon_core.package_identification:_identify(src/roverbrain_pkg) by extensions ['ignore', 'ignore_ament_install']
[0.745s] Level 1:colcon.colcon_core.package_identification:_identify(src/roverbrain_pkg) by extension 'ignore'
[0.745s] Level 1:colcon.colcon_core.package_identification:_identify(src/roverbrain_pkg) by extension 'ignore_ament_install'
[0.746s] Level 1:colcon.colcon_core.package_identification:_identify(src/roverbrain_pkg) by extensions ['colcon_pkg']
[0.746s] Level 1:colcon.colcon_core.package_identification:_identify(src/roverbrain_pkg) by extension 'colcon_pkg'
[0.746s] Level 1:colcon.colcon_core.package_identification:_identify(src/roverbrain_pkg) by extensions ['colcon_meta']
[0.746s] Level 1:colcon.colcon_core.package_identification:_identify(src/roverbrain_pkg) by extension 'colcon_meta'
[0.746s] Level 1:colcon.colcon_core.package_identification:_identify(src/roverbrain_pkg) by extensions ['ros']
[0.746s] Level 1:colcon.colcon_core.package_identification:_identify(src/roverbrain_pkg) by extension 'ros'
[0.748s] DEBUG:colcon.colcon_core.package_identification:Package 'src/roverbrain_pkg' with type 'ros.ament_python' and name 'roverbrain_pkg'
[0.749s] Level 1:colcon.colcon_core.package_discovery:discover_packages(recursive) using defaults
[0.749s] Level 1:colcon.colcon_core.package_discovery:discover_packages(ignore) discover
[0.749s] Level 1:colcon.colcon_core.package_discovery:discover_packages(ignore) using defaults
[0.749s] Level 1:colcon.colcon_core.package_discovery:discover_packages(path) discover
[0.749s] Level 1:colcon.colcon_core.package_discovery:discover_packages(path) using defaults
[0.816s] INFO:colcon.colcon_core.package_selection:Skipping not selected package 'rover_interfaces' in 'src/rover_interfaces'
[0.818s] Level 1:colcon.colcon_core.package_discovery:discover_packages(prefix_path) check parameters
[0.818s] Level 1:colcon.colcon_core.package_discovery:discover_packages(prefix_path) discover
[0.826s] DEBUG:colcon.colcon_installed_package_information.package_discovery:Found 2 installed packages in /home/rover/roverbrain_ws/install
[0.836s] DEBUG:colcon.colcon_installed_package_information.package_discovery:Found 285 installed packages in /opt/ros/jazzy
[0.843s] Level 1:colcon.colcon_core.package_discovery:discover_packages(prefix_path) using defaults
[1.034s] Level 5:colcon.colcon_core.verb:set package 'roverbrain_pkg' build argument 'cmake_args' from command line to 'None'
[1.034s] Level 5:colcon.colcon_core.verb:set package 'roverbrain_pkg' build argument 'cmake_target' from command line to 'None'
[1.034s] Level 5:colcon.colcon_core.verb:set package 'roverbrain_pkg' build argument 'cmake_target_skip_unavailable' from command line to 'False'
[1.034s] Level 5:colcon.colcon_core.verb:set package 'roverbrain_pkg' build argument 'cmake_clean_cache' from command line to 'False'
[1.034s] Level 5:colcon.colcon_core.verb:set package 'roverbrain_pkg' build argument 'cmake_clean_first' from command line to 'False'
[1.034s] Level 5:colcon.colcon_core.verb:set package 'roverbrain_pkg' build argument 'cmake_force_configure' from command line to 'False'
[1.034s] Level 5:colcon.colcon_core.verb:set package 'roverbrain_pkg' build argument 'ament_cmake_args' from command line to 'None'
[1.034s] Level 5:colcon.colcon_core.verb:set package 'roverbrain_pkg' build argument 'catkin_cmake_args' from command line to 'None'
[1.035s] Level 5:colcon.colcon_core.verb:set package 'roverbrain_pkg' build argument 'catkin_skip_building_tests' from command line to 'False'
[1.035s] DEBUG:colcon.colcon_core.verb:Building package 'roverbrain_pkg' with the following arguments: {'ament_cmake_args': None, 'build_base': '/home/rover/roverbrain_ws/build/roverbrain_pkg', 'catkin_cmake_args': None, 'catkin_skip_building_tests': False, 'cmake_args': None, 'cmake_clean_cache': False, 'cmake_clean_first': False, 'cmake_force_configure': False, 'cmake_target': None, 'cmake_target_skip_unavailable': False, 'install_base': '/home/rover/roverbrain_ws/install/roverbrain_pkg', 'merge_install': False, 'path': '/home/rover/roverbrain_ws/src/roverbrain_pkg', 'symlink_install': False, 'test_result_base': None}
[1.035s] INFO:colcon.colcon_core.executor:Executing jobs using 'parallel' executor
[1.038s] DEBUG:colcon.colcon_parallel_executor.executor.parallel:run_until_complete
[1.039s] INFO:colcon.colcon_ros.task.ament_python.build:Building ROS package in '/home/rover/roverbrain_ws/src/roverbrain_pkg' with build type 'ament_python'
[1.040s] Level 1:colcon.colcon_core.shell:create_environment_hook('roverbrain_pkg', 'ament_prefix_path')
[1.047s] INFO:colcon.colcon_core.plugin_system:Skipping extension 'colcon_core.shell.bat': Not used on non-Windows systems
[1.048s] INFO:colcon.colcon_core.shell:Creating environment hook '/home/rover/roverbrain_ws/install/roverbrain_pkg/share/roverbrain_pkg/hook/ament_prefix_path.ps1'
[1.051s] INFO:colcon.colcon_core.shell:Creating environment descriptor '/home/rover/roverbrain_ws/install/roverbrain_pkg/share/roverbrain_pkg/hook/ament_prefix_path.dsv'
[1.053s] INFO:colcon.colcon_core.shell:Creating environment hook '/home/rover/roverbrain_ws/install/roverbrain_pkg/share/roverbrain_pkg/hook/ament_prefix_path.sh'
[1.056s] INFO:colcon.colcon_core.shell:Skip shell extension 'powershell' for command environment: Not usable outside of PowerShell
[1.056s] DEBUG:colcon.colcon_core.shell:Skip shell extension 'dsv' for command environment
[2.031s] INFO:colcon.colcon_core.task.python.build:Building Python package in '/home/rover/roverbrain_ws/src/roverbrain_pkg'
[2.032s] INFO:colcon.colcon_core.shell:Skip shell extension 'powershell' for command environment: Not usable outside of PowerShell
[2.032s] DEBUG:colcon.colcon_core.shell:Skip shell extension 'dsv' for command environment
[4.637s] DEBUG:colcon.colcon_core.event_handler.log_command:Invoking command in '/home/rover/roverbrain_ws/src/roverbrain_pkg': DEBUGINFOD_URLS=https://debuginfod.ubuntu.com PYTHONPATH=/home/rover/roverbrain_ws/build/roverbrain_pkg/prefix_override:/usr/lib/python3/dist-packages/colcon_core/task/python/colcon_distutils_commands:/home/rover/roverbrain_ws/install/roverbrain_pkg/lib/python3.12/site-packages:/home/rover/roverbrain_ws/install/rover_interfaces/lib/python3.12/site-packages:/home/rover/roverbrain_ws/install/roverbrain_pkg/lib/python3.12/site-packages:/opt/ros/jazzy/lib/python3.12/site-packages /usr/bin/python3 -W ignore:setup.py install is deprecated -W ignore:easy_install command is deprecated setup.py egg_info --egg-base ../../build/roverbrain_pkg build --build-base /home/rover/roverbrain_ws/build/roverbrain_pkg/build install --record /home/rover/roverbrain_ws/build/roverbrain_pkg/install.log --single-version-externally-managed install_data
[7.116s] DEBUG:colcon.colcon_core.event_handler.log_command:Invoked command in '/home/rover/roverbrain_ws/src/roverbrain_pkg' returned '0': DEBUGINFOD_URLS=https://debuginfod.ubuntu.com PYTHONPATH=/home/rover/roverbrain_ws/build/roverbrain_pkg/prefix_override:/usr/lib/python3/dist-packages/colcon_core/task/python/colcon_distutils_commands:/home/rover/roverbrain_ws/install/roverbrain_pkg/lib/python3.12/site-packages:/home/rover/roverbrain_ws/install/rover_interfaces/lib/python3.12/site-packages:/home/rover/roverbrain_ws/install/roverbrain_pkg/lib/python3.12/site-packages:/opt/ros/jazzy/lib/python3.12/site-packages /usr/bin/python3 -W ignore:setup.py install is deprecated -W ignore:easy_install command is deprecated setup.py egg_info --egg-base ../../build/roverbrain_pkg build --build-base /home/rover/roverbrain_ws/build/roverbrain_pkg/build install --record /home/rover/roverbrain_ws/build/roverbrain_pkg/install.log --single-version-externally-managed install_data
[7.125s] Level 1:colcon.colcon_core.environment:checking '/home/rover/roverbrain_ws/install/roverbrain_pkg' for CMake module files
[7.128s] Level 1:colcon.colcon_core.environment:checking '/home/rover/roverbrain_ws/install/roverbrain_pkg' for CMake config files
[7.132s] Level 1:colcon.colcon_core.environment:checking '/home/rover/roverbrain_ws/install/roverbrain_pkg/lib'
[7.133s] Level 1:colcon.colcon_core.environment:checking '/home/rover/roverbrain_ws/install/roverbrain_pkg/bin'
[7.133s] Level 1:colcon.colcon_core.environment:checking '/home/rover/roverbrain_ws/install/roverbrain_pkg/lib/pkgconfig/roverbrain_pkg.pc'
[7.134s] Level 1:colcon.colcon_core.environment:checking '/home/rover/roverbrain_ws/install/roverbrain_pkg/lib/python3.12/site-packages'
[7.134s] Level 1:colcon.colcon_core.shell:create_environment_hook('roverbrain_pkg', 'pythonpath')
[7.135s] INFO:colcon.colcon_core.shell:Creating environment hook '/home/rover/roverbrain_ws/install/roverbrain_pkg/share/roverbrain_pkg/hook/pythonpath.ps1'
[7.137s] INFO:colcon.colcon_core.shell:Creating environment descriptor '/home/rover/roverbrain_ws/install/roverbrain_pkg/share/roverbrain_pkg/hook/pythonpath.dsv'
[7.139s] INFO:colcon.colcon_core.shell:Creating environment hook '/home/rover/roverbrain_ws/install/roverbrain_pkg/share/roverbrain_pkg/hook/pythonpath.sh'
[7.141s] Level 1:colcon.colcon_core.environment:checking '/home/rover/roverbrain_ws/install/roverbrain_pkg/bin'
[7.141s] Level 1:colcon.colcon_core.environment:create_environment_scripts_only(roverbrain_pkg)
[7.142s] INFO:colcon.colcon_core.shell:Creating package script '/home/rover/roverbrain_ws/install/roverbrain_pkg/share/roverbrain_pkg/package.ps1'
[7.145s] INFO:colcon.colcon_core.shell:Creating package descriptor '/home/rover/roverbrain_ws/install/roverbrain_pkg/share/roverbrain_pkg/package.dsv'
[7.147s] INFO:colcon.colcon_core.shell:Creating package script '/home/rover/roverbrain_ws/install/roverbrain_pkg/share/roverbrain_pkg/package.sh'
[7.150s] INFO:colcon.colcon_core.shell:Creating package script '/home/rover/roverbrain_ws/install/roverbrain_pkg/share/roverbrain_pkg/package.bash'
[7.153s] INFO:colcon.colcon_core.shell:Creating package script '/home/rover/roverbrain_ws/install/roverbrain_pkg/share/roverbrain_pkg/package.zsh'
[7.156s] Level 1:colcon.colcon_core.environment:create_file_with_runtime_dependencies(/home/rover/roverbrain_ws/install/roverbrain_pkg/share/colcon-core/packages/roverbrain_pkg)
[7.157s] DEBUG:colcon.colcon_parallel_executor.executor.parallel:closing loop
[7.159s] DEBUG:colcon.colcon_parallel_executor.executor.parallel:loop closed
[7.159s] DEBUG:colcon.colcon_parallel_executor.executor.parallel:run_until_complete finished with '0'
[7.159s] DEBUG:colcon.colcon_core.event_reactor:joining thread
[7.180s] INFO:colcon.colcon_core.plugin_system:Skipping extension 'colcon_notification.desktop_notification.terminal_notifier': Not used on non-Darwin systems
[7.180s] INFO:colcon.colcon_core.plugin_system:Skipping extension 'colcon_notification.desktop_notification.win32': Not used on non-Windows systems
[7.180s] INFO:colcon.colcon_notification.desktop_notification:Sending desktop notification using 'notify2'
[7.185s] DEBUG:colcon.colcon_notification.desktop_notification.notify2:Failed to initialize notify2: org.freedesktop.DBus.Error.ServiceUnknown: The name org.freedesktop.Notifications was not provided by any .service files
[7.186s] DEBUG:colcon.colcon_core.event_reactor:joined thread
[7.186s] INFO:colcon.colcon_core.shell:Creating prefix script '/home/rover/roverbrain_ws/install/local_setup.ps1'
[7.190s] INFO:colcon.colcon_core.shell:Creating prefix util module '/home/rover/roverbrain_ws/install/_local_setup_util_ps1.py'
[7.196s] INFO:colcon.colcon_core.shell:Creating prefix chain script '/home/rover/roverbrain_ws/install/setup.ps1'
[7.200s] INFO:colcon.colcon_core.shell:Creating prefix script '/home/rover/roverbrain_ws/install/local_setup.sh'
[7.203s] INFO:colcon.colcon_core.shell:Creating prefix util module '/home/rover/roverbrain_ws/install/_local_setup_util_sh.py'
[7.205s] INFO:colcon.colcon_core.shell:Creating prefix chain script '/home/rover/roverbrain_ws/install/setup.sh'
[7.209s] INFO:colcon.colcon_core.shell:Creating prefix script '/home/rover/roverbrain_ws/install/local_setup.bash'
[7.211s] INFO:colcon.colcon_core.shell:Creating prefix chain script '/home/rover/roverbrain_ws/install/setup.bash'
[7.215s] INFO:colcon.colcon_core.shell:Creating prefix script '/home/rover/roverbrain_ws/install/local_setup.zsh'
[7.219s] INFO:colcon.colcon_core.shell:Creating prefix chain script '/home/rover/roverbrain_ws/install/setup.zsh'
