[3.569s] Invoking command in '/home/rover/roverbrain_ws/src/roverbrain_pkg': DEBUGINFOD_URLS=https://debuginfod.ubuntu.com PYTHONPATH=/home/rover/roverbrain_ws/build/roverbrain_pkg/prefix_override:/usr/lib/python3/dist-packages/colcon_core/task/python/colcon_distutils_commands:/home/rover/roverbrain_ws/install/roverbrain_pkg/lib/python3.12/site-packages:/home/rover/roverbrain_ws/install/rover_interfaces/lib/python3.12/site-packages:/home/rover/roverbrain_ws/install/roverbrain_pkg/lib/python3.12/site-packages:/opt/ros/jazzy/lib/python3.12/site-packages /usr/bin/python3 -W ignore:setup.py install is deprecated -W ignore:easy_install command is deprecated setup.py egg_info --egg-base ../../build/roverbrain_pkg build --build-base /home/rover/roverbrain_ws/build/roverbrain_pkg/build install --record /home/rover/roverbrain_ws/build/roverbrain_pkg/install.log --single-version-externally-managed install_data
[4.748s] running egg_info
[4.834s] writing ../../build/roverbrain_pkg/roverbrain_pkg.egg-info/PKG-INFO
[4.835s] writing dependency_links to ../../build/roverbrain_pkg/roverbrain_pkg.egg-info/dependency_links.txt
[4.837s] writing entry points to ../../build/roverbrain_pkg/roverbrain_pkg.egg-info/entry_points.txt
[4.838s] writing requirements to ../../build/roverbrain_pkg/roverbrain_pkg.egg-info/requires.txt
[4.838s] writing top-level names to ../../build/roverbrain_pkg/roverbrain_pkg.egg-info/top_level.txt
[5.014s] reading manifest file '../../build/roverbrain_pkg/roverbrain_pkg.egg-info/SOURCES.txt'
[5.017s] writing manifest file '../../build/roverbrain_pkg/roverbrain_pkg.egg-info/SOURCES.txt'
[5.017s] running build
[5.018s] running build_py
[5.019s] copying roverbrain_pkg/steering_control.py -> /home/rover/roverbrain_ws/build/roverbrain_pkg/build/lib/roverbrain_pkg
[5.021s] running install
[5.046s] running install_lib
[5.133s] copying /home/rover/roverbrain_ws/build/roverbrain_pkg/build/lib/roverbrain_pkg/steering_control.py -> /home/rover/roverbrain_ws/install/roverbrain_pkg/lib/python3.12/site-packages/roverbrain_pkg
[5.136s] byte-compiling /home/rover/roverbrain_ws/install/roverbrain_pkg/lib/python3.12/site-packages/roverbrain_pkg/steering_control.py to steering_control.cpython-312.pyc
[5.139s] running install_data
[5.140s] running install_egg_info
[5.231s] removing '/home/rover/roverbrain_ws/install/roverbrain_pkg/lib/python3.12/site-packages/roverbrain_pkg-0.0.0-py3.12.egg-info' (and everything under it)
[5.233s] Copying ../../build/roverbrain_pkg/roverbrain_pkg.egg-info to /home/rover/roverbrain_ws/install/roverbrain_pkg/lib/python3.12/site-packages/roverbrain_pkg-0.0.0-py3.12.egg-info
[5.238s] running install_scripts
[5.873s] Installing motor_control script to /home/rover/roverbrain_ws/install/roverbrain_pkg/lib/roverbrain_pkg
[5.874s] Installing receiver script to /home/rover/roverbrain_ws/install/roverbrain_pkg/lib/roverbrain_pkg
[5.876s] Installing steering_control script to /home/rover/roverbrain_ws/install/roverbrain_pkg/lib/roverbrain_pkg
[5.878s] writing list of installed files to '/home/rover/roverbrain_ws/build/roverbrain_pkg/install.log'
[6.019s] Invoked command in '/home/rover/roverbrain_ws/src/roverbrain_pkg' returned '0': DEBUGINFOD_URLS=https://debuginfod.ubuntu.com PYTHONPATH=/home/rover/roverbrain_ws/build/roverbrain_pkg/prefix_override:/usr/lib/python3/dist-packages/colcon_core/task/python/colcon_distutils_commands:/home/rover/roverbrain_ws/install/roverbrain_pkg/lib/python3.12/site-packages:/home/rover/roverbrain_ws/install/rover_interfaces/lib/python3.12/site-packages:/home/rover/roverbrain_ws/install/roverbrain_pkg/lib/python3.12/site-packages:/opt/ros/jazzy/lib/python3.12/site-packages /usr/bin/python3 -W ignore:setup.py install is deprecated -W ignore:easy_install command is deprecated setup.py egg_info --egg-base ../../build/roverbrain_pkg build --build-base /home/rover/roverbrain_ws/build/roverbrain_pkg/build install --record /home/rover/roverbrain_ws/build/roverbrain_pkg/install.log --single-version-externally-managed install_data
