[0.067s] Invoking command in '/home/rover/roverbrain_ws/build/rover_interfaces': CMAKE_PREFIX_PATH=${CMAKE_PREFIX_PATH}:/home/rover/roverbrain_ws/install/roverbrain_pkg:/opt/ros/jazzy DEBUGINFOD_URLS=https://debuginfod.ubuntu.com /usr/bin/cmake --build /home/rover/roverbrain_ws/build/rover_interfaces -- -j4 -l4
[0.704s] [  2%] Built target rover_interfaces__rosidl_generator_type_description
[0.771s] [  2%] Built target ament_cmake_python_copy_rover_interfaces
[0.831s] [  5%] Built target rover_interfaces__cpp
[0.879s] [ 20%] Built target rover_interfaces__rosidl_generator_c
[1.027s] [ 29%] Built target rover_interfaces__rosidl_typesupport_introspection_c
[1.049s] [ 38%] Built target rover_interfaces__rosidl_typesupport_c
[1.068s] [ 47%] Built target rover_interfaces__rosidl_typesupport_fastrtps_c
[1.189s] [ 55%] Built target rover_interfaces__rosidl_typesupport_cpp
[1.210s] [ 64%] Built target rover_interfaces__rosidl_typesupport_fastrtps_cpp
[1.221s] [ 73%] Built target rover_interfaces__rosidl_typesupport_introspection_cpp
[1.335s] [ 73%] Built target rover_interfaces
[1.455s] [ 76%] Built target rover_interfaces__py
[1.612s] [ 82%] Built target rover_interfaces__rosidl_generator_py
[1.755s] [ 88%] Built target rover_interfaces_s__rosidl_typesupport_introspection_c
[1.756s] [ 94%] Built target rover_interfaces_s__rosidl_typesupport_fastrtps_c
[1.762s] [100%] Built target rover_interfaces_s__rosidl_typesupport_c
[1.960s] running egg_info
[2.050s] writing rover_interfaces.egg-info/PKG-INFO
[2.051s] writing dependency_links to rover_interfaces.egg-info/dependency_links.txt
[2.053s] writing top-level names to rover_interfaces.egg-info/top_level.txt
[2.316s] reading manifest file 'rover_interfaces.egg-info/SOURCES.txt'
[2.320s] writing manifest file 'rover_interfaces.egg-info/SOURCES.txt'
[2.464s] [100%] Built target ament_cmake_python_build_rover_interfaces_egg
[2.519s] Invoked command in '/home/rover/roverbrain_ws/build/rover_interfaces' returned '0': CMAKE_PREFIX_PATH=${CMAKE_PREFIX_PATH}:/home/rover/roverbrain_ws/install/roverbrain_pkg:/opt/ros/jazzy DEBUGINFOD_URLS=https://debuginfod.ubuntu.com /usr/bin/cmake --build /home/rover/roverbrain_ws/build/rover_interfaces -- -j4 -l4
[2.578s] Invoking command in '/home/rover/roverbrain_ws/build/rover_interfaces': CMAKE_PREFIX_PATH=${CMAKE_PREFIX_PATH}:/home/rover/roverbrain_ws/install/roverbrain_pkg:/opt/ros/jazzy DEBUGINFOD_URLS=https://debuginfod.ubuntu.com /usr/bin/cmake --install /home/rover/roverbrain_ws/build/rover_interfaces
[2.623s] -- Install configuration: ""
[2.624s] -- Up-to-date: /home/rover/roverbrain_ws/install/rover_interfaces/share/ament_index/resource_index/rosidl_interfaces/rover_interfaces
[2.625s] -- Up-to-date: /home/rover/roverbrain_ws/install/rover_interfaces/share/rover_interfaces/msg/Control.json
[2.627s] -- Up-to-date: /home/rover/roverbrain_ws/install/rover_interfaces/include/rover_interfaces/rover_interfaces
[2.628s] -- Up-to-date: /home/rover/roverbrain_ws/install/rover_interfaces/include/rover_interfaces/rover_interfaces/msg
[2.629s] -- Up-to-date: /home/rover/roverbrain_ws/install/rover_interfaces/include/rover_interfaces/rover_interfaces/msg/control.h
[2.630s] -- Up-to-date: /home/rover/roverbrain_ws/install/rover_interfaces/include/rover_interfaces/rover_interfaces/msg/rosidl_generator_c__visibility_control.h
[2.631s] -- Up-to-date: /home/rover/roverbrain_ws/install/rover_interfaces/include/rover_interfaces/rover_interfaces/msg/detail
[2.632s] -- Up-to-date: /home/rover/roverbrain_ws/install/rover_interfaces/include/rover_interfaces/rover_interfaces/msg/detail/control__description.c
[2.632s] -- Up-to-date: /home/rover/roverbrain_ws/install/rover_interfaces/include/rover_interfaces/rover_interfaces/msg/detail/control__type_support.h
[2.633s] -- Up-to-date: /home/rover/roverbrain_ws/install/rover_interfaces/include/rover_interfaces/rover_interfaces/msg/detail/control__functions.c
[2.633s] -- Installing: /home/rover/roverbrain_ws/install/rover_interfaces/include/rover_interfaces/rover_interfaces/msg/detail/control__type_support.c
[2.635s] -- Up-to-date: /home/rover/roverbrain_ws/install/rover_interfaces/include/rover_interfaces/rover_interfaces/msg/detail/control__functions.h
[2.635s] -- Up-to-date: /home/rover/roverbrain_ws/install/rover_interfaces/include/rover_interfaces/rover_interfaces/msg/detail/control__struct.h
[2.636s] -- Up-to-date: /home/rover/roverbrain_ws/install/rover_interfaces/share/rover_interfaces/environment/library_path.sh
[2.636s] -- Up-to-date: /home/rover/roverbrain_ws/install/rover_interfaces/share/rover_interfaces/environment/library_path.dsv
[2.641s] -- Up-to-date: /home/rover/roverbrain_ws/install/rover_interfaces/lib/librover_interfaces__rosidl_generator_c.so
[2.642s] -- Up-to-date: /home/rover/roverbrain_ws/install/rover_interfaces/include/rover_interfaces/rover_interfaces
[2.642s] -- Up-to-date: /home/rover/roverbrain_ws/install/rover_interfaces/include/rover_interfaces/rover_interfaces/msg
[2.643s] -- Up-to-date: /home/rover/roverbrain_ws/install/rover_interfaces/include/rover_interfaces/rover_interfaces/msg/rosidl_typesupport_fastrtps_c__visibility_control.h
[2.643s] -- Up-to-date: /home/rover/roverbrain_ws/install/rover_interfaces/include/rover_interfaces/rover_interfaces/msg/detail
[2.644s] -- Up-to-date: /home/rover/roverbrain_ws/install/rover_interfaces/include/rover_interfaces/rover_interfaces/msg/detail/control__rosidl_typesupport_fastrtps_c.h
[2.647s] -- Up-to-date: /home/rover/roverbrain_ws/install/rover_interfaces/lib/librover_interfaces__rosidl_typesupport_fastrtps_c.so
[2.648s] -- Up-to-date: /home/rover/roverbrain_ws/install/rover_interfaces/include/rover_interfaces/rover_interfaces
[2.649s] -- Up-to-date: /home/rover/roverbrain_ws/install/rover_interfaces/include/rover_interfaces/rover_interfaces/msg
[2.649s] -- Up-to-date: /home/rover/roverbrain_ws/install/rover_interfaces/include/rover_interfaces/rover_interfaces/msg/detail
[2.650s] -- Up-to-date: /home/rover/roverbrain_ws/install/rover_interfaces/include/rover_interfaces/rover_interfaces/msg/detail/control__rosidl_typesupport_introspection_c.h
[2.651s] -- Installing: /home/rover/roverbrain_ws/install/rover_interfaces/include/rover_interfaces/rover_interfaces/msg/detail/control__type_support.c
[2.653s] -- Up-to-date: /home/rover/roverbrain_ws/install/rover_interfaces/include/rover_interfaces/rover_interfaces/msg/rosidl_typesupport_introspection_c__visibility_control.h
[2.656s] -- Up-to-date: /home/rover/roverbrain_ws/install/rover_interfaces/lib/librover_interfaces__rosidl_typesupport_introspection_c.so
[2.660s] -- Up-to-date: /home/rover/roverbrain_ws/install/rover_interfaces/lib/librover_interfaces__rosidl_typesupport_c.so
[2.661s] -- Up-to-date: /home/rover/roverbrain_ws/install/rover_interfaces/include/rover_interfaces/rover_interfaces
[2.662s] -- Up-to-date: /home/rover/roverbrain_ws/install/rover_interfaces/include/rover_interfaces/rover_interfaces/msg
[2.662s] -- Up-to-date: /home/rover/roverbrain_ws/install/rover_interfaces/include/rover_interfaces/rover_interfaces/msg/detail
[2.663s] -- Up-to-date: /home/rover/roverbrain_ws/install/rover_interfaces/include/rover_interfaces/rover_interfaces/msg/detail/control__type_support.hpp
[2.664s] -- Up-to-date: /home/rover/roverbrain_ws/install/rover_interfaces/include/rover_interfaces/rover_interfaces/msg/detail/control__builder.hpp
[2.664s] -- Up-to-date: /home/rover/roverbrain_ws/install/rover_interfaces/include/rover_interfaces/rover_interfaces/msg/detail/control__traits.hpp
[2.665s] -- Up-to-date: /home/rover/roverbrain_ws/install/rover_interfaces/include/rover_interfaces/rover_interfaces/msg/detail/control__struct.hpp
[2.665s] -- Up-to-date: /home/rover/roverbrain_ws/install/rover_interfaces/include/rover_interfaces/rover_interfaces/msg/rosidl_generator_cpp__visibility_control.hpp
[2.665s] -- Up-to-date: /home/rover/roverbrain_ws/install/rover_interfaces/include/rover_interfaces/rover_interfaces/msg/control.hpp
[2.666s] -- Up-to-date: /home/rover/roverbrain_ws/install/rover_interfaces/include/rover_interfaces/rover_interfaces
[2.666s] -- Up-to-date: /home/rover/roverbrain_ws/install/rover_interfaces/include/rover_interfaces/rover_interfaces/msg
[2.667s] -- Up-to-date: /home/rover/roverbrain_ws/install/rover_interfaces/include/rover_interfaces/rover_interfaces/msg/detail
[2.667s] -- Up-to-date: /home/rover/roverbrain_ws/install/rover_interfaces/include/rover_interfaces/rover_interfaces/msg/detail/dds_fastrtps
[2.668s] -- Up-to-date: /home/rover/roverbrain_ws/install/rover_interfaces/include/rover_interfaces/rover_interfaces/msg/detail/control__rosidl_typesupport_fastrtps_cpp.hpp
[2.668s] -- Up-to-date: /home/rover/roverbrain_ws/install/rover_interfaces/include/rover_interfaces/rover_interfaces/msg/rosidl_typesupport_fastrtps_cpp__visibility_control.h
[2.671s] -- Up-to-date: /home/rover/roverbrain_ws/install/rover_interfaces/lib/librover_interfaces__rosidl_typesupport_fastrtps_cpp.so
[2.672s] -- Up-to-date: /home/rover/roverbrain_ws/install/rover_interfaces/include/rover_interfaces/rover_interfaces
[2.673s] -- Up-to-date: /home/rover/roverbrain_ws/install/rover_interfaces/include/rover_interfaces/rover_interfaces/msg
[2.674s] -- Up-to-date: /home/rover/roverbrain_ws/install/rover_interfaces/include/rover_interfaces/rover_interfaces/msg/detail
[2.674s] -- Up-to-date: /home/rover/roverbrain_ws/install/rover_interfaces/include/rover_interfaces/rover_interfaces/msg/detail/control__type_support.cpp
[2.675s] -- Up-to-date: /home/rover/roverbrain_ws/install/rover_interfaces/include/rover_interfaces/rover_interfaces/msg/detail/control__rosidl_typesupport_introspection_cpp.hpp
[2.677s] -- Up-to-date: /home/rover/roverbrain_ws/install/rover_interfaces/lib/librover_interfaces__rosidl_typesupport_introspection_cpp.so
[2.681s] -- Up-to-date: /home/rover/roverbrain_ws/install/rover_interfaces/lib/librover_interfaces__rosidl_typesupport_cpp.so
[2.682s] -- Up-to-date: /home/rover/roverbrain_ws/install/rover_interfaces/share/rover_interfaces/environment/pythonpath.sh
[2.683s] -- Up-to-date: /home/rover/roverbrain_ws/install/rover_interfaces/share/rover_interfaces/environment/pythonpath.dsv
[2.684s] -- Up-to-date: /home/rover/roverbrain_ws/install/rover_interfaces/lib/python3.12/site-packages/rover_interfaces-0.0.0-py3.12.egg-info
[2.684s] -- Installing: /home/rover/roverbrain_ws/install/rover_interfaces/lib/python3.12/site-packages/rover_interfaces-0.0.0-py3.12.egg-info/dependency_links.txt
[2.685s] -- Installing: /home/rover/roverbrain_ws/install/rover_interfaces/lib/python3.12/site-packages/rover_interfaces-0.0.0-py3.12.egg-info/PKG-INFO
[2.687s] -- Installing: /home/rover/roverbrain_ws/install/rover_interfaces/lib/python3.12/site-packages/rover_interfaces-0.0.0-py3.12.egg-info/top_level.txt
[2.688s] -- Installing: /home/rover/roverbrain_ws/install/rover_interfaces/lib/python3.12/site-packages/rover_interfaces-0.0.0-py3.12.egg-info/SOURCES.txt
[2.690s] -- Up-to-date: /home/rover/roverbrain_ws/install/rover_interfaces/lib/python3.12/site-packages/rover_interfaces
[2.691s] -- Up-to-date: /home/rover/roverbrain_ws/install/rover_interfaces/lib/python3.12/site-packages/rover_interfaces/rover_interfaces_s__rosidl_typesupport_introspection_c.so
[2.692s] -- Up-to-date: /home/rover/roverbrain_ws/install/rover_interfaces/lib/python3.12/site-packages/rover_interfaces/_rover_interfaces_s.ep.rosidl_typesupport_c.c
[2.692s] -- Up-to-date: /home/rover/roverbrain_ws/install/rover_interfaces/lib/python3.12/site-packages/rover_interfaces/_rover_interfaces_s.ep.rosidl_typesupport_introspection_c.c
[2.693s] -- Up-to-date: /home/rover/roverbrain_ws/install/rover_interfaces/lib/python3.12/site-packages/rover_interfaces/__init__.py
[2.693s] -- Up-to-date: /home/rover/roverbrain_ws/install/rover_interfaces/lib/python3.12/site-packages/rover_interfaces/_rover_interfaces_s.ep.rosidl_typesupport_fastrtps_c.c
[2.694s] -- Up-to-date: /home/rover/roverbrain_ws/install/rover_interfaces/lib/python3.12/site-packages/rover_interfaces/rover_interfaces_s__rosidl_typesupport_c.so
[2.694s] -- Up-to-date: /home/rover/roverbrain_ws/install/rover_interfaces/lib/python3.12/site-packages/rover_interfaces/msg
[2.695s] -- Up-to-date: /home/rover/roverbrain_ws/install/rover_interfaces/lib/python3.12/site-packages/rover_interfaces/msg/_control_s.c
[2.695s] -- Up-to-date: /home/rover/roverbrain_ws/install/rover_interfaces/lib/python3.12/site-packages/rover_interfaces/msg/__init__.py
[2.696s] -- Up-to-date: /home/rover/roverbrain_ws/install/rover_interfaces/lib/python3.12/site-packages/rover_interfaces/msg/_control.py
[2.696s] -- Up-to-date: /home/rover/roverbrain_ws/install/rover_interfaces/lib/python3.12/site-packages/rover_interfaces/rover_interfaces_s__rosidl_typesupport_fastrtps_c.so
[2.888s] Listing '/home/rover/roverbrain_ws/install/rover_interfaces/lib/python3.12/site-packages/rover_interfaces'...
[2.889s] Listing '/home/rover/roverbrain_ws/install/rover_interfaces/lib/python3.12/site-packages/rover_interfaces/msg'...
[2.921s] -- Up-to-date: /home/rover/roverbrain_ws/install/rover_interfaces/lib/python3.12/site-packages/rover_interfaces/rover_interfaces_s__rosidl_typesupport_fastrtps_c.so
[2.925s] -- Up-to-date: /home/rover/roverbrain_ws/install/rover_interfaces/lib/python3.12/site-packages/rover_interfaces/rover_interfaces_s__rosidl_typesupport_introspection_c.so
[2.930s] -- Up-to-date: /home/rover/roverbrain_ws/install/rover_interfaces/lib/python3.12/site-packages/rover_interfaces/rover_interfaces_s__rosidl_typesupport_c.so
[2.934s] -- Up-to-date: /home/rover/roverbrain_ws/install/rover_interfaces/lib/librover_interfaces__rosidl_generator_py.so
[2.936s] -- Up-to-date: /home/rover/roverbrain_ws/install/rover_interfaces/share/rover_interfaces/msg/Control.idl
[2.937s] -- Up-to-date: /home/rover/roverbrain_ws/install/rover_interfaces/share/rover_interfaces/msg/Control.msg
[2.937s] -- Up-to-date: /home/rover/roverbrain_ws/install/rover_interfaces/share/ament_index/resource_index/package_run_dependencies/rover_interfaces
[2.938s] -- Up-to-date: /home/rover/roverbrain_ws/install/rover_interfaces/share/ament_index/resource_index/parent_prefix_path/rover_interfaces
[2.939s] -- Up-to-date: /home/rover/roverbrain_ws/install/rover_interfaces/share/rover_interfaces/environment/ament_prefix_path.sh
[2.939s] -- Up-to-date: /home/rover/roverbrain_ws/install/rover_interfaces/share/rover_interfaces/environment/ament_prefix_path.dsv
[2.940s] -- Up-to-date: /home/rover/roverbrain_ws/install/rover_interfaces/share/rover_interfaces/environment/path.sh
[2.940s] -- Up-to-date: /home/rover/roverbrain_ws/install/rover_interfaces/share/rover_interfaces/environment/path.dsv
[2.941s] -- Up-to-date: /home/rover/roverbrain_ws/install/rover_interfaces/share/rover_interfaces/local_setup.bash
[2.941s] -- Up-to-date: /home/rover/roverbrain_ws/install/rover_interfaces/share/rover_interfaces/local_setup.sh
[2.942s] -- Up-to-date: /home/rover/roverbrain_ws/install/rover_interfaces/share/rover_interfaces/local_setup.zsh
[2.942s] -- Up-to-date: /home/rover/roverbrain_ws/install/rover_interfaces/share/rover_interfaces/local_setup.dsv
[2.943s] -- Installing: /home/rover/roverbrain_ws/install/rover_interfaces/share/rover_interfaces/package.dsv
[2.945s] -- Up-to-date: /home/rover/roverbrain_ws/install/rover_interfaces/share/ament_index/resource_index/packages/rover_interfaces
[2.949s] -- Up-to-date: /home/rover/roverbrain_ws/install/rover_interfaces/share/rover_interfaces/cmake/export_rover_interfaces__rosidl_generator_cExport.cmake
[2.949s] -- Up-to-date: /home/rover/roverbrain_ws/install/rover_interfaces/share/rover_interfaces/cmake/export_rover_interfaces__rosidl_generator_cExport-noconfig.cmake
[2.952s] -- Up-to-date: /home/rover/roverbrain_ws/install/rover_interfaces/share/rover_interfaces/cmake/export_rover_interfaces__rosidl_typesupport_fastrtps_cExport.cmake
[2.952s] -- Up-to-date: /home/rover/roverbrain_ws/install/rover_interfaces/share/rover_interfaces/cmake/export_rover_interfaces__rosidl_typesupport_fastrtps_cExport-noconfig.cmake
[2.955s] -- Up-to-date: /home/rover/roverbrain_ws/install/rover_interfaces/share/rover_interfaces/cmake/rover_interfaces__rosidl_typesupport_introspection_cExport.cmake
[2.956s] -- Up-to-date: /home/rover/roverbrain_ws/install/rover_interfaces/share/rover_interfaces/cmake/rover_interfaces__rosidl_typesupport_introspection_cExport-noconfig.cmake
[2.959s] -- Up-to-date: /home/rover/roverbrain_ws/install/rover_interfaces/share/rover_interfaces/cmake/rover_interfaces__rosidl_typesupport_cExport.cmake
[2.959s] -- Up-to-date: /home/rover/roverbrain_ws/install/rover_interfaces/share/rover_interfaces/cmake/rover_interfaces__rosidl_typesupport_cExport-noconfig.cmake
[2.962s] -- Up-to-date: /home/rover/roverbrain_ws/install/rover_interfaces/share/rover_interfaces/cmake/export_rover_interfaces__rosidl_generator_cppExport.cmake
[2.965s] -- Up-to-date: /home/rover/roverbrain_ws/install/rover_interfaces/share/rover_interfaces/cmake/export_rover_interfaces__rosidl_typesupport_fastrtps_cppExport.cmake
[2.965s] -- Up-to-date: /home/rover/roverbrain_ws/install/rover_interfaces/share/rover_interfaces/cmake/export_rover_interfaces__rosidl_typesupport_fastrtps_cppExport-noconfig.cmake
[2.968s] -- Up-to-date: /home/rover/roverbrain_ws/install/rover_interfaces/share/rover_interfaces/cmake/rover_interfaces__rosidl_typesupport_introspection_cppExport.cmake
[2.969s] -- Up-to-date: /home/rover/roverbrain_ws/install/rover_interfaces/share/rover_interfaces/cmake/rover_interfaces__rosidl_typesupport_introspection_cppExport-noconfig.cmake
[2.971s] -- Up-to-date: /home/rover/roverbrain_ws/install/rover_interfaces/share/rover_interfaces/cmake/rover_interfaces__rosidl_typesupport_cppExport.cmake
[2.972s] -- Up-to-date: /home/rover/roverbrain_ws/install/rover_interfaces/share/rover_interfaces/cmake/rover_interfaces__rosidl_typesupport_cppExport-noconfig.cmake
[2.974s] -- Up-to-date: /home/rover/roverbrain_ws/install/rover_interfaces/share/rover_interfaces/cmake/export_rover_interfaces__rosidl_generator_pyExport.cmake
[2.975s] -- Up-to-date: /home/rover/roverbrain_ws/install/rover_interfaces/share/rover_interfaces/cmake/export_rover_interfaces__rosidl_generator_pyExport-noconfig.cmake
[2.975s] -- Up-to-date: /home/rover/roverbrain_ws/install/rover_interfaces/share/rover_interfaces/cmake/rosidl_cmake-extras.cmake
[2.976s] -- Up-to-date: /home/rover/roverbrain_ws/install/rover_interfaces/share/rover_interfaces/cmake/ament_cmake_export_include_directories-extras.cmake
[2.977s] -- Up-to-date: /home/rover/roverbrain_ws/install/rover_interfaces/share/rover_interfaces/cmake/ament_cmake_export_libraries-extras.cmake
[2.977s] -- Up-to-date: /home/rover/roverbrain_ws/install/rover_interfaces/share/rover_interfaces/cmake/ament_cmake_export_targets-extras.cmake
[2.978s] -- Up-to-date: /home/rover/roverbrain_ws/install/rover_interfaces/share/rover_interfaces/cmake/rosidl_cmake_export_typesupport_targets-extras.cmake
[2.978s] -- Up-to-date: /home/rover/roverbrain_ws/install/rover_interfaces/share/rover_interfaces/cmake/ament_cmake_export_dependencies-extras.cmake
[2.979s] -- Up-to-date: /home/rover/roverbrain_ws/install/rover_interfaces/share/rover_interfaces/cmake/rosidl_cmake_export_typesupport_libraries-extras.cmake
[2.980s] -- Up-to-date: /home/rover/roverbrain_ws/install/rover_interfaces/share/rover_interfaces/cmake/rover_interfacesConfig.cmake
[2.980s] -- Up-to-date: /home/rover/roverbrain_ws/install/rover_interfaces/share/rover_interfaces/cmake/rover_interfacesConfig-version.cmake
[2.981s] -- Up-to-date: /home/rover/roverbrain_ws/install/rover_interfaces/share/rover_interfaces/package.xml
[2.990s] Invoked command in '/home/rover/roverbrain_ws/build/rover_interfaces' returned '0': CMAKE_PREFIX_PATH=${CMAKE_PREFIX_PATH}:/home/rover/roverbrain_ws/install/roverbrain_pkg:/opt/ros/jazzy DEBUGINFOD_URLS=https://debuginfod.ubuntu.com /usr/bin/cmake --install /home/rover/roverbrain_ws/build/rover_interfaces
