[0.720s] DEBUG:colcon:Command line arguments: ['/usr/bin/colcon', 'build']
[0.720s] DEBUG:colcon:Parsed command line arguments: Namespace(log_base=None, log_level=None, verb_name='build', build_base='build', install_base='install', merge_install=False, symlink_install=False, test_result_base=None, continue_on_error=False, executor='parallel', parallel_workers=4, event_handlers=None, ignore_user_meta=False, metas=['./colcon.meta'], base_paths=['.'], packages_ignore=None, packages_ignore_regex=None, paths=None, packages_up_to=None, packages_up_to_regex=None, packages_above=None, packages_above_and_dependencies=None, packages_above_depth=None, packages_select_by_dep=None, packages_skip_by_dep=None, packages_skip_up_to=None, packages_select_build_failed=False, packages_skip_build_finished=False, packages_select_test_failures=False, packages_skip_test_passed=False, packages_select=None, packages_skip=None, packages_select_regex=None, packages_skip_regex=None, packages_start=None, packages_end=None, allow_overriding=[], cmake_args=None, cmake_target=None, cmake_target_skip_unavailable=False, cmake_clean_cache=False, cmake_clean_first=False, cmake_force_configure=False, ament_cmake_args=None, catkin_cmake_args=None, catkin_skip_building_tests=False, mixin_files=None, mixin=None, verb_parser=<colcon_mixin.mixin.mixin_argument.MixinArgumentDecorator object at 0xffff958dbe90>, verb_extension=<colcon_core.verb.build.BuildVerb object at 0xffff95ac03e0>, main=<bound method BuildVerb.main of <colcon_core.verb.build.BuildVerb object at 0xffff95ac03e0>>, mixin_verb=('build',))
[1.005s] Level 1:colcon.colcon_core.package_discovery:discover_packages(colcon_meta) check parameters
[1.006s] Level 1:colcon.colcon_core.package_discovery:discover_packages(recursive) check parameters
[1.006s] Level 1:colcon.colcon_core.package_discovery:discover_packages(ignore) check parameters
[1.006s] Level 1:colcon.colcon_core.package_discovery:discover_packages(path) check parameters
[1.006s] Level 1:colcon.colcon_core.package_discovery:discover_packages(colcon_meta) discover
[1.007s] Level 1:colcon.colcon_core.package_discovery:discover_packages(recursive) discover
[1.007s] INFO:colcon.colcon_core.package_discovery:Crawling recursively for packages in '/home/rover/roverbrain_ws'
[1.007s] Level 1:colcon.colcon_core.package_identification:_identify(.) by extensions ['ignore', 'ignore_ament_install']
[1.008s] Level 1:colcon.colcon_core.package_identification:_identify(.) by extension 'ignore'
[1.008s] Level 1:colcon.colcon_core.package_identification:_identify(.) by extension 'ignore_ament_install'
[1.008s] Level 1:colcon.colcon_core.package_identification:_identify(.) by extensions ['colcon_pkg']
[1.009s] Level 1:colcon.colcon_core.package_identification:_identify(.) by extension 'colcon_pkg'
[1.009s] Level 1:colcon.colcon_core.package_identification:_identify(.) by extensions ['colcon_meta']
[1.009s] Level 1:colcon.colcon_core.package_identification:_identify(.) by extension 'colcon_meta'
[1.009s] Level 1:colcon.colcon_core.package_identification:_identify(.) by extensions ['ros']
[1.009s] Level 1:colcon.colcon_core.package_identification:_identify(.) by extension 'ros'
[1.152s] Level 1:colcon.colcon_core.package_identification:_identify(.) by extensions ['cmake', 'python']
[1.152s] Level 1:colcon.colcon_core.package_identification:_identify(.) by extension 'cmake'
[1.152s] Level 1:colcon.colcon_core.package_identification:_identify(.) by extension 'python'
[1.152s] Level 1:colcon.colcon_core.package_identification:_identify(.) by extensions ['python_setup_py']
[1.152s] Level 1:colcon.colcon_core.package_identification:_identify(.) by extension 'python_setup_py'
[1.153s] Level 1:colcon.colcon_core.package_identification:_identify(build) by extensions ['ignore', 'ignore_ament_install']
[1.153s] Level 1:colcon.colcon_core.package_identification:_identify(build) by extension 'ignore'
[1.153s] Level 1:colcon.colcon_core.package_identification:_identify(build) ignored
[1.154s] Level 1:colcon.colcon_core.package_identification:_identify(install) by extensions ['ignore', 'ignore_ament_install']
[1.154s] Level 1:colcon.colcon_core.package_identification:_identify(install) by extension 'ignore'
[1.154s] Level 1:colcon.colcon_core.package_identification:_identify(install) ignored
[1.155s] Level 1:colcon.colcon_core.package_identification:_identify(log) by extensions ['ignore', 'ignore_ament_install']
[1.156s] Level 1:colcon.colcon_core.package_identification:_identify(log) by extension 'ignore'
[1.156s] Level 1:colcon.colcon_core.package_identification:_identify(log) ignored
[1.156s] Level 1:colcon.colcon_core.package_identification:_identify(src) by extensions ['ignore', 'ignore_ament_install']
[1.156s] Level 1:colcon.colcon_core.package_identification:_identify(src) by extension 'ignore'
[1.157s] Level 1:colcon.colcon_core.package_identification:_identify(src) by extension 'ignore_ament_install'
[1.157s] Level 1:colcon.colcon_core.package_identification:_identify(src) by extensions ['colcon_pkg']
[1.157s] Level 1:colcon.colcon_core.package_identification:_identify(src) by extension 'colcon_pkg'
[1.157s] Level 1:colcon.colcon_core.package_identification:_identify(src) by extensions ['colcon_meta']
[1.157s] Level 1:colcon.colcon_core.package_identification:_identify(src) by extension 'colcon_meta'
[1.157s] Level 1:colcon.colcon_core.package_identification:_identify(src) by extensions ['ros']
[1.157s] Level 1:colcon.colcon_core.package_identification:_identify(src) by extension 'ros'
[1.158s] Level 1:colcon.colcon_core.package_identification:_identify(src) by extensions ['cmake', 'python']
[1.158s] Level 1:colcon.colcon_core.package_identification:_identify(src) by extension 'cmake'
[1.158s] Level 1:colcon.colcon_core.package_identification:_identify(src) by extension 'python'
[1.158s] Level 1:colcon.colcon_core.package_identification:_identify(src) by extensions ['python_setup_py']
[1.158s] Level 1:colcon.colcon_core.package_identification:_identify(src) by extension 'python_setup_py'
[1.160s] Level 1:colcon.colcon_core.package_identification:_identify(src/rover_interfaces) by extensions ['ignore', 'ignore_ament_install']
[1.160s] Level 1:colcon.colcon_core.package_identification:_identify(src/rover_interfaces) by extension 'ignore'
[1.160s] Level 1:colcon.colcon_core.package_identification:_identify(src/rover_interfaces) by extension 'ignore_ament_install'
[1.160s] Level 1:colcon.colcon_core.package_identification:_identify(src/rover_interfaces) by extensions ['colcon_pkg']
[1.160s] Level 1:colcon.colcon_core.package_identification:_identify(src/rover_interfaces) by extension 'colcon_pkg'
[1.161s] Level 1:colcon.colcon_core.package_identification:_identify(src/rover_interfaces) by extensions ['colcon_meta']
[1.161s] Level 1:colcon.colcon_core.package_identification:_identify(src/rover_interfaces) by extension 'colcon_meta'
[1.161s] Level 1:colcon.colcon_core.package_identification:_identify(src/rover_interfaces) by extensions ['ros']
[1.161s] Level 1:colcon.colcon_core.package_identification:_identify(src/rover_interfaces) by extension 'ros'
[1.174s] DEBUG:colcon.colcon_core.package_identification:Package 'src/rover_interfaces' with type 'ros.ament_cmake' and name 'rover_interfaces'
[1.174s] Level 1:colcon.colcon_core.package_identification:_identify(src/roverbrain_pkg) by extensions ['ignore', 'ignore_ament_install']
[1.175s] Level 1:colcon.colcon_core.package_identification:_identify(src/roverbrain_pkg) by extension 'ignore'
[1.175s] Level 1:colcon.colcon_core.package_identification:_identify(src/roverbrain_pkg) by extension 'ignore_ament_install'
[1.175s] Level 1:colcon.colcon_core.package_identification:_identify(src/roverbrain_pkg) by extensions ['colcon_pkg']
[1.175s] Level 1:colcon.colcon_core.package_identification:_identify(src/roverbrain_pkg) by extension 'colcon_pkg'
[1.176s] Level 1:colcon.colcon_core.package_identification:_identify(src/roverbrain_pkg) by extensions ['colcon_meta']
[1.176s] Level 1:colcon.colcon_core.package_identification:_identify(src/roverbrain_pkg) by extension 'colcon_meta'
[1.176s] Level 1:colcon.colcon_core.package_identification:_identify(src/roverbrain_pkg) by extensions ['ros']
[1.176s] Level 1:colcon.colcon_core.package_identification:_identify(src/roverbrain_pkg) by extension 'ros'
[1.179s] DEBUG:colcon.colcon_core.package_identification:Package 'src/roverbrain_pkg' with type 'ros.ament_python' and name 'roverbrain_pkg'
[1.179s] Level 1:colcon.colcon_core.package_discovery:discover_packages(recursive) using defaults
[1.180s] Level 1:colcon.colcon_core.package_discovery:discover_packages(ignore) discover
[1.180s] Level 1:colcon.colcon_core.package_discovery:discover_packages(ignore) using defaults
[1.180s] Level 1:colcon.colcon_core.package_discovery:discover_packages(path) discover
[1.180s] Level 1:colcon.colcon_core.package_discovery:discover_packages(path) using defaults
[1.286s] Level 1:colcon.colcon_core.package_discovery:discover_packages(prefix_path) check parameters
[1.286s] Level 1:colcon.colcon_core.package_discovery:discover_packages(prefix_path) discover
[1.301s] DEBUG:colcon.colcon_installed_package_information.package_discovery:Found 2 installed packages in /home/rover/roverbrain_ws/install
[1.313s] DEBUG:colcon.colcon_installed_package_information.package_discovery:Found 285 installed packages in /opt/ros/jazzy
[1.321s] Level 1:colcon.colcon_core.package_discovery:discover_packages(prefix_path) using defaults
[1.522s] Level 5:colcon.colcon_core.verb:set package 'rover_interfaces' build argument 'cmake_args' from command line to 'None'
[1.522s] Level 5:colcon.colcon_core.verb:set package 'rover_interfaces' build argument 'cmake_target' from command line to 'None'
[1.522s] Level 5:colcon.colcon_core.verb:set package 'rover_interfaces' build argument 'cmake_target_skip_unavailable' from command line to 'False'
[1.522s] Level 5:colcon.colcon_core.verb:set package 'rover_interfaces' build argument 'cmake_clean_cache' from command line to 'False'
[1.522s] Level 5:colcon.colcon_core.verb:set package 'rover_interfaces' build argument 'cmake_clean_first' from command line to 'False'
[1.522s] Level 5:colcon.colcon_core.verb:set package 'rover_interfaces' build argument 'cmake_force_configure' from command line to 'False'
[1.522s] Level 5:colcon.colcon_core.verb:set package 'rover_interfaces' build argument 'ament_cmake_args' from command line to 'None'
[1.522s] Level 5:colcon.colcon_core.verb:set package 'rover_interfaces' build argument 'catkin_cmake_args' from command line to 'None'
[1.522s] Level 5:colcon.colcon_core.verb:set package 'rover_interfaces' build argument 'catkin_skip_building_tests' from command line to 'False'
[1.523s] DEBUG:colcon.colcon_core.verb:Building package 'rover_interfaces' with the following arguments: {'ament_cmake_args': None, 'build_base': '/home/rover/roverbrain_ws/build/rover_interfaces', 'catkin_cmake_args': None, 'catkin_skip_building_tests': False, 'cmake_args': None, 'cmake_clean_cache': False, 'cmake_clean_first': False, 'cmake_force_configure': False, 'cmake_target': None, 'cmake_target_skip_unavailable': False, 'install_base': '/home/rover/roverbrain_ws/install/rover_interfaces', 'merge_install': False, 'path': '/home/rover/roverbrain_ws/src/rover_interfaces', 'symlink_install': False, 'test_result_base': None}
[1.524s] Level 5:colcon.colcon_core.verb:set package 'roverbrain_pkg' build argument 'cmake_args' from command line to 'None'
[1.524s] Level 5:colcon.colcon_core.verb:set package 'roverbrain_pkg' build argument 'cmake_target' from command line to 'None'
[1.524s] Level 5:colcon.colcon_core.verb:set package 'roverbrain_pkg' build argument 'cmake_target_skip_unavailable' from command line to 'False'
[1.524s] Level 5:colcon.colcon_core.verb:set package 'roverbrain_pkg' build argument 'cmake_clean_cache' from command line to 'False'
[1.524s] Level 5:colcon.colcon_core.verb:set package 'roverbrain_pkg' build argument 'cmake_clean_first' from command line to 'False'
[1.524s] Level 5:colcon.colcon_core.verb:set package 'roverbrain_pkg' build argument 'cmake_force_configure' from command line to 'False'
[1.525s] Level 5:colcon.colcon_core.verb:set package 'roverbrain_pkg' build argument 'ament_cmake_args' from command line to 'None'
[1.525s] Level 5:colcon.colcon_core.verb:set package 'roverbrain_pkg' build argument 'catkin_cmake_args' from command line to 'None'
[1.525s] Level 5:colcon.colcon_core.verb:set package 'roverbrain_pkg' build argument 'catkin_skip_building_tests' from command line to 'False'
[1.525s] DEBUG:colcon.colcon_core.verb:Building package 'roverbrain_pkg' with the following arguments: {'ament_cmake_args': None, 'build_base': '/home/rover/roverbrain_ws/build/roverbrain_pkg', 'catkin_cmake_args': None, 'catkin_skip_building_tests': False, 'cmake_args': None, 'cmake_clean_cache': False, 'cmake_clean_first': False, 'cmake_force_configure': False, 'cmake_target': None, 'cmake_target_skip_unavailable': False, 'install_base': '/home/rover/roverbrain_ws/install/roverbrain_pkg', 'merge_install': False, 'path': '/home/rover/roverbrain_ws/src/roverbrain_pkg', 'symlink_install': False, 'test_result_base': None}
[1.525s] INFO:colcon.colcon_core.executor:Executing jobs using 'parallel' executor
[1.528s] DEBUG:colcon.colcon_parallel_executor.executor.parallel:run_until_complete
[1.529s] INFO:colcon.colcon_ros.task.ament_cmake.build:Building ROS package in '/home/rover/roverbrain_ws/src/rover_interfaces' with build type 'ament_cmake'
[1.530s] INFO:colcon.colcon_cmake.task.cmake.build:Building CMake package in '/home/rover/roverbrain_ws/src/rover_interfaces'
[1.548s] INFO:colcon.colcon_core.plugin_system:Skipping extension 'colcon_core.shell.bat': Not used on non-Windows systems
[1.549s] INFO:colcon.colcon_core.shell:Skip shell extension 'powershell' for command environment: Not usable outside of PowerShell
[1.549s] DEBUG:colcon.colcon_core.shell:Skip shell extension 'dsv' for command environment
[1.594s] DEBUG:colcon.colcon_core.event_handler.log_command:Invoking command in '/home/rover/roverbrain_ws/build/rover_interfaces': CMAKE_PREFIX_PATH=${CMAKE_PREFIX_PATH}:/home/rover/roverbrain_ws/install/roverbrain_pkg:/opt/ros/jazzy DEBUGINFOD_URLS=https://debuginfod.ubuntu.com /usr/bin/cmake --build /home/rover/roverbrain_ws/build/rover_interfaces -- -j4 -l4
[4.077s] DEBUG:colcon.colcon_core.event_handler.log_command:Invoked command in '/home/rover/roverbrain_ws/build/rover_interfaces' returned '0': CMAKE_PREFIX_PATH=${CMAKE_PREFIX_PATH}:/home/rover/roverbrain_ws/install/roverbrain_pkg:/opt/ros/jazzy DEBUGINFOD_URLS=https://debuginfod.ubuntu.com /usr/bin/cmake --build /home/rover/roverbrain_ws/build/rover_interfaces -- -j4 -l4
[4.136s] DEBUG:colcon.colcon_core.event_handler.log_command:Invoking command in '/home/rover/roverbrain_ws/build/rover_interfaces': CMAKE_PREFIX_PATH=${CMAKE_PREFIX_PATH}:/home/rover/roverbrain_ws/install/roverbrain_pkg:/opt/ros/jazzy DEBUGINFOD_URLS=https://debuginfod.ubuntu.com /usr/bin/cmake --install /home/rover/roverbrain_ws/build/rover_interfaces
[4.495s] Level 1:colcon.colcon_core.environment:create_environment_scripts_only(rover_interfaces)
[4.497s] DEBUG:colcon.colcon_core.event_handler.log_command:Invoked command in '/home/rover/roverbrain_ws/build/rover_interfaces' returned '0': CMAKE_PREFIX_PATH=${CMAKE_PREFIX_PATH}:/home/rover/roverbrain_ws/install/roverbrain_pkg:/opt/ros/jazzy DEBUGINFOD_URLS=https://debuginfod.ubuntu.com /usr/bin/cmake --install /home/rover/roverbrain_ws/build/rover_interfaces
[4.520s] Level 1:colcon.colcon_core.environment:checking '/home/rover/roverbrain_ws/install/rover_interfaces' for CMake module files
[4.526s] Level 1:colcon.colcon_core.environment:checking '/home/rover/roverbrain_ws/install/rover_interfaces' for CMake config files
[4.531s] Level 1:colcon.colcon_core.shell:create_environment_hook('rover_interfaces', 'cmake_prefix_path')
[4.532s] INFO:colcon.colcon_core.shell:Creating environment hook '/home/rover/roverbrain_ws/install/rover_interfaces/share/rover_interfaces/hook/cmake_prefix_path.ps1'
[4.535s] INFO:colcon.colcon_core.shell:Creating environment descriptor '/home/rover/roverbrain_ws/install/rover_interfaces/share/rover_interfaces/hook/cmake_prefix_path.dsv'
[4.538s] INFO:colcon.colcon_core.shell:Creating environment hook '/home/rover/roverbrain_ws/install/rover_interfaces/share/rover_interfaces/hook/cmake_prefix_path.sh'
[4.542s] Level 1:colcon.colcon_core.environment:checking '/home/rover/roverbrain_ws/install/rover_interfaces/lib'
[4.543s] Level 1:colcon.colcon_core.shell:create_environment_hook('rover_interfaces', 'ld_library_path_lib')
[4.544s] INFO:colcon.colcon_core.shell:Creating environment hook '/home/rover/roverbrain_ws/install/rover_interfaces/share/rover_interfaces/hook/ld_library_path_lib.ps1'
[4.546s] INFO:colcon.colcon_core.shell:Creating environment descriptor '/home/rover/roverbrain_ws/install/rover_interfaces/share/rover_interfaces/hook/ld_library_path_lib.dsv'
[4.548s] INFO:colcon.colcon_core.shell:Creating environment hook '/home/rover/roverbrain_ws/install/rover_interfaces/share/rover_interfaces/hook/ld_library_path_lib.sh'
[4.550s] Level 1:colcon.colcon_core.environment:checking '/home/rover/roverbrain_ws/install/rover_interfaces/bin'
[4.550s] Level 1:colcon.colcon_core.environment:checking '/home/rover/roverbrain_ws/install/rover_interfaces/lib/pkgconfig/rover_interfaces.pc'
[4.551s] Level 1:colcon.colcon_core.environment:checking '/home/rover/roverbrain_ws/install/rover_interfaces/lib/python3.12/site-packages'
[4.552s] Level 1:colcon.colcon_core.shell:create_environment_hook('rover_interfaces', 'pythonpath')
[4.552s] INFO:colcon.colcon_core.shell:Creating environment hook '/home/rover/roverbrain_ws/install/rover_interfaces/share/rover_interfaces/hook/pythonpath.ps1'
[4.554s] INFO:colcon.colcon_core.shell:Creating environment descriptor '/home/rover/roverbrain_ws/install/rover_interfaces/share/rover_interfaces/hook/pythonpath.dsv'
[4.556s] INFO:colcon.colcon_core.shell:Creating environment hook '/home/rover/roverbrain_ws/install/rover_interfaces/share/rover_interfaces/hook/pythonpath.sh'
[4.558s] Level 1:colcon.colcon_core.environment:checking '/home/rover/roverbrain_ws/install/rover_interfaces/bin'
[4.559s] INFO:colcon.colcon_core.shell:Creating package script '/home/rover/roverbrain_ws/install/rover_interfaces/share/rover_interfaces/package.ps1'
[4.563s] INFO:colcon.colcon_core.shell:Creating package descriptor '/home/rover/roverbrain_ws/install/rover_interfaces/share/rover_interfaces/package.dsv'
[4.566s] INFO:colcon.colcon_core.shell:Creating package script '/home/rover/roverbrain_ws/install/rover_interfaces/share/rover_interfaces/package.sh'
[4.571s] INFO:colcon.colcon_core.shell:Creating package script '/home/rover/roverbrain_ws/install/rover_interfaces/share/rover_interfaces/package.bash'
[4.575s] INFO:colcon.colcon_core.shell:Creating package script '/home/rover/roverbrain_ws/install/rover_interfaces/share/rover_interfaces/package.zsh'
[4.580s] Level 1:colcon.colcon_core.environment:create_file_with_runtime_dependencies(/home/rover/roverbrain_ws/install/rover_interfaces/share/colcon-core/packages/rover_interfaces)
[4.583s] Level 1:colcon.colcon_core.environment:create_environment_scripts_only(rover_interfaces)
[4.584s] Level 1:colcon.colcon_core.environment:checking '/home/rover/roverbrain_ws/install/rover_interfaces' for CMake module files
[4.589s] Level 1:colcon.colcon_core.environment:checking '/home/rover/roverbrain_ws/install/rover_interfaces' for CMake config files
[4.593s] Level 1:colcon.colcon_core.shell:create_environment_hook('rover_interfaces', 'cmake_prefix_path')
[4.594s] INFO:colcon.colcon_core.shell:Creating environment hook '/home/rover/roverbrain_ws/install/rover_interfaces/share/rover_interfaces/hook/cmake_prefix_path.ps1'
[4.595s] INFO:colcon.colcon_core.shell:Creating environment descriptor '/home/rover/roverbrain_ws/install/rover_interfaces/share/rover_interfaces/hook/cmake_prefix_path.dsv'
[4.597s] INFO:colcon.colcon_core.shell:Creating environment hook '/home/rover/roverbrain_ws/install/rover_interfaces/share/rover_interfaces/hook/cmake_prefix_path.sh'
[4.603s] Level 1:colcon.colcon_core.environment:checking '/home/rover/roverbrain_ws/install/rover_interfaces/lib'
[4.604s] Level 1:colcon.colcon_core.shell:create_environment_hook('rover_interfaces', 'ld_library_path_lib')
[4.605s] INFO:colcon.colcon_core.shell:Creating environment hook '/home/rover/roverbrain_ws/install/rover_interfaces/share/rover_interfaces/hook/ld_library_path_lib.ps1'
[4.607s] INFO:colcon.colcon_core.shell:Creating environment descriptor '/home/rover/roverbrain_ws/install/rover_interfaces/share/rover_interfaces/hook/ld_library_path_lib.dsv'
[4.608s] INFO:colcon.colcon_core.shell:Creating environment hook '/home/rover/roverbrain_ws/install/rover_interfaces/share/rover_interfaces/hook/ld_library_path_lib.sh'
[4.610s] Level 1:colcon.colcon_core.environment:checking '/home/rover/roverbrain_ws/install/rover_interfaces/bin'
[4.611s] Level 1:colcon.colcon_core.environment:checking '/home/rover/roverbrain_ws/install/rover_interfaces/lib/pkgconfig/rover_interfaces.pc'
[4.612s] Level 1:colcon.colcon_core.environment:checking '/home/rover/roverbrain_ws/install/rover_interfaces/lib/python3.12/site-packages'
[4.612s] Level 1:colcon.colcon_core.shell:create_environment_hook('rover_interfaces', 'pythonpath')
[4.613s] INFO:colcon.colcon_core.shell:Creating environment hook '/home/rover/roverbrain_ws/install/rover_interfaces/share/rover_interfaces/hook/pythonpath.ps1'
[4.615s] INFO:colcon.colcon_core.shell:Creating environment descriptor '/home/rover/roverbrain_ws/install/rover_interfaces/share/rover_interfaces/hook/pythonpath.dsv'
[4.617s] INFO:colcon.colcon_core.shell:Creating environment hook '/home/rover/roverbrain_ws/install/rover_interfaces/share/rover_interfaces/hook/pythonpath.sh'
[4.619s] Level 1:colcon.colcon_core.environment:checking '/home/rover/roverbrain_ws/install/rover_interfaces/bin'
[4.620s] INFO:colcon.colcon_core.shell:Creating package script '/home/rover/roverbrain_ws/install/rover_interfaces/share/rover_interfaces/package.ps1'
[4.622s] INFO:colcon.colcon_core.shell:Creating package descriptor '/home/rover/roverbrain_ws/install/rover_interfaces/share/rover_interfaces/package.dsv'
[4.625s] INFO:colcon.colcon_core.shell:Creating package script '/home/rover/roverbrain_ws/install/rover_interfaces/share/rover_interfaces/package.sh'
[4.627s] INFO:colcon.colcon_core.shell:Creating package script '/home/rover/roverbrain_ws/install/rover_interfaces/share/rover_interfaces/package.bash'
[4.629s] INFO:colcon.colcon_core.shell:Creating package script '/home/rover/roverbrain_ws/install/rover_interfaces/share/rover_interfaces/package.zsh'
[4.630s] Level 1:colcon.colcon_core.environment:create_file_with_runtime_dependencies(/home/rover/roverbrain_ws/install/rover_interfaces/share/colcon-core/packages/rover_interfaces)
[4.632s] INFO:colcon.colcon_ros.task.ament_python.build:Building ROS package in '/home/rover/roverbrain_ws/src/roverbrain_pkg' with build type 'ament_python'
[4.633s] Level 1:colcon.colcon_core.shell:create_environment_hook('roverbrain_pkg', 'ament_prefix_path')
[4.634s] INFO:colcon.colcon_core.shell:Creating environment hook '/home/rover/roverbrain_ws/install/roverbrain_pkg/share/roverbrain_pkg/hook/ament_prefix_path.ps1'
[4.637s] INFO:colcon.colcon_core.shell:Creating environment descriptor '/home/rover/roverbrain_ws/install/roverbrain_pkg/share/roverbrain_pkg/hook/ament_prefix_path.dsv'
[4.638s] INFO:colcon.colcon_core.shell:Creating environment hook '/home/rover/roverbrain_ws/install/roverbrain_pkg/share/roverbrain_pkg/hook/ament_prefix_path.sh'
[4.641s] INFO:colcon.colcon_core.shell:Skip shell extension 'powershell' for command environment: Not usable outside of PowerShell
[4.641s] DEBUG:colcon.colcon_core.shell:Skip shell extension 'dsv' for command environment
[5.626s] INFO:colcon.colcon_core.task.python.build:Building Python package in '/home/rover/roverbrain_ws/src/roverbrain_pkg'
[5.627s] INFO:colcon.colcon_core.shell:Skip shell extension 'powershell' for command environment: Not usable outside of PowerShell
[5.627s] DEBUG:colcon.colcon_core.shell:Skip shell extension 'dsv' for command environment
[9.007s] DEBUG:colcon.colcon_core.event_handler.log_command:Invoking command in '/home/rover/roverbrain_ws/src/roverbrain_pkg': DEBUGINFOD_URLS=https://debuginfod.ubuntu.com PYTHONPATH=/home/rover/roverbrain_ws/build/roverbrain_pkg/prefix_override:/usr/lib/python3/dist-packages/colcon_core/task/python/colcon_distutils_commands:/home/rover/roverbrain_ws/install/roverbrain_pkg/lib/python3.12/site-packages:/home/rover/roverbrain_ws/install/rover_interfaces/lib/python3.12/site-packages:/home/rover/roverbrain_ws/install/roverbrain_pkg/lib/python3.12/site-packages:/opt/ros/jazzy/lib/python3.12/site-packages /usr/bin/python3 -W ignore:setup.py install is deprecated -W ignore:easy_install command is deprecated setup.py egg_info --egg-base ../../build/roverbrain_pkg build --build-base /home/rover/roverbrain_ws/build/roverbrain_pkg/build install --record /home/rover/roverbrain_ws/build/roverbrain_pkg/install.log --single-version-externally-managed install_data
[11.434s] Level 1:colcon.colcon_core.environment:checking '/home/rover/roverbrain_ws/install/roverbrain_pkg' for CMake module files
[11.435s] DEBUG:colcon.colcon_core.event_handler.log_command:Invoked command in '/home/rover/roverbrain_ws/src/roverbrain_pkg' returned '0': DEBUGINFOD_URLS=https://debuginfod.ubuntu.com PYTHONPATH=/home/rover/roverbrain_ws/build/roverbrain_pkg/prefix_override:/usr/lib/python3/dist-packages/colcon_core/task/python/colcon_distutils_commands:/home/rover/roverbrain_ws/install/roverbrain_pkg/lib/python3.12/site-packages:/home/rover/roverbrain_ws/install/rover_interfaces/lib/python3.12/site-packages:/home/rover/roverbrain_ws/install/roverbrain_pkg/lib/python3.12/site-packages:/opt/ros/jazzy/lib/python3.12/site-packages /usr/bin/python3 -W ignore:setup.py install is deprecated -W ignore:easy_install command is deprecated setup.py egg_info --egg-base ../../build/roverbrain_pkg build --build-base /home/rover/roverbrain_ws/build/roverbrain_pkg/build install --record /home/rover/roverbrain_ws/build/roverbrain_pkg/install.log --single-version-externally-managed install_data
[11.438s] Level 1:colcon.colcon_core.environment:checking '/home/rover/roverbrain_ws/install/roverbrain_pkg' for CMake config files
[11.442s] Level 1:colcon.colcon_core.environment:checking '/home/rover/roverbrain_ws/install/roverbrain_pkg/lib'
[11.442s] Level 1:colcon.colcon_core.environment:checking '/home/rover/roverbrain_ws/install/roverbrain_pkg/bin'
[11.442s] Level 1:colcon.colcon_core.environment:checking '/home/rover/roverbrain_ws/install/roverbrain_pkg/lib/pkgconfig/roverbrain_pkg.pc'
[11.443s] Level 1:colcon.colcon_core.environment:checking '/home/rover/roverbrain_ws/install/roverbrain_pkg/lib/python3.12/site-packages'
[11.444s] Level 1:colcon.colcon_core.shell:create_environment_hook('roverbrain_pkg', 'pythonpath')
[11.444s] INFO:colcon.colcon_core.shell:Creating environment hook '/home/rover/roverbrain_ws/install/roverbrain_pkg/share/roverbrain_pkg/hook/pythonpath.ps1'
[11.447s] INFO:colcon.colcon_core.shell:Creating environment descriptor '/home/rover/roverbrain_ws/install/roverbrain_pkg/share/roverbrain_pkg/hook/pythonpath.dsv'
[11.448s] INFO:colcon.colcon_core.shell:Creating environment hook '/home/rover/roverbrain_ws/install/roverbrain_pkg/share/roverbrain_pkg/hook/pythonpath.sh'
[11.451s] Level 1:colcon.colcon_core.environment:checking '/home/rover/roverbrain_ws/install/roverbrain_pkg/bin'
[11.451s] Level 1:colcon.colcon_core.environment:create_environment_scripts_only(roverbrain_pkg)
[11.452s] INFO:colcon.colcon_core.shell:Creating package script '/home/rover/roverbrain_ws/install/roverbrain_pkg/share/roverbrain_pkg/package.ps1'
[11.454s] INFO:colcon.colcon_core.shell:Creating package descriptor '/home/rover/roverbrain_ws/install/roverbrain_pkg/share/roverbrain_pkg/package.dsv'
[11.456s] INFO:colcon.colcon_core.shell:Creating package script '/home/rover/roverbrain_ws/install/roverbrain_pkg/share/roverbrain_pkg/package.sh'
[11.457s] INFO:colcon.colcon_core.shell:Creating package script '/home/rover/roverbrain_ws/install/roverbrain_pkg/share/roverbrain_pkg/package.bash'
[11.459s] INFO:colcon.colcon_core.shell:Creating package script '/home/rover/roverbrain_ws/install/roverbrain_pkg/share/roverbrain_pkg/package.zsh'
[11.460s] Level 1:colcon.colcon_core.environment:create_file_with_runtime_dependencies(/home/rover/roverbrain_ws/install/roverbrain_pkg/share/colcon-core/packages/roverbrain_pkg)
[11.462s] DEBUG:colcon.colcon_parallel_executor.executor.parallel:closing loop
[11.464s] DEBUG:colcon.colcon_parallel_executor.executor.parallel:loop closed
[11.464s] DEBUG:colcon.colcon_parallel_executor.executor.parallel:run_until_complete finished with '0'
[11.464s] DEBUG:colcon.colcon_core.event_reactor:joining thread
[11.492s] INFO:colcon.colcon_core.plugin_system:Skipping extension 'colcon_notification.desktop_notification.terminal_notifier': Not used on non-Darwin systems
[11.492s] INFO:colcon.colcon_core.plugin_system:Skipping extension 'colcon_notification.desktop_notification.win32': Not used on non-Windows systems
[11.492s] INFO:colcon.colcon_notification.desktop_notification:Sending desktop notification using 'notify2'
[11.498s] DEBUG:colcon.colcon_notification.desktop_notification.notify2:Failed to initialize notify2: org.freedesktop.DBus.Error.ServiceUnknown: The name org.freedesktop.Notifications was not provided by any .service files
[11.498s] DEBUG:colcon.colcon_core.event_reactor:joined thread
[11.499s] INFO:colcon.colcon_core.shell:Creating prefix script '/home/rover/roverbrain_ws/install/local_setup.ps1'
[11.503s] INFO:colcon.colcon_core.shell:Creating prefix util module '/home/rover/roverbrain_ws/install/_local_setup_util_ps1.py'
[11.509s] INFO:colcon.colcon_core.shell:Creating prefix chain script '/home/rover/roverbrain_ws/install/setup.ps1'
[11.514s] INFO:colcon.colcon_core.shell:Creating prefix script '/home/rover/roverbrain_ws/install/local_setup.sh'
[11.518s] INFO:colcon.colcon_core.shell:Creating prefix util module '/home/rover/roverbrain_ws/install/_local_setup_util_sh.py'
[11.520s] INFO:colcon.colcon_core.shell:Creating prefix chain script '/home/rover/roverbrain_ws/install/setup.sh'
[11.525s] INFO:colcon.colcon_core.shell:Creating prefix script '/home/rover/roverbrain_ws/install/local_setup.bash'
[11.528s] INFO:colcon.colcon_core.shell:Creating prefix chain script '/home/rover/roverbrain_ws/install/setup.bash'
[11.533s] INFO:colcon.colcon_core.shell:Creating prefix script '/home/rover/roverbrain_ws/install/local_setup.zsh'
[11.536s] INFO:colcon.colcon_core.shell:Creating prefix chain script '/home/rover/roverbrain_ws/install/setup.zsh'
