[1.125s] DEBUG:colcon:Command line arguments: ['/usr/bin/colcon', 'build']
[1.126s] DEBUG:colcon:Parsed command line arguments: Namespace(log_base=None, log_level=None, verb_name='build', build_base='build', install_base='install', merge_install=False, symlink_install=False, test_result_base=None, continue_on_error=False, executor='parallel', parallel_workers=4, event_handlers=None, ignore_user_meta=False, metas=['./colcon.meta'], base_paths=['.'], packages_ignore=None, packages_ignore_regex=None, paths=None, packages_up_to=None, packages_up_to_regex=None, packages_above=None, packages_above_and_dependencies=None, packages_above_depth=None, packages_select_by_dep=None, packages_skip_by_dep=None, packages_skip_up_to=None, packages_select_build_failed=False, packages_skip_build_finished=False, packages_select_test_failures=False, packages_skip_test_passed=False, packages_select=None, packages_skip=None, packages_select_regex=None, packages_skip_regex=None, packages_start=None, packages_end=None, allow_overriding=[], cmake_args=None, cmake_target=None, cmake_target_skip_unavailable=False, cmake_clean_cache=False, cmake_clean_first=False, cmake_force_configure=False, ament_cmake_args=None, catkin_cmake_args=None, catkin_skip_building_tests=False, mixin_files=None, mixin=None, verb_parser=<colcon_mixin.mixin.mixin_argument.MixinArgumentDecorator object at 0xffff8d9fbbf0>, verb_extension=<colcon_core.verb.build.BuildVerb object at 0xffff8dbe0080>, main=<bound method BuildVerb.main of <colcon_core.verb.build.BuildVerb object at 0xffff8dbe0080>>, mixin_verb=('build',))
[1.412s] Level 1:colcon.colcon_core.package_discovery:discover_packages(colcon_meta) check parameters
[1.412s] Level 1:colcon.colcon_core.package_discovery:discover_packages(recursive) check parameters
[1.412s] Level 1:colcon.colcon_core.package_discovery:discover_packages(ignore) check parameters
[1.413s] Level 1:colcon.colcon_core.package_discovery:discover_packages(path) check parameters
[1.413s] Level 1:colcon.colcon_core.package_discovery:discover_packages(colcon_meta) discover
[1.413s] Level 1:colcon.colcon_core.package_discovery:discover_packages(recursive) discover
[1.413s] INFO:colcon.colcon_core.package_discovery:Crawling recursively for packages in '/home/rover/roverbrain_ws'
[1.414s] Level 1:colcon.colcon_core.package_identification:_identify(.) by extensions ['ignore', 'ignore_ament_install']
[1.414s] Level 1:colcon.colcon_core.package_identification:_identify(.) by extension 'ignore'
[1.414s] Level 1:colcon.colcon_core.package_identification:_identify(.) by extension 'ignore_ament_install'
[1.415s] Level 1:colcon.colcon_core.package_identification:_identify(.) by extensions ['colcon_pkg']
[1.415s] Level 1:colcon.colcon_core.package_identification:_identify(.) by extension 'colcon_pkg'
[1.415s] Level 1:colcon.colcon_core.package_identification:_identify(.) by extensions ['colcon_meta']
[1.415s] Level 1:colcon.colcon_core.package_identification:_identify(.) by extension 'colcon_meta'
[1.415s] Level 1:colcon.colcon_core.package_identification:_identify(.) by extensions ['ros']
[1.415s] Level 1:colcon.colcon_core.package_identification:_identify(.) by extension 'ros'
[1.560s] Level 1:colcon.colcon_core.package_identification:_identify(.) by extensions ['cmake', 'python']
[1.560s] Level 1:colcon.colcon_core.package_identification:_identify(.) by extension 'cmake'
[1.560s] Level 1:colcon.colcon_core.package_identification:_identify(.) by extension 'python'
[1.560s] Level 1:colcon.colcon_core.package_identification:_identify(.) by extensions ['python_setup_py']
[1.561s] Level 1:colcon.colcon_core.package_identification:_identify(.) by extension 'python_setup_py'
[1.561s] Level 1:colcon.colcon_core.package_identification:_identify(build) by extensions ['ignore', 'ignore_ament_install']
[1.561s] Level 1:colcon.colcon_core.package_identification:_identify(build) by extension 'ignore'
[1.562s] Level 1:colcon.colcon_core.package_identification:_identify(build) ignored
[1.562s] Level 1:colcon.colcon_core.package_identification:_identify(install) by extensions ['ignore', 'ignore_ament_install']
[1.562s] Level 1:colcon.colcon_core.package_identification:_identify(install) by extension 'ignore'
[1.563s] Level 1:colcon.colcon_core.package_identification:_identify(install) ignored
[1.563s] Level 1:colcon.colcon_core.package_identification:_identify(log) by extensions ['ignore', 'ignore_ament_install']
[1.563s] Level 1:colcon.colcon_core.package_identification:_identify(log) by extension 'ignore'
[1.564s] Level 1:colcon.colcon_core.package_identification:_identify(log) ignored
[1.564s] Level 1:colcon.colcon_core.package_identification:_identify(src) by extensions ['ignore', 'ignore_ament_install']
[1.564s] Level 1:colcon.colcon_core.package_identification:_identify(src) by extension 'ignore'
[1.564s] Level 1:colcon.colcon_core.package_identification:_identify(src) by extension 'ignore_ament_install'
[1.565s] Level 1:colcon.colcon_core.package_identification:_identify(src) by extensions ['colcon_pkg']
[1.565s] Level 1:colcon.colcon_core.package_identification:_identify(src) by extension 'colcon_pkg'
[1.565s] Level 1:colcon.colcon_core.package_identification:_identify(src) by extensions ['colcon_meta']
[1.565s] Level 1:colcon.colcon_core.package_identification:_identify(src) by extension 'colcon_meta'
[1.565s] Level 1:colcon.colcon_core.package_identification:_identify(src) by extensions ['ros']
[1.565s] Level 1:colcon.colcon_core.package_identification:_identify(src) by extension 'ros'
[1.566s] Level 1:colcon.colcon_core.package_identification:_identify(src) by extensions ['cmake', 'python']
[1.566s] Level 1:colcon.colcon_core.package_identification:_identify(src) by extension 'cmake'
[1.566s] Level 1:colcon.colcon_core.package_identification:_identify(src) by extension 'python'
[1.566s] Level 1:colcon.colcon_core.package_identification:_identify(src) by extensions ['python_setup_py']
[1.566s] Level 1:colcon.colcon_core.package_identification:_identify(src) by extension 'python_setup_py'
[1.567s] Level 1:colcon.colcon_core.package_identification:_identify(src/rover_interfaces) by extensions ['ignore', 'ignore_ament_install']
[1.568s] Level 1:colcon.colcon_core.package_identification:_identify(src/rover_interfaces) by extension 'ignore'
[1.568s] Level 1:colcon.colcon_core.package_identification:_identify(src/rover_interfaces) by extension 'ignore_ament_install'
[1.568s] Level 1:colcon.colcon_core.package_identification:_identify(src/rover_interfaces) by extensions ['colcon_pkg']
[1.568s] Level 1:colcon.colcon_core.package_identification:_identify(src/rover_interfaces) by extension 'colcon_pkg'
[1.569s] Level 1:colcon.colcon_core.package_identification:_identify(src/rover_interfaces) by extensions ['colcon_meta']
[1.569s] Level 1:colcon.colcon_core.package_identification:_identify(src/rover_interfaces) by extension 'colcon_meta'
[1.569s] Level 1:colcon.colcon_core.package_identification:_identify(src/rover_interfaces) by extensions ['ros']
[1.569s] Level 1:colcon.colcon_core.package_identification:_identify(src/rover_interfaces) by extension 'ros'
[1.582s] DEBUG:colcon.colcon_core.package_identification:Package 'src/rover_interfaces' with type 'ros.ament_cmake' and name 'rover_interfaces'
[1.582s] Level 1:colcon.colcon_core.package_identification:_identify(src/roverbrain_pkg) by extensions ['ignore', 'ignore_ament_install']
[1.583s] Level 1:colcon.colcon_core.package_identification:_identify(src/roverbrain_pkg) by extension 'ignore'
[1.583s] Level 1:colcon.colcon_core.package_identification:_identify(src/roverbrain_pkg) by extension 'ignore_ament_install'
[1.583s] Level 1:colcon.colcon_core.package_identification:_identify(src/roverbrain_pkg) by extensions ['colcon_pkg']
[1.583s] Level 1:colcon.colcon_core.package_identification:_identify(src/roverbrain_pkg) by extension 'colcon_pkg'
[1.584s] Level 1:colcon.colcon_core.package_identification:_identify(src/roverbrain_pkg) by extensions ['colcon_meta']
[1.584s] Level 1:colcon.colcon_core.package_identification:_identify(src/roverbrain_pkg) by extension 'colcon_meta'
[1.584s] Level 1:colcon.colcon_core.package_identification:_identify(src/roverbrain_pkg) by extensions ['ros']
[1.584s] Level 1:colcon.colcon_core.package_identification:_identify(src/roverbrain_pkg) by extension 'ros'
[1.587s] DEBUG:colcon.colcon_core.package_identification:Package 'src/roverbrain_pkg' with type 'ros.ament_python' and name 'roverbrain_pkg'
[1.587s] Level 1:colcon.colcon_core.package_discovery:discover_packages(recursive) using defaults
[1.588s] Level 1:colcon.colcon_core.package_discovery:discover_packages(ignore) discover
[1.588s] Level 1:colcon.colcon_core.package_discovery:discover_packages(ignore) using defaults
[1.588s] Level 1:colcon.colcon_core.package_discovery:discover_packages(path) discover
[1.588s] Level 1:colcon.colcon_core.package_discovery:discover_packages(path) using defaults
[1.691s] Level 1:colcon.colcon_core.package_discovery:discover_packages(prefix_path) check parameters
[1.691s] Level 1:colcon.colcon_core.package_discovery:discover_packages(prefix_path) discover
[1.706s] DEBUG:colcon.colcon_installed_package_information.package_discovery:Found 2 installed packages in /home/rover/roverbrain_ws/install
[1.718s] DEBUG:colcon.colcon_installed_package_information.package_discovery:Found 285 installed packages in /opt/ros/jazzy
[1.726s] Level 1:colcon.colcon_core.package_discovery:discover_packages(prefix_path) using defaults
[1.929s] Level 5:colcon.colcon_core.verb:set package 'rover_interfaces' build argument 'cmake_args' from command line to 'None'
[1.930s] Level 5:colcon.colcon_core.verb:set package 'rover_interfaces' build argument 'cmake_target' from command line to 'None'
[1.930s] Level 5:colcon.colcon_core.verb:set package 'rover_interfaces' build argument 'cmake_target_skip_unavailable' from command line to 'False'
[1.930s] Level 5:colcon.colcon_core.verb:set package 'rover_interfaces' build argument 'cmake_clean_cache' from command line to 'False'
[1.930s] Level 5:colcon.colcon_core.verb:set package 'rover_interfaces' build argument 'cmake_clean_first' from command line to 'False'
[1.930s] Level 5:colcon.colcon_core.verb:set package 'rover_interfaces' build argument 'cmake_force_configure' from command line to 'False'
[1.930s] Level 5:colcon.colcon_core.verb:set package 'rover_interfaces' build argument 'ament_cmake_args' from command line to 'None'
[1.930s] Level 5:colcon.colcon_core.verb:set package 'rover_interfaces' build argument 'catkin_cmake_args' from command line to 'None'
[1.930s] Level 5:colcon.colcon_core.verb:set package 'rover_interfaces' build argument 'catkin_skip_building_tests' from command line to 'False'
[1.930s] DEBUG:colcon.colcon_core.verb:Building package 'rover_interfaces' with the following arguments: {'ament_cmake_args': None, 'build_base': '/home/rover/roverbrain_ws/build/rover_interfaces', 'catkin_cmake_args': None, 'catkin_skip_building_tests': False, 'cmake_args': None, 'cmake_clean_cache': False, 'cmake_clean_first': False, 'cmake_force_configure': False, 'cmake_target': None, 'cmake_target_skip_unavailable': False, 'install_base': '/home/rover/roverbrain_ws/install/rover_interfaces', 'merge_install': False, 'path': '/home/rover/roverbrain_ws/src/rover_interfaces', 'symlink_install': False, 'test_result_base': None}
[1.932s] Level 5:colcon.colcon_core.verb:set package 'roverbrain_pkg' build argument 'cmake_args' from command line to 'None'
[1.932s] Level 5:colcon.colcon_core.verb:set package 'roverbrain_pkg' build argument 'cmake_target' from command line to 'None'
[1.932s] Level 5:colcon.colcon_core.verb:set package 'roverbrain_pkg' build argument 'cmake_target_skip_unavailable' from command line to 'False'
[1.932s] Level 5:colcon.colcon_core.verb:set package 'roverbrain_pkg' build argument 'cmake_clean_cache' from command line to 'False'
[1.932s] Level 5:colcon.colcon_core.verb:set package 'roverbrain_pkg' build argument 'cmake_clean_first' from command line to 'False'
[1.932s] Level 5:colcon.colcon_core.verb:set package 'roverbrain_pkg' build argument 'cmake_force_configure' from command line to 'False'
[1.932s] Level 5:colcon.colcon_core.verb:set package 'roverbrain_pkg' build argument 'ament_cmake_args' from command line to 'None'
[1.932s] Level 5:colcon.colcon_core.verb:set package 'roverbrain_pkg' build argument 'catkin_cmake_args' from command line to 'None'
[1.933s] Level 5:colcon.colcon_core.verb:set package 'roverbrain_pkg' build argument 'catkin_skip_building_tests' from command line to 'False'
[1.933s] DEBUG:colcon.colcon_core.verb:Building package 'roverbrain_pkg' with the following arguments: {'ament_cmake_args': None, 'build_base': '/home/rover/roverbrain_ws/build/roverbrain_pkg', 'catkin_cmake_args': None, 'catkin_skip_building_tests': False, 'cmake_args': None, 'cmake_clean_cache': False, 'cmake_clean_first': False, 'cmake_force_configure': False, 'cmake_target': None, 'cmake_target_skip_unavailable': False, 'install_base': '/home/rover/roverbrain_ws/install/roverbrain_pkg', 'merge_install': False, 'path': '/home/rover/roverbrain_ws/src/roverbrain_pkg', 'symlink_install': False, 'test_result_base': None}
[1.933s] INFO:colcon.colcon_core.executor:Executing jobs using 'parallel' executor
[1.936s] DEBUG:colcon.colcon_parallel_executor.executor.parallel:run_until_complete
[1.937s] INFO:colcon.colcon_ros.task.ament_cmake.build:Building ROS package in '/home/rover/roverbrain_ws/src/rover_interfaces' with build type 'ament_cmake'
[1.938s] INFO:colcon.colcon_cmake.task.cmake.build:Building CMake package in '/home/rover/roverbrain_ws/src/rover_interfaces'
[1.956s] INFO:colcon.colcon_core.plugin_system:Skipping extension 'colcon_core.shell.bat': Not used on non-Windows systems
[1.957s] INFO:colcon.colcon_core.shell:Skip shell extension 'powershell' for command environment: Not usable outside of PowerShell
[1.957s] DEBUG:colcon.colcon_core.shell:Skip shell extension 'dsv' for command environment
[2.003s] DEBUG:colcon.colcon_core.event_handler.log_command:Invoking command in '/home/rover/roverbrain_ws/build/rover_interfaces': CMAKE_PREFIX_PATH=${CMAKE_PREFIX_PATH}:/home/rover/roverbrain_ws/install/roverbrain_pkg:/opt/ros/jazzy DEBUGINFOD_URLS=https://debuginfod.ubuntu.com /usr/bin/cmake --build /home/rover/roverbrain_ws/build/rover_interfaces -- -j4 -l4
[4.475s] DEBUG:colcon.colcon_core.event_handler.log_command:Invoked command in '/home/rover/roverbrain_ws/build/rover_interfaces' returned '0': CMAKE_PREFIX_PATH=${CMAKE_PREFIX_PATH}:/home/rover/roverbrain_ws/install/roverbrain_pkg:/opt/ros/jazzy DEBUGINFOD_URLS=https://debuginfod.ubuntu.com /usr/bin/cmake --build /home/rover/roverbrain_ws/build/rover_interfaces -- -j4 -l4
[4.533s] DEBUG:colcon.colcon_core.event_handler.log_command:Invoking command in '/home/rover/roverbrain_ws/build/rover_interfaces': CMAKE_PREFIX_PATH=${CMAKE_PREFIX_PATH}:/home/rover/roverbrain_ws/install/roverbrain_pkg:/opt/ros/jazzy DEBUGINFOD_URLS=https://debuginfod.ubuntu.com /usr/bin/cmake --install /home/rover/roverbrain_ws/build/rover_interfaces
[4.912s] Level 1:colcon.colcon_core.environment:create_environment_scripts_only(rover_interfaces)
[4.914s] DEBUG:colcon.colcon_core.event_handler.log_command:Invoked command in '/home/rover/roverbrain_ws/build/rover_interfaces' returned '0': CMAKE_PREFIX_PATH=${CMAKE_PREFIX_PATH}:/home/rover/roverbrain_ws/install/roverbrain_pkg:/opt/ros/jazzy DEBUGINFOD_URLS=https://debuginfod.ubuntu.com /usr/bin/cmake --install /home/rover/roverbrain_ws/build/rover_interfaces
[4.937s] Level 1:colcon.colcon_core.environment:checking '/home/rover/roverbrain_ws/install/rover_interfaces' for CMake module files
[4.943s] Level 1:colcon.colcon_core.environment:checking '/home/rover/roverbrain_ws/install/rover_interfaces' for CMake config files
[4.949s] Level 1:colcon.colcon_core.shell:create_environment_hook('rover_interfaces', 'cmake_prefix_path')
[4.949s] INFO:colcon.colcon_core.shell:Creating environment hook '/home/rover/roverbrain_ws/install/rover_interfaces/share/rover_interfaces/hook/cmake_prefix_path.ps1'
[4.953s] INFO:colcon.colcon_core.shell:Creating environment descriptor '/home/rover/roverbrain_ws/install/rover_interfaces/share/rover_interfaces/hook/cmake_prefix_path.dsv'
[4.956s] INFO:colcon.colcon_core.shell:Creating environment hook '/home/rover/roverbrain_ws/install/rover_interfaces/share/rover_interfaces/hook/cmake_prefix_path.sh'
[4.960s] Level 1:colcon.colcon_core.environment:checking '/home/rover/roverbrain_ws/install/rover_interfaces/lib'
[4.960s] Level 1:colcon.colcon_core.shell:create_environment_hook('rover_interfaces', 'ld_library_path_lib')
[4.961s] INFO:colcon.colcon_core.shell:Creating environment hook '/home/rover/roverbrain_ws/install/rover_interfaces/share/rover_interfaces/hook/ld_library_path_lib.ps1'
[4.963s] INFO:colcon.colcon_core.shell:Creating environment descriptor '/home/rover/roverbrain_ws/install/rover_interfaces/share/rover_interfaces/hook/ld_library_path_lib.dsv'
[4.965s] INFO:colcon.colcon_core.shell:Creating environment hook '/home/rover/roverbrain_ws/install/rover_interfaces/share/rover_interfaces/hook/ld_library_path_lib.sh'
[4.967s] Level 1:colcon.colcon_core.environment:checking '/home/rover/roverbrain_ws/install/rover_interfaces/bin'
[4.967s] Level 1:colcon.colcon_core.environment:checking '/home/rover/roverbrain_ws/install/rover_interfaces/lib/pkgconfig/rover_interfaces.pc'
[4.968s] Level 1:colcon.colcon_core.environment:checking '/home/rover/roverbrain_ws/install/rover_interfaces/lib/python3.12/site-packages'
[4.969s] Level 1:colcon.colcon_core.shell:create_environment_hook('rover_interfaces', 'pythonpath')
[4.969s] INFO:colcon.colcon_core.shell:Creating environment hook '/home/rover/roverbrain_ws/install/rover_interfaces/share/rover_interfaces/hook/pythonpath.ps1'
[4.971s] INFO:colcon.colcon_core.shell:Creating environment descriptor '/home/rover/roverbrain_ws/install/rover_interfaces/share/rover_interfaces/hook/pythonpath.dsv'
[4.973s] INFO:colcon.colcon_core.shell:Creating environment hook '/home/rover/roverbrain_ws/install/rover_interfaces/share/rover_interfaces/hook/pythonpath.sh'
[4.975s] Level 1:colcon.colcon_core.environment:checking '/home/rover/roverbrain_ws/install/rover_interfaces/bin'
[4.976s] INFO:colcon.colcon_core.shell:Creating package script '/home/rover/roverbrain_ws/install/rover_interfaces/share/rover_interfaces/package.ps1'
[4.980s] INFO:colcon.colcon_core.shell:Creating package descriptor '/home/rover/roverbrain_ws/install/rover_interfaces/share/rover_interfaces/package.dsv'
[4.984s] INFO:colcon.colcon_core.shell:Creating package script '/home/rover/roverbrain_ws/install/rover_interfaces/share/rover_interfaces/package.sh'
[4.988s] INFO:colcon.colcon_core.shell:Creating package script '/home/rover/roverbrain_ws/install/rover_interfaces/share/rover_interfaces/package.bash'
[4.992s] INFO:colcon.colcon_core.shell:Creating package script '/home/rover/roverbrain_ws/install/rover_interfaces/share/rover_interfaces/package.zsh'
[4.996s] Level 1:colcon.colcon_core.environment:create_file_with_runtime_dependencies(/home/rover/roverbrain_ws/install/rover_interfaces/share/colcon-core/packages/rover_interfaces)
[5.000s] Level 1:colcon.colcon_core.environment:create_environment_scripts_only(rover_interfaces)
[5.001s] Level 1:colcon.colcon_core.environment:checking '/home/rover/roverbrain_ws/install/rover_interfaces' for CMake module files
[5.006s] Level 1:colcon.colcon_core.environment:checking '/home/rover/roverbrain_ws/install/rover_interfaces' for CMake config files
[5.010s] Level 1:colcon.colcon_core.shell:create_environment_hook('rover_interfaces', 'cmake_prefix_path')
[5.011s] INFO:colcon.colcon_core.shell:Creating environment hook '/home/rover/roverbrain_ws/install/rover_interfaces/share/rover_interfaces/hook/cmake_prefix_path.ps1'
[5.013s] INFO:colcon.colcon_core.shell:Creating environment descriptor '/home/rover/roverbrain_ws/install/rover_interfaces/share/rover_interfaces/hook/cmake_prefix_path.dsv'
[5.014s] INFO:colcon.colcon_core.shell:Creating environment hook '/home/rover/roverbrain_ws/install/rover_interfaces/share/rover_interfaces/hook/cmake_prefix_path.sh'
[5.016s] Level 1:colcon.colcon_core.environment:checking '/home/rover/roverbrain_ws/install/rover_interfaces/lib'
[5.017s] Level 1:colcon.colcon_core.shell:create_environment_hook('rover_interfaces', 'ld_library_path_lib')
[5.018s] INFO:colcon.colcon_core.shell:Creating environment hook '/home/rover/roverbrain_ws/install/rover_interfaces/share/rover_interfaces/hook/ld_library_path_lib.ps1'
[5.020s] INFO:colcon.colcon_core.shell:Creating environment descriptor '/home/rover/roverbrain_ws/install/rover_interfaces/share/rover_interfaces/hook/ld_library_path_lib.dsv'
[5.022s] INFO:colcon.colcon_core.shell:Creating environment hook '/home/rover/roverbrain_ws/install/rover_interfaces/share/rover_interfaces/hook/ld_library_path_lib.sh'
[5.023s] Level 1:colcon.colcon_core.environment:checking '/home/rover/roverbrain_ws/install/rover_interfaces/bin'
[5.024s] Level 1:colcon.colcon_core.environment:checking '/home/rover/roverbrain_ws/install/rover_interfaces/lib/pkgconfig/rover_interfaces.pc'
[5.025s] Level 1:colcon.colcon_core.environment:checking '/home/rover/roverbrain_ws/install/rover_interfaces/lib/python3.12/site-packages'
[5.025s] Level 1:colcon.colcon_core.shell:create_environment_hook('rover_interfaces', 'pythonpath')
[5.026s] INFO:colcon.colcon_core.shell:Creating environment hook '/home/rover/roverbrain_ws/install/rover_interfaces/share/rover_interfaces/hook/pythonpath.ps1'
[5.028s] INFO:colcon.colcon_core.shell:Creating environment descriptor '/home/rover/roverbrain_ws/install/rover_interfaces/share/rover_interfaces/hook/pythonpath.dsv'
[5.029s] INFO:colcon.colcon_core.shell:Creating environment hook '/home/rover/roverbrain_ws/install/rover_interfaces/share/rover_interfaces/hook/pythonpath.sh'
[5.034s] Level 1:colcon.colcon_core.environment:checking '/home/rover/roverbrain_ws/install/rover_interfaces/bin'
[5.035s] INFO:colcon.colcon_core.shell:Creating package script '/home/rover/roverbrain_ws/install/rover_interfaces/share/rover_interfaces/package.ps1'
[5.038s] INFO:colcon.colcon_core.shell:Creating package descriptor '/home/rover/roverbrain_ws/install/rover_interfaces/share/rover_interfaces/package.dsv'
[5.041s] INFO:colcon.colcon_core.shell:Creating package script '/home/rover/roverbrain_ws/install/rover_interfaces/share/rover_interfaces/package.sh'
[5.043s] INFO:colcon.colcon_core.shell:Creating package script '/home/rover/roverbrain_ws/install/rover_interfaces/share/rover_interfaces/package.bash'
[5.047s] INFO:colcon.colcon_core.shell:Creating package script '/home/rover/roverbrain_ws/install/rover_interfaces/share/rover_interfaces/package.zsh'
[5.050s] Level 1:colcon.colcon_core.environment:create_file_with_runtime_dependencies(/home/rover/roverbrain_ws/install/rover_interfaces/share/colcon-core/packages/rover_interfaces)
[5.052s] INFO:colcon.colcon_ros.task.ament_python.build:Building ROS package in '/home/rover/roverbrain_ws/src/roverbrain_pkg' with build type 'ament_python'
[5.053s] Level 1:colcon.colcon_core.shell:create_environment_hook('roverbrain_pkg', 'ament_prefix_path')
[5.054s] INFO:colcon.colcon_core.shell:Creating environment hook '/home/rover/roverbrain_ws/install/roverbrain_pkg/share/roverbrain_pkg/hook/ament_prefix_path.ps1'
[5.057s] INFO:colcon.colcon_core.shell:Creating environment descriptor '/home/rover/roverbrain_ws/install/roverbrain_pkg/share/roverbrain_pkg/hook/ament_prefix_path.dsv'
[5.059s] INFO:colcon.colcon_core.shell:Creating environment hook '/home/rover/roverbrain_ws/install/roverbrain_pkg/share/roverbrain_pkg/hook/ament_prefix_path.sh'
[5.062s] INFO:colcon.colcon_core.shell:Skip shell extension 'powershell' for command environment: Not usable outside of PowerShell
[5.062s] DEBUG:colcon.colcon_core.shell:Skip shell extension 'dsv' for command environment
[6.047s] INFO:colcon.colcon_core.task.python.build:Building Python package in '/home/rover/roverbrain_ws/src/roverbrain_pkg'
[6.048s] INFO:colcon.colcon_core.shell:Skip shell extension 'powershell' for command environment: Not usable outside of PowerShell
[6.048s] DEBUG:colcon.colcon_core.shell:Skip shell extension 'dsv' for command environment
[9.386s] DEBUG:colcon.colcon_core.event_handler.log_command:Invoking command in '/home/rover/roverbrain_ws/src/roverbrain_pkg': DEBUGINFOD_URLS=https://debuginfod.ubuntu.com PYTHONPATH=/home/rover/roverbrain_ws/build/roverbrain_pkg/prefix_override:/usr/lib/python3/dist-packages/colcon_core/task/python/colcon_distutils_commands:/home/rover/roverbrain_ws/install/roverbrain_pkg/lib/python3.12/site-packages:/home/rover/roverbrain_ws/install/rover_interfaces/lib/python3.12/site-packages:/home/rover/roverbrain_ws/install/roverbrain_pkg/lib/python3.12/site-packages:/opt/ros/jazzy/lib/python3.12/site-packages /usr/bin/python3 -W ignore:setup.py install is deprecated -W ignore:easy_install command is deprecated setup.py egg_info --egg-base ../../build/roverbrain_pkg build --build-base /home/rover/roverbrain_ws/build/roverbrain_pkg/build install --record /home/rover/roverbrain_ws/build/roverbrain_pkg/install.log --single-version-externally-managed install_data
[11.835s] Level 1:colcon.colcon_core.environment:checking '/home/rover/roverbrain_ws/install/roverbrain_pkg' for CMake module files
[11.837s] DEBUG:colcon.colcon_core.event_handler.log_command:Invoked command in '/home/rover/roverbrain_ws/src/roverbrain_pkg' returned '0': DEBUGINFOD_URLS=https://debuginfod.ubuntu.com PYTHONPATH=/home/rover/roverbrain_ws/build/roverbrain_pkg/prefix_override:/usr/lib/python3/dist-packages/colcon_core/task/python/colcon_distutils_commands:/home/rover/roverbrain_ws/install/roverbrain_pkg/lib/python3.12/site-packages:/home/rover/roverbrain_ws/install/rover_interfaces/lib/python3.12/site-packages:/home/rover/roverbrain_ws/install/roverbrain_pkg/lib/python3.12/site-packages:/opt/ros/jazzy/lib/python3.12/site-packages /usr/bin/python3 -W ignore:setup.py install is deprecated -W ignore:easy_install command is deprecated setup.py egg_info --egg-base ../../build/roverbrain_pkg build --build-base /home/rover/roverbrain_ws/build/roverbrain_pkg/build install --record /home/rover/roverbrain_ws/build/roverbrain_pkg/install.log --single-version-externally-managed install_data
[11.839s] Level 1:colcon.colcon_core.environment:checking '/home/rover/roverbrain_ws/install/roverbrain_pkg' for CMake config files
[11.842s] Level 1:colcon.colcon_core.environment:checking '/home/rover/roverbrain_ws/install/roverbrain_pkg/lib'
[11.842s] Level 1:colcon.colcon_core.environment:checking '/home/rover/roverbrain_ws/install/roverbrain_pkg/bin'
[11.843s] Level 1:colcon.colcon_core.environment:checking '/home/rover/roverbrain_ws/install/roverbrain_pkg/lib/pkgconfig/roverbrain_pkg.pc'
[11.844s] Level 1:colcon.colcon_core.environment:checking '/home/rover/roverbrain_ws/install/roverbrain_pkg/lib/python3.12/site-packages'
[11.844s] Level 1:colcon.colcon_core.shell:create_environment_hook('roverbrain_pkg', 'pythonpath')
[11.845s] INFO:colcon.colcon_core.shell:Creating environment hook '/home/rover/roverbrain_ws/install/roverbrain_pkg/share/roverbrain_pkg/hook/pythonpath.ps1'
[11.847s] INFO:colcon.colcon_core.shell:Creating environment descriptor '/home/rover/roverbrain_ws/install/roverbrain_pkg/share/roverbrain_pkg/hook/pythonpath.dsv'
[11.848s] INFO:colcon.colcon_core.shell:Creating environment hook '/home/rover/roverbrain_ws/install/roverbrain_pkg/share/roverbrain_pkg/hook/pythonpath.sh'
[11.851s] Level 1:colcon.colcon_core.environment:checking '/home/rover/roverbrain_ws/install/roverbrain_pkg/bin'
[11.851s] Level 1:colcon.colcon_core.environment:create_environment_scripts_only(roverbrain_pkg)
[11.852s] INFO:colcon.colcon_core.shell:Creating package script '/home/rover/roverbrain_ws/install/roverbrain_pkg/share/roverbrain_pkg/package.ps1'
[11.855s] INFO:colcon.colcon_core.shell:Creating package descriptor '/home/rover/roverbrain_ws/install/roverbrain_pkg/share/roverbrain_pkg/package.dsv'
[11.857s] INFO:colcon.colcon_core.shell:Creating package script '/home/rover/roverbrain_ws/install/roverbrain_pkg/share/roverbrain_pkg/package.sh'
[11.858s] INFO:colcon.colcon_core.shell:Creating package script '/home/rover/roverbrain_ws/install/roverbrain_pkg/share/roverbrain_pkg/package.bash'
[11.860s] INFO:colcon.colcon_core.shell:Creating package script '/home/rover/roverbrain_ws/install/roverbrain_pkg/share/roverbrain_pkg/package.zsh'
[11.861s] Level 1:colcon.colcon_core.environment:create_file_with_runtime_dependencies(/home/rover/roverbrain_ws/install/roverbrain_pkg/share/colcon-core/packages/roverbrain_pkg)
[11.862s] DEBUG:colcon.colcon_parallel_executor.executor.parallel:closing loop
[11.864s] DEBUG:colcon.colcon_parallel_executor.executor.parallel:loop closed
[11.864s] DEBUG:colcon.colcon_parallel_executor.executor.parallel:run_until_complete finished with '0'
[11.865s] DEBUG:colcon.colcon_core.event_reactor:joining thread
[11.891s] INFO:colcon.colcon_core.plugin_system:Skipping extension 'colcon_notification.desktop_notification.terminal_notifier': Not used on non-Darwin systems
[11.891s] INFO:colcon.colcon_core.plugin_system:Skipping extension 'colcon_notification.desktop_notification.win32': Not used on non-Windows systems
[11.891s] INFO:colcon.colcon_notification.desktop_notification:Sending desktop notification using 'notify2'
[11.897s] DEBUG:colcon.colcon_notification.desktop_notification.notify2:Failed to initialize notify2: org.freedesktop.DBus.Error.ServiceUnknown: The name org.freedesktop.Notifications was not provided by any .service files
[11.897s] DEBUG:colcon.colcon_core.event_reactor:joined thread
[11.898s] INFO:colcon.colcon_core.shell:Creating prefix script '/home/rover/roverbrain_ws/install/local_setup.ps1'
[11.902s] INFO:colcon.colcon_core.shell:Creating prefix util module '/home/rover/roverbrain_ws/install/_local_setup_util_ps1.py'
[11.909s] INFO:colcon.colcon_core.shell:Creating prefix chain script '/home/rover/roverbrain_ws/install/setup.ps1'
[11.914s] INFO:colcon.colcon_core.shell:Creating prefix script '/home/rover/roverbrain_ws/install/local_setup.sh'
[11.918s] INFO:colcon.colcon_core.shell:Creating prefix util module '/home/rover/roverbrain_ws/install/_local_setup_util_sh.py'
[11.921s] INFO:colcon.colcon_core.shell:Creating prefix chain script '/home/rover/roverbrain_ws/install/setup.sh'
[11.926s] INFO:colcon.colcon_core.shell:Creating prefix script '/home/rover/roverbrain_ws/install/local_setup.bash'
[11.929s] INFO:colcon.colcon_core.shell:Creating prefix chain script '/home/rover/roverbrain_ws/install/setup.bash'
[11.934s] INFO:colcon.colcon_core.shell:Creating prefix script '/home/rover/roverbrain_ws/install/local_setup.zsh'
[11.940s] INFO:colcon.colcon_core.shell:Creating prefix chain script '/home/rover/roverbrain_ws/install/setup.zsh'
