[0.054s] Invoking command in '/home/rover/roverbrain_ws/build/rover_interfaces': CMAKE_PREFIX_PATH=${CMAKE_PREFIX_PATH}:/home/rover/roverbrain_ws/install/roverbrain_pkg:/opt/ros/jazzy DEBUGINFOD_URLS=https://debuginfod.ubuntu.com /usr/bin/cmake --build /home/rover/roverbrain_ws/build/rover_interfaces -- -j4 -l4
[0.318s] [  2%] Built target rover_interfaces__rosidl_generator_type_description
[0.372s] [  2%] Built target ament_cmake_python_copy_rover_interfaces
[0.433s] [  5%] Built target rover_interfaces__cpp
[0.439s] [ 20%] Built target rover_interfaces__rosidl_generator_c
[0.568s] [ 29%] Built target rover_interfaces__rosidl_typesupport_introspection_c
[0.571s] [ 38%] Built target rover_interfaces__rosidl_typesupport_cpp
[0.574s] [ 47%] Built target rover_interfaces__rosidl_typesupport_c
[0.712s] [ 64%] Built target rover_interfaces__rosidl_typesupport_fastrtps_c
[0.713s] [ 64%] Built target rover_interfaces__rosidl_typesupport_fastrtps_cpp
[0.719s] [ 73%] Built target rover_interfaces__rosidl_typesupport_introspection_cpp
[0.835s] [ 73%] Built target rover_interfaces
[0.949s] [ 76%] Built target rover_interfaces__py
[1.072s] [ 82%] Built target rover_interfaces__rosidl_generator_py
[1.209s] [ 94%] Built target rover_interfaces_s__rosidl_typesupport_fastrtps_c
[1.213s] [ 94%] Built target rover_interfaces_s__rosidl_typesupport_introspection_c
[1.214s] [100%] Built target rover_interfaces_s__rosidl_typesupport_c
[1.516s] running egg_info
[1.603s] writing rover_interfaces.egg-info/PKG-INFO
[1.604s] writing dependency_links to rover_interfaces.egg-info/dependency_links.txt
[1.605s] writing top-level names to rover_interfaces.egg-info/top_level.txt
[1.858s] reading manifest file 'rover_interfaces.egg-info/SOURCES.txt'
[1.861s] writing manifest file 'rover_interfaces.egg-info/SOURCES.txt'
[2.009s] [100%] Built target ament_cmake_python_build_rover_interfaces_egg
[2.066s] Invoked command in '/home/rover/roverbrain_ws/build/rover_interfaces' returned '0': CMAKE_PREFIX_PATH=${CMAKE_PREFIX_PATH}:/home/rover/roverbrain_ws/install/roverbrain_pkg:/opt/ros/jazzy DEBUGINFOD_URLS=https://debuginfod.ubuntu.com /usr/bin/cmake --build /home/rover/roverbrain_ws/build/rover_interfaces -- -j4 -l4
[2.116s] Invoking command in '/home/rover/roverbrain_ws/build/rover_interfaces': CMAKE_PREFIX_PATH=${CMAKE_PREFIX_PATH}:/home/rover/roverbrain_ws/install/roverbrain_pkg:/opt/ros/jazzy DEBUGINFOD_URLS=https://debuginfod.ubuntu.com /usr/bin/cmake --install /home/rover/roverbrain_ws/build/rover_interfaces
[2.159s] -- Install configuration: ""
[2.160s] -- Up-to-date: /home/rover/roverbrain_ws/install/rover_interfaces/share/ament_index/resource_index/rosidl_interfaces/rover_interfaces
[2.160s] -- Up-to-date: /home/rover/roverbrain_ws/install/rover_interfaces/share/rover_interfaces/msg/Control.json
[2.161s] -- Up-to-date: /home/rover/roverbrain_ws/install/rover_interfaces/include/rover_interfaces/rover_interfaces
[2.161s] -- Up-to-date: /home/rover/roverbrain_ws/install/rover_interfaces/include/rover_interfaces/rover_interfaces/msg
[2.162s] -- Up-to-date: /home/rover/roverbrain_ws/install/rover_interfaces/include/rover_interfaces/rover_interfaces/msg/control.h
[2.162s] -- Up-to-date: /home/rover/roverbrain_ws/install/rover_interfaces/include/rover_interfaces/rover_interfaces/msg/rosidl_generator_c__visibility_control.h
[2.162s] -- Up-to-date: /home/rover/roverbrain_ws/install/rover_interfaces/include/rover_interfaces/rover_interfaces/msg/detail
[2.163s] -- Up-to-date: /home/rover/roverbrain_ws/install/rover_interfaces/include/rover_interfaces/rover_interfaces/msg/detail/control__description.c
[2.163s] -- Up-to-date: /home/rover/roverbrain_ws/install/rover_interfaces/include/rover_interfaces/rover_interfaces/msg/detail/control__type_support.h
[2.164s] -- Up-to-date: /home/rover/roverbrain_ws/install/rover_interfaces/include/rover_interfaces/rover_interfaces/msg/detail/control__functions.c
[2.164s] -- Installing: /home/rover/roverbrain_ws/install/rover_interfaces/include/rover_interfaces/rover_interfaces/msg/detail/control__type_support.c
[2.165s] -- Up-to-date: /home/rover/roverbrain_ws/install/rover_interfaces/include/rover_interfaces/rover_interfaces/msg/detail/control__functions.h
[2.165s] -- Up-to-date: /home/rover/roverbrain_ws/install/rover_interfaces/include/rover_interfaces/rover_interfaces/msg/detail/control__struct.h
[2.166s] -- Up-to-date: /home/rover/roverbrain_ws/install/rover_interfaces/share/rover_interfaces/environment/library_path.sh
[2.166s] -- Up-to-date: /home/rover/roverbrain_ws/install/rover_interfaces/share/rover_interfaces/environment/library_path.dsv
[2.167s] -- Up-to-date: /home/rover/roverbrain_ws/install/rover_interfaces/lib/librover_interfaces__rosidl_generator_c.so
[2.168s] -- Up-to-date: /home/rover/roverbrain_ws/install/rover_interfaces/include/rover_interfaces/rover_interfaces
[2.168s] -- Up-to-date: /home/rover/roverbrain_ws/install/rover_interfaces/include/rover_interfaces/rover_interfaces/msg
[2.169s] -- Up-to-date: /home/rover/roverbrain_ws/install/rover_interfaces/include/rover_interfaces/rover_interfaces/msg/rosidl_typesupport_fastrtps_c__visibility_control.h
[2.169s] -- Up-to-date: /home/rover/roverbrain_ws/install/rover_interfaces/include/rover_interfaces/rover_interfaces/msg/detail
[2.170s] -- Up-to-date: /home/rover/roverbrain_ws/install/rover_interfaces/include/rover_interfaces/rover_interfaces/msg/detail/control__rosidl_typesupport_fastrtps_c.h
[2.171s] -- Up-to-date: /home/rover/roverbrain_ws/install/rover_interfaces/lib/librover_interfaces__rosidl_typesupport_fastrtps_c.so
[2.172s] -- Up-to-date: /home/rover/roverbrain_ws/install/rover_interfaces/include/rover_interfaces/rover_interfaces
[2.172s] -- Up-to-date: /home/rover/roverbrain_ws/install/rover_interfaces/include/rover_interfaces/rover_interfaces/msg
[2.173s] -- Up-to-date: /home/rover/roverbrain_ws/install/rover_interfaces/include/rover_interfaces/rover_interfaces/msg/detail
[2.173s] -- Up-to-date: /home/rover/roverbrain_ws/install/rover_interfaces/include/rover_interfaces/rover_interfaces/msg/detail/control__rosidl_typesupport_introspection_c.h
[2.174s] -- Installing: /home/rover/roverbrain_ws/install/rover_interfaces/include/rover_interfaces/rover_interfaces/msg/detail/control__type_support.c
[2.175s] -- Up-to-date: /home/rover/roverbrain_ws/install/rover_interfaces/include/rover_interfaces/rover_interfaces/msg/rosidl_typesupport_introspection_c__visibility_control.h
[2.176s] -- Up-to-date: /home/rover/roverbrain_ws/install/rover_interfaces/lib/librover_interfaces__rosidl_typesupport_introspection_c.so
[2.178s] -- Up-to-date: /home/rover/roverbrain_ws/install/rover_interfaces/lib/librover_interfaces__rosidl_typesupport_c.so
[2.179s] -- Up-to-date: /home/rover/roverbrain_ws/install/rover_interfaces/include/rover_interfaces/rover_interfaces
[2.179s] -- Up-to-date: /home/rover/roverbrain_ws/install/rover_interfaces/include/rover_interfaces/rover_interfaces/msg
[2.180s] -- Up-to-date: /home/rover/roverbrain_ws/install/rover_interfaces/include/rover_interfaces/rover_interfaces/msg/detail
[2.180s] -- Up-to-date: /home/rover/roverbrain_ws/install/rover_interfaces/include/rover_interfaces/rover_interfaces/msg/detail/control__type_support.hpp
[2.181s] -- Up-to-date: /home/rover/roverbrain_ws/install/rover_interfaces/include/rover_interfaces/rover_interfaces/msg/detail/control__builder.hpp
[2.181s] -- Up-to-date: /home/rover/roverbrain_ws/install/rover_interfaces/include/rover_interfaces/rover_interfaces/msg/detail/control__traits.hpp
[2.182s] -- Up-to-date: /home/rover/roverbrain_ws/install/rover_interfaces/include/rover_interfaces/rover_interfaces/msg/detail/control__struct.hpp
[2.182s] -- Up-to-date: /home/rover/roverbrain_ws/install/rover_interfaces/include/rover_interfaces/rover_interfaces/msg/rosidl_generator_cpp__visibility_control.hpp
[2.182s] -- Up-to-date: /home/rover/roverbrain_ws/install/rover_interfaces/include/rover_interfaces/rover_interfaces/msg/control.hpp
[2.183s] -- Up-to-date: /home/rover/roverbrain_ws/install/rover_interfaces/include/rover_interfaces/rover_interfaces
[2.183s] -- Up-to-date: /home/rover/roverbrain_ws/install/rover_interfaces/include/rover_interfaces/rover_interfaces/msg
[2.184s] -- Up-to-date: /home/rover/roverbrain_ws/install/rover_interfaces/include/rover_interfaces/rover_interfaces/msg/detail
[2.184s] -- Up-to-date: /home/rover/roverbrain_ws/install/rover_interfaces/include/rover_interfaces/rover_interfaces/msg/detail/dds_fastrtps
[2.185s] -- Up-to-date: /home/rover/roverbrain_ws/install/rover_interfaces/include/rover_interfaces/rover_interfaces/msg/detail/control__rosidl_typesupport_fastrtps_cpp.hpp
[2.185s] -- Up-to-date: /home/rover/roverbrain_ws/install/rover_interfaces/include/rover_interfaces/rover_interfaces/msg/rosidl_typesupport_fastrtps_cpp__visibility_control.h
[2.185s] -- Up-to-date: /home/rover/roverbrain_ws/install/rover_interfaces/lib/librover_interfaces__rosidl_typesupport_fastrtps_cpp.so
[2.186s] -- Up-to-date: /home/rover/roverbrain_ws/install/rover_interfaces/include/rover_interfaces/rover_interfaces
[2.187s] -- Up-to-date: /home/rover/roverbrain_ws/install/rover_interfaces/include/rover_interfaces/rover_interfaces/msg
[2.187s] -- Up-to-date: /home/rover/roverbrain_ws/install/rover_interfaces/include/rover_interfaces/rover_interfaces/msg/detail
[2.188s] -- Up-to-date: /home/rover/roverbrain_ws/install/rover_interfaces/include/rover_interfaces/rover_interfaces/msg/detail/control__type_support.cpp
[2.188s] -- Up-to-date: /home/rover/roverbrain_ws/install/rover_interfaces/include/rover_interfaces/rover_interfaces/msg/detail/control__rosidl_typesupport_introspection_cpp.hpp
[2.189s] -- Up-to-date: /home/rover/roverbrain_ws/install/rover_interfaces/lib/librover_interfaces__rosidl_typesupport_introspection_cpp.so
[2.191s] -- Up-to-date: /home/rover/roverbrain_ws/install/rover_interfaces/lib/librover_interfaces__rosidl_typesupport_cpp.so
[2.192s] -- Up-to-date: /home/rover/roverbrain_ws/install/rover_interfaces/share/rover_interfaces/environment/pythonpath.sh
[2.192s] -- Up-to-date: /home/rover/roverbrain_ws/install/rover_interfaces/share/rover_interfaces/environment/pythonpath.dsv
[2.193s] -- Up-to-date: /home/rover/roverbrain_ws/install/rover_interfaces/lib/python3.12/site-packages/rover_interfaces-0.0.0-py3.12.egg-info
[2.193s] -- Installing: /home/rover/roverbrain_ws/install/rover_interfaces/lib/python3.12/site-packages/rover_interfaces-0.0.0-py3.12.egg-info/dependency_links.txt
[2.195s] -- Installing: /home/rover/roverbrain_ws/install/rover_interfaces/lib/python3.12/site-packages/rover_interfaces-0.0.0-py3.12.egg-info/PKG-INFO
[2.196s] -- Installing: /home/rover/roverbrain_ws/install/rover_interfaces/lib/python3.12/site-packages/rover_interfaces-0.0.0-py3.12.egg-info/top_level.txt
[2.197s] -- Installing: /home/rover/roverbrain_ws/install/rover_interfaces/lib/python3.12/site-packages/rover_interfaces-0.0.0-py3.12.egg-info/SOURCES.txt
[2.198s] -- Up-to-date: /home/rover/roverbrain_ws/install/rover_interfaces/lib/python3.12/site-packages/rover_interfaces
[2.199s] -- Up-to-date: /home/rover/roverbrain_ws/install/rover_interfaces/lib/python3.12/site-packages/rover_interfaces/rover_interfaces_s__rosidl_typesupport_introspection_c.so
[2.199s] -- Up-to-date: /home/rover/roverbrain_ws/install/rover_interfaces/lib/python3.12/site-packages/rover_interfaces/_rover_interfaces_s.ep.rosidl_typesupport_c.c
[2.200s] -- Up-to-date: /home/rover/roverbrain_ws/install/rover_interfaces/lib/python3.12/site-packages/rover_interfaces/_rover_interfaces_s.ep.rosidl_typesupport_introspection_c.c
[2.200s] -- Up-to-date: /home/rover/roverbrain_ws/install/rover_interfaces/lib/python3.12/site-packages/rover_interfaces/__init__.py
[2.200s] -- Up-to-date: /home/rover/roverbrain_ws/install/rover_interfaces/lib/python3.12/site-packages/rover_interfaces/_rover_interfaces_s.ep.rosidl_typesupport_fastrtps_c.c
[2.201s] -- Up-to-date: /home/rover/roverbrain_ws/install/rover_interfaces/lib/python3.12/site-packages/rover_interfaces/rover_interfaces_s__rosidl_typesupport_c.so
[2.201s] -- Up-to-date: /home/rover/roverbrain_ws/install/rover_interfaces/lib/python3.12/site-packages/rover_interfaces/msg
[2.202s] -- Up-to-date: /home/rover/roverbrain_ws/install/rover_interfaces/lib/python3.12/site-packages/rover_interfaces/msg/_control_s.c
[2.202s] -- Up-to-date: /home/rover/roverbrain_ws/install/rover_interfaces/lib/python3.12/site-packages/rover_interfaces/msg/__init__.py
[2.202s] -- Up-to-date: /home/rover/roverbrain_ws/install/rover_interfaces/lib/python3.12/site-packages/rover_interfaces/msg/_control.py
[2.203s] -- Up-to-date: /home/rover/roverbrain_ws/install/rover_interfaces/lib/python3.12/site-packages/rover_interfaces/rover_interfaces_s__rosidl_typesupport_fastrtps_c.so
[2.360s] Listing '/home/rover/roverbrain_ws/install/rover_interfaces/lib/python3.12/site-packages/rover_interfaces'...
[2.361s] Listing '/home/rover/roverbrain_ws/install/rover_interfaces/lib/python3.12/site-packages/rover_interfaces/msg'...
[2.389s] -- Up-to-date: /home/rover/roverbrain_ws/install/rover_interfaces/lib/python3.12/site-packages/rover_interfaces/rover_interfaces_s__rosidl_typesupport_fastrtps_c.so
[2.391s] -- Up-to-date: /home/rover/roverbrain_ws/install/rover_interfaces/lib/python3.12/site-packages/rover_interfaces/rover_interfaces_s__rosidl_typesupport_introspection_c.so
[2.393s] -- Up-to-date: /home/rover/roverbrain_ws/install/rover_interfaces/lib/python3.12/site-packages/rover_interfaces/rover_interfaces_s__rosidl_typesupport_c.so
[2.395s] -- Up-to-date: /home/rover/roverbrain_ws/install/rover_interfaces/lib/librover_interfaces__rosidl_generator_py.so
[2.396s] -- Up-to-date: /home/rover/roverbrain_ws/install/rover_interfaces/share/rover_interfaces/msg/Control.idl
[2.396s] -- Up-to-date: /home/rover/roverbrain_ws/install/rover_interfaces/share/rover_interfaces/msg/Control.msg
[2.397s] -- Up-to-date: /home/rover/roverbrain_ws/install/rover_interfaces/share/ament_index/resource_index/package_run_dependencies/rover_interfaces
[2.398s] -- Up-to-date: /home/rover/roverbrain_ws/install/rover_interfaces/share/ament_index/resource_index/parent_prefix_path/rover_interfaces
[2.398s] -- Up-to-date: /home/rover/roverbrain_ws/install/rover_interfaces/share/rover_interfaces/environment/ament_prefix_path.sh
[2.399s] -- Up-to-date: /home/rover/roverbrain_ws/install/rover_interfaces/share/rover_interfaces/environment/ament_prefix_path.dsv
[2.399s] -- Up-to-date: /home/rover/roverbrain_ws/install/rover_interfaces/share/rover_interfaces/environment/path.sh
[2.400s] -- Up-to-date: /home/rover/roverbrain_ws/install/rover_interfaces/share/rover_interfaces/environment/path.dsv
[2.400s] -- Up-to-date: /home/rover/roverbrain_ws/install/rover_interfaces/share/rover_interfaces/local_setup.bash
[2.401s] -- Up-to-date: /home/rover/roverbrain_ws/install/rover_interfaces/share/rover_interfaces/local_setup.sh
[2.401s] -- Up-to-date: /home/rover/roverbrain_ws/install/rover_interfaces/share/rover_interfaces/local_setup.zsh
[2.402s] -- Up-to-date: /home/rover/roverbrain_ws/install/rover_interfaces/share/rover_interfaces/local_setup.dsv
[2.402s] -- Installing: /home/rover/roverbrain_ws/install/rover_interfaces/share/rover_interfaces/package.dsv
[2.403s] -- Up-to-date: /home/rover/roverbrain_ws/install/rover_interfaces/share/ament_index/resource_index/packages/rover_interfaces
[2.403s] -- Up-to-date: /home/rover/roverbrain_ws/install/rover_interfaces/share/rover_interfaces/cmake/export_rover_interfaces__rosidl_generator_cExport.cmake
[2.404s] -- Up-to-date: /home/rover/roverbrain_ws/install/rover_interfaces/share/rover_interfaces/cmake/export_rover_interfaces__rosidl_generator_cExport-noconfig.cmake
[2.405s] -- Up-to-date: /home/rover/roverbrain_ws/install/rover_interfaces/share/rover_interfaces/cmake/export_rover_interfaces__rosidl_typesupport_fastrtps_cExport.cmake
[2.406s] -- Up-to-date: /home/rover/roverbrain_ws/install/rover_interfaces/share/rover_interfaces/cmake/export_rover_interfaces__rosidl_typesupport_fastrtps_cExport-noconfig.cmake
[2.406s] -- Up-to-date: /home/rover/roverbrain_ws/install/rover_interfaces/share/rover_interfaces/cmake/rover_interfaces__rosidl_typesupport_introspection_cExport.cmake
[2.407s] -- Up-to-date: /home/rover/roverbrain_ws/install/rover_interfaces/share/rover_interfaces/cmake/rover_interfaces__rosidl_typesupport_introspection_cExport-noconfig.cmake
[2.408s] -- Up-to-date: /home/rover/roverbrain_ws/install/rover_interfaces/share/rover_interfaces/cmake/rover_interfaces__rosidl_typesupport_cExport.cmake
[2.408s] -- Up-to-date: /home/rover/roverbrain_ws/install/rover_interfaces/share/rover_interfaces/cmake/rover_interfaces__rosidl_typesupport_cExport-noconfig.cmake
[2.409s] -- Up-to-date: /home/rover/roverbrain_ws/install/rover_interfaces/share/rover_interfaces/cmake/export_rover_interfaces__rosidl_generator_cppExport.cmake
[2.410s] -- Up-to-date: /home/rover/roverbrain_ws/install/rover_interfaces/share/rover_interfaces/cmake/export_rover_interfaces__rosidl_typesupport_fastrtps_cppExport.cmake
[2.410s] -- Up-to-date: /home/rover/roverbrain_ws/install/rover_interfaces/share/rover_interfaces/cmake/export_rover_interfaces__rosidl_typesupport_fastrtps_cppExport-noconfig.cmake
[2.411s] -- Up-to-date: /home/rover/roverbrain_ws/install/rover_interfaces/share/rover_interfaces/cmake/rover_interfaces__rosidl_typesupport_introspection_cppExport.cmake
[2.412s] -- Up-to-date: /home/rover/roverbrain_ws/install/rover_interfaces/share/rover_interfaces/cmake/rover_interfaces__rosidl_typesupport_introspection_cppExport-noconfig.cmake
[2.413s] -- Up-to-date: /home/rover/roverbrain_ws/install/rover_interfaces/share/rover_interfaces/cmake/rover_interfaces__rosidl_typesupport_cppExport.cmake
[2.413s] -- Up-to-date: /home/rover/roverbrain_ws/install/rover_interfaces/share/rover_interfaces/cmake/rover_interfaces__rosidl_typesupport_cppExport-noconfig.cmake
[2.414s] -- Up-to-date: /home/rover/roverbrain_ws/install/rover_interfaces/share/rover_interfaces/cmake/export_rover_interfaces__rosidl_generator_pyExport.cmake
[2.415s] -- Up-to-date: /home/rover/roverbrain_ws/install/rover_interfaces/share/rover_interfaces/cmake/export_rover_interfaces__rosidl_generator_pyExport-noconfig.cmake
[2.415s] -- Up-to-date: /home/rover/roverbrain_ws/install/rover_interfaces/share/rover_interfaces/cmake/rosidl_cmake-extras.cmake
[2.416s] -- Up-to-date: /home/rover/roverbrain_ws/install/rover_interfaces/share/rover_interfaces/cmake/ament_cmake_export_include_directories-extras.cmake
[2.416s] -- Up-to-date: /home/rover/roverbrain_ws/install/rover_interfaces/share/rover_interfaces/cmake/ament_cmake_export_libraries-extras.cmake
[2.416s] -- Up-to-date: /home/rover/roverbrain_ws/install/rover_interfaces/share/rover_interfaces/cmake/ament_cmake_export_targets-extras.cmake
[2.417s] -- Up-to-date: /home/rover/roverbrain_ws/install/rover_interfaces/share/rover_interfaces/cmake/rosidl_cmake_export_typesupport_targets-extras.cmake
[2.417s] -- Up-to-date: /home/rover/roverbrain_ws/install/rover_interfaces/share/rover_interfaces/cmake/ament_cmake_export_dependencies-extras.cmake
[2.418s] -- Up-to-date: /home/rover/roverbrain_ws/install/rover_interfaces/share/rover_interfaces/cmake/rosidl_cmake_export_typesupport_libraries-extras.cmake
[2.418s] -- Up-to-date: /home/rover/roverbrain_ws/install/rover_interfaces/share/rover_interfaces/cmake/rover_interfacesConfig.cmake
[2.419s] -- Up-to-date: /home/rover/roverbrain_ws/install/rover_interfaces/share/rover_interfaces/cmake/rover_interfacesConfig-version.cmake
[2.419s] -- Up-to-date: /home/rover/roverbrain_ws/install/rover_interfaces/share/rover_interfaces/package.xml
[2.426s] Invoked command in '/home/rover/roverbrain_ws/build/rover_interfaces' returned '0': CMAKE_PREFIX_PATH=${CMAKE_PREFIX_PATH}:/home/rover/roverbrain_ws/install/roverbrain_pkg:/opt/ros/jazzy DEBUGINFOD_URLS=https://debuginfod.ubuntu.com /usr/bin/cmake --install /home/rover/roverbrain_ws/build/rover_interfaces
