[0.455s] DEBUG:colcon:Command line arguments: ['/usr/bin/colcon', 'build']
[0.455s] DEBUG:colcon:Parsed command line arguments: Namespace(log_base=None, log_level=None, verb_name='build', build_base='build', install_base='install', merge_install=False, symlink_install=False, test_result_base=None, continue_on_error=False, executor='parallel', parallel_workers=4, event_handlers=None, ignore_user_meta=False, metas=['./colcon.meta'], base_paths=['.'], packages_ignore=None, packages_ignore_regex=None, paths=None, packages_up_to=None, packages_up_to_regex=None, packages_above=None, packages_above_and_dependencies=None, packages_above_depth=None, packages_select_by_dep=None, packages_skip_by_dep=None, packages_skip_up_to=None, packages_select_build_failed=False, packages_skip_build_finished=False, packages_select_test_failures=False, packages_skip_test_passed=False, packages_select=None, packages_skip=None, packages_select_regex=None, packages_skip_regex=None, packages_start=None, packages_end=None, allow_overriding=[], cmake_args=None, cmake_target=None, cmake_target_skip_unavailable=False, cmake_clean_cache=False, cmake_clean_first=False, cmake_force_configure=False, ament_cmake_args=None, catkin_cmake_args=None, catkin_skip_building_tests=False, mixin_files=None, mixin=None, verb_parser=<colcon_mixin.mixin.mixin_argument.MixinArgumentDecorator object at 0xffff984938f0>, verb_extension=<colcon_core.verb.build.BuildVerb object at 0xffff986781a0>, main=<bound method BuildVerb.main of <colcon_core.verb.build.BuildVerb object at 0xffff986781a0>>, mixin_verb=('build',))
[0.623s] Level 1:colcon.colcon_core.package_discovery:discover_packages(colcon_meta) check parameters
[0.623s] Level 1:colcon.colcon_core.package_discovery:discover_packages(recursive) check parameters
[0.623s] Level 1:colcon.colcon_core.package_discovery:discover_packages(ignore) check parameters
[0.623s] Level 1:colcon.colcon_core.package_discovery:discover_packages(path) check parameters
[0.623s] Level 1:colcon.colcon_core.package_discovery:discover_packages(colcon_meta) discover
[0.624s] Level 1:colcon.colcon_core.package_discovery:discover_packages(recursive) discover
[0.624s] INFO:colcon.colcon_core.package_discovery:Crawling recursively for packages in '/home/rover/roverbrain_ws'
[0.624s] Level 1:colcon.colcon_core.package_identification:_identify(.) by extensions ['ignore', 'ignore_ament_install']
[0.624s] Level 1:colcon.colcon_core.package_identification:_identify(.) by extension 'ignore'
[0.625s] Level 1:colcon.colcon_core.package_identification:_identify(.) by extension 'ignore_ament_install'
[0.625s] Level 1:colcon.colcon_core.package_identification:_identify(.) by extensions ['colcon_pkg']
[0.625s] Level 1:colcon.colcon_core.package_identification:_identify(.) by extension 'colcon_pkg'
[0.625s] Level 1:colcon.colcon_core.package_identification:_identify(.) by extensions ['colcon_meta']
[0.625s] Level 1:colcon.colcon_core.package_identification:_identify(.) by extension 'colcon_meta'
[0.625s] Level 1:colcon.colcon_core.package_identification:_identify(.) by extensions ['ros']
[0.625s] Level 1:colcon.colcon_core.package_identification:_identify(.) by extension 'ros'
[0.730s] Level 1:colcon.colcon_core.package_identification:_identify(.) by extensions ['cmake', 'python']
[0.730s] Level 1:colcon.colcon_core.package_identification:_identify(.) by extension 'cmake'
[0.730s] Level 1:colcon.colcon_core.package_identification:_identify(.) by extension 'python'
[0.731s] Level 1:colcon.colcon_core.package_identification:_identify(.) by extensions ['python_setup_py']
[0.731s] Level 1:colcon.colcon_core.package_identification:_identify(.) by extension 'python_setup_py'
[0.731s] Level 1:colcon.colcon_core.package_identification:_identify(build) by extensions ['ignore', 'ignore_ament_install']
[0.731s] Level 1:colcon.colcon_core.package_identification:_identify(build) by extension 'ignore'
[0.732s] Level 1:colcon.colcon_core.package_identification:_identify(build) ignored
[0.732s] Level 1:colcon.colcon_core.package_identification:_identify(install) by extensions ['ignore', 'ignore_ament_install']
[0.733s] Level 1:colcon.colcon_core.package_identification:_identify(install) by extension 'ignore'
[0.733s] Level 1:colcon.colcon_core.package_identification:_identify(install) ignored
[0.734s] Level 1:colcon.colcon_core.package_identification:_identify(log) by extensions ['ignore', 'ignore_ament_install']
[0.734s] Level 1:colcon.colcon_core.package_identification:_identify(log) by extension 'ignore'
[0.734s] Level 1:colcon.colcon_core.package_identification:_identify(log) ignored
[0.734s] Level 1:colcon.colcon_core.package_identification:_identify(src) by extensions ['ignore', 'ignore_ament_install']
[0.735s] Level 1:colcon.colcon_core.package_identification:_identify(src) by extension 'ignore'
[0.735s] Level 1:colcon.colcon_core.package_identification:_identify(src) by extension 'ignore_ament_install'
[0.735s] Level 1:colcon.colcon_core.package_identification:_identify(src) by extensions ['colcon_pkg']
[0.735s] Level 1:colcon.colcon_core.package_identification:_identify(src) by extension 'colcon_pkg'
[0.735s] Level 1:colcon.colcon_core.package_identification:_identify(src) by extensions ['colcon_meta']
[0.736s] Level 1:colcon.colcon_core.package_identification:_identify(src) by extension 'colcon_meta'
[0.736s] Level 1:colcon.colcon_core.package_identification:_identify(src) by extensions ['ros']
[0.736s] Level 1:colcon.colcon_core.package_identification:_identify(src) by extension 'ros'
[0.736s] Level 1:colcon.colcon_core.package_identification:_identify(src) by extensions ['cmake', 'python']
[0.736s] Level 1:colcon.colcon_core.package_identification:_identify(src) by extension 'cmake'
[0.736s] Level 1:colcon.colcon_core.package_identification:_identify(src) by extension 'python'
[0.737s] Level 1:colcon.colcon_core.package_identification:_identify(src) by extensions ['python_setup_py']
[0.737s] Level 1:colcon.colcon_core.package_identification:_identify(src) by extension 'python_setup_py'
[0.737s] Level 1:colcon.colcon_core.package_identification:_identify(src/rover_interfaces) by extensions ['ignore', 'ignore_ament_install']
[0.737s] Level 1:colcon.colcon_core.package_identification:_identify(src/rover_interfaces) by extension 'ignore'
[0.738s] Level 1:colcon.colcon_core.package_identification:_identify(src/rover_interfaces) by extension 'ignore_ament_install'
[0.738s] Level 1:colcon.colcon_core.package_identification:_identify(src/rover_interfaces) by extensions ['colcon_pkg']
[0.738s] Level 1:colcon.colcon_core.package_identification:_identify(src/rover_interfaces) by extension 'colcon_pkg'
[0.738s] Level 1:colcon.colcon_core.package_identification:_identify(src/rover_interfaces) by extensions ['colcon_meta']
[0.738s] Level 1:colcon.colcon_core.package_identification:_identify(src/rover_interfaces) by extension 'colcon_meta'
[0.739s] Level 1:colcon.colcon_core.package_identification:_identify(src/rover_interfaces) by extensions ['ros']
[0.739s] Level 1:colcon.colcon_core.package_identification:_identify(src/rover_interfaces) by extension 'ros'
[0.747s] DEBUG:colcon.colcon_core.package_identification:Package 'src/rover_interfaces' with type 'ros.ament_cmake' and name 'rover_interfaces'
[0.747s] Level 1:colcon.colcon_core.package_identification:_identify(src/roverbrain_pkg) by extensions ['ignore', 'ignore_ament_install']
[0.748s] Level 1:colcon.colcon_core.package_identification:_identify(src/roverbrain_pkg) by extension 'ignore'
[0.748s] Level 1:colcon.colcon_core.package_identification:_identify(src/roverbrain_pkg) by extension 'ignore_ament_install'
[0.748s] Level 1:colcon.colcon_core.package_identification:_identify(src/roverbrain_pkg) by extensions ['colcon_pkg']
[0.748s] Level 1:colcon.colcon_core.package_identification:_identify(src/roverbrain_pkg) by extension 'colcon_pkg'
[0.748s] Level 1:colcon.colcon_core.package_identification:_identify(src/roverbrain_pkg) by extensions ['colcon_meta']
[0.749s] Level 1:colcon.colcon_core.package_identification:_identify(src/roverbrain_pkg) by extension 'colcon_meta'
[0.749s] Level 1:colcon.colcon_core.package_identification:_identify(src/roverbrain_pkg) by extensions ['ros']
[0.749s] Level 1:colcon.colcon_core.package_identification:_identify(src/roverbrain_pkg) by extension 'ros'
[0.751s] DEBUG:colcon.colcon_core.package_identification:Package 'src/roverbrain_pkg' with type 'ros.ament_python' and name 'roverbrain_pkg'
[0.751s] Level 1:colcon.colcon_core.package_discovery:discover_packages(recursive) using defaults
[0.751s] Level 1:colcon.colcon_core.package_discovery:discover_packages(ignore) discover
[0.752s] Level 1:colcon.colcon_core.package_discovery:discover_packages(ignore) using defaults
[0.752s] Level 1:colcon.colcon_core.package_discovery:discover_packages(path) discover
[0.752s] Level 1:colcon.colcon_core.package_discovery:discover_packages(path) using defaults
[0.820s] Level 1:colcon.colcon_core.package_discovery:discover_packages(prefix_path) check parameters
[0.820s] Level 1:colcon.colcon_core.package_discovery:discover_packages(prefix_path) discover
[0.828s] DEBUG:colcon.colcon_installed_package_information.package_discovery:Found 2 installed packages in /home/rover/roverbrain_ws/install
[0.838s] DEBUG:colcon.colcon_installed_package_information.package_discovery:Found 285 installed packages in /opt/ros/jazzy
[0.846s] Level 1:colcon.colcon_core.package_discovery:discover_packages(prefix_path) using defaults
[1.038s] Level 5:colcon.colcon_core.verb:set package 'rover_interfaces' build argument 'cmake_args' from command line to 'None'
[1.038s] Level 5:colcon.colcon_core.verb:set package 'rover_interfaces' build argument 'cmake_target' from command line to 'None'
[1.038s] Level 5:colcon.colcon_core.verb:set package 'rover_interfaces' build argument 'cmake_target_skip_unavailable' from command line to 'False'
[1.038s] Level 5:colcon.colcon_core.verb:set package 'rover_interfaces' build argument 'cmake_clean_cache' from command line to 'False'
[1.038s] Level 5:colcon.colcon_core.verb:set package 'rover_interfaces' build argument 'cmake_clean_first' from command line to 'False'
[1.038s] Level 5:colcon.colcon_core.verb:set package 'rover_interfaces' build argument 'cmake_force_configure' from command line to 'False'
[1.038s] Level 5:colcon.colcon_core.verb:set package 'rover_interfaces' build argument 'ament_cmake_args' from command line to 'None'
[1.038s] Level 5:colcon.colcon_core.verb:set package 'rover_interfaces' build argument 'catkin_cmake_args' from command line to 'None'
[1.039s] Level 5:colcon.colcon_core.verb:set package 'rover_interfaces' build argument 'catkin_skip_building_tests' from command line to 'False'
[1.039s] DEBUG:colcon.colcon_core.verb:Building package 'rover_interfaces' with the following arguments: {'ament_cmake_args': None, 'build_base': '/home/rover/roverbrain_ws/build/rover_interfaces', 'catkin_cmake_args': None, 'catkin_skip_building_tests': False, 'cmake_args': None, 'cmake_clean_cache': False, 'cmake_clean_first': False, 'cmake_force_configure': False, 'cmake_target': None, 'cmake_target_skip_unavailable': False, 'install_base': '/home/rover/roverbrain_ws/install/rover_interfaces', 'merge_install': False, 'path': '/home/rover/roverbrain_ws/src/rover_interfaces', 'symlink_install': False, 'test_result_base': None}
[1.040s] Level 5:colcon.colcon_core.verb:set package 'roverbrain_pkg' build argument 'cmake_args' from command line to 'None'
[1.040s] Level 5:colcon.colcon_core.verb:set package 'roverbrain_pkg' build argument 'cmake_target' from command line to 'None'
[1.040s] Level 5:colcon.colcon_core.verb:set package 'roverbrain_pkg' build argument 'cmake_target_skip_unavailable' from command line to 'False'
[1.040s] Level 5:colcon.colcon_core.verb:set package 'roverbrain_pkg' build argument 'cmake_clean_cache' from command line to 'False'
[1.040s] Level 5:colcon.colcon_core.verb:set package 'roverbrain_pkg' build argument 'cmake_clean_first' from command line to 'False'
[1.041s] Level 5:colcon.colcon_core.verb:set package 'roverbrain_pkg' build argument 'cmake_force_configure' from command line to 'False'
[1.041s] Level 5:colcon.colcon_core.verb:set package 'roverbrain_pkg' build argument 'ament_cmake_args' from command line to 'None'
[1.041s] Level 5:colcon.colcon_core.verb:set package 'roverbrain_pkg' build argument 'catkin_cmake_args' from command line to 'None'
[1.041s] Level 5:colcon.colcon_core.verb:set package 'roverbrain_pkg' build argument 'catkin_skip_building_tests' from command line to 'False'
[1.041s] DEBUG:colcon.colcon_core.verb:Building package 'roverbrain_pkg' with the following arguments: {'ament_cmake_args': None, 'build_base': '/home/rover/roverbrain_ws/build/roverbrain_pkg', 'catkin_cmake_args': None, 'catkin_skip_building_tests': False, 'cmake_args': None, 'cmake_clean_cache': False, 'cmake_clean_first': False, 'cmake_force_configure': False, 'cmake_target': None, 'cmake_target_skip_unavailable': False, 'install_base': '/home/rover/roverbrain_ws/install/roverbrain_pkg', 'merge_install': False, 'path': '/home/rover/roverbrain_ws/src/roverbrain_pkg', 'symlink_install': False, 'test_result_base': None}
[1.041s] INFO:colcon.colcon_core.executor:Executing jobs using 'parallel' executor
[1.044s] DEBUG:colcon.colcon_parallel_executor.executor.parallel:run_until_complete
[1.045s] INFO:colcon.colcon_ros.task.ament_cmake.build:Building ROS package in '/home/rover/roverbrain_ws/src/rover_interfaces' with build type 'ament_cmake'
[1.046s] INFO:colcon.colcon_cmake.task.cmake.build:Building CMake package in '/home/rover/roverbrain_ws/src/rover_interfaces'
[1.053s] INFO:colcon.colcon_core.plugin_system:Skipping extension 'colcon_core.shell.bat': Not used on non-Windows systems
[1.054s] INFO:colcon.colcon_core.shell:Skip shell extension 'powershell' for command environment: Not usable outside of PowerShell
[1.055s] DEBUG:colcon.colcon_core.shell:Skip shell extension 'dsv' for command environment
[1.099s] DEBUG:colcon.colcon_core.event_handler.log_command:Invoking command in '/home/rover/roverbrain_ws/build/rover_interfaces': CMAKE_PREFIX_PATH=${CMAKE_PREFIX_PATH}:/home/rover/roverbrain_ws/install/roverbrain_pkg:/opt/ros/jazzy DEBUGINFOD_URLS=https://debuginfod.ubuntu.com /usr/bin/cmake --build /home/rover/roverbrain_ws/build/rover_interfaces -- -j4 -l4
[3.107s] DEBUG:colcon.colcon_core.event_handler.log_command:Invoked command in '/home/rover/roverbrain_ws/build/rover_interfaces' returned '0': CMAKE_PREFIX_PATH=${CMAKE_PREFIX_PATH}:/home/rover/roverbrain_ws/install/roverbrain_pkg:/opt/ros/jazzy DEBUGINFOD_URLS=https://debuginfod.ubuntu.com /usr/bin/cmake --build /home/rover/roverbrain_ws/build/rover_interfaces -- -j4 -l4
[3.155s] DEBUG:colcon.colcon_core.event_handler.log_command:Invoking command in '/home/rover/roverbrain_ws/build/rover_interfaces': CMAKE_PREFIX_PATH=${CMAKE_PREFIX_PATH}:/home/rover/roverbrain_ws/install/roverbrain_pkg:/opt/ros/jazzy DEBUGINFOD_URLS=https://debuginfod.ubuntu.com /usr/bin/cmake --install /home/rover/roverbrain_ws/build/rover_interfaces
[3.462s] Level 1:colcon.colcon_core.environment:create_environment_scripts_only(rover_interfaces)
[3.463s] DEBUG:colcon.colcon_core.event_handler.log_command:Invoked command in '/home/rover/roverbrain_ws/build/rover_interfaces' returned '0': CMAKE_PREFIX_PATH=${CMAKE_PREFIX_PATH}:/home/rover/roverbrain_ws/install/roverbrain_pkg:/opt/ros/jazzy DEBUGINFOD_URLS=https://debuginfod.ubuntu.com /usr/bin/cmake --install /home/rover/roverbrain_ws/build/rover_interfaces
[3.472s] Level 1:colcon.colcon_core.environment:checking '/home/rover/roverbrain_ws/install/rover_interfaces' for CMake module files
[3.477s] Level 1:colcon.colcon_core.environment:checking '/home/rover/roverbrain_ws/install/rover_interfaces' for CMake config files
[3.481s] Level 1:colcon.colcon_core.shell:create_environment_hook('rover_interfaces', 'cmake_prefix_path')
[3.482s] INFO:colcon.colcon_core.shell:Creating environment hook '/home/rover/roverbrain_ws/install/rover_interfaces/share/rover_interfaces/hook/cmake_prefix_path.ps1'
[3.484s] INFO:colcon.colcon_core.shell:Creating environment descriptor '/home/rover/roverbrain_ws/install/rover_interfaces/share/rover_interfaces/hook/cmake_prefix_path.dsv'
[3.486s] INFO:colcon.colcon_core.shell:Creating environment hook '/home/rover/roverbrain_ws/install/rover_interfaces/share/rover_interfaces/hook/cmake_prefix_path.sh'
[3.489s] Level 1:colcon.colcon_core.environment:checking '/home/rover/roverbrain_ws/install/rover_interfaces/lib'
[3.490s] Level 1:colcon.colcon_core.shell:create_environment_hook('rover_interfaces', 'ld_library_path_lib')
[3.490s] INFO:colcon.colcon_core.shell:Creating environment hook '/home/rover/roverbrain_ws/install/rover_interfaces/share/rover_interfaces/hook/ld_library_path_lib.ps1'
[3.492s] INFO:colcon.colcon_core.shell:Creating environment descriptor '/home/rover/roverbrain_ws/install/rover_interfaces/share/rover_interfaces/hook/ld_library_path_lib.dsv'
[3.494s] INFO:colcon.colcon_core.shell:Creating environment hook '/home/rover/roverbrain_ws/install/rover_interfaces/share/rover_interfaces/hook/ld_library_path_lib.sh'
[3.495s] Level 1:colcon.colcon_core.environment:checking '/home/rover/roverbrain_ws/install/rover_interfaces/bin'
[3.496s] Level 1:colcon.colcon_core.environment:checking '/home/rover/roverbrain_ws/install/rover_interfaces/lib/pkgconfig/rover_interfaces.pc'
[3.497s] Level 1:colcon.colcon_core.environment:checking '/home/rover/roverbrain_ws/install/rover_interfaces/lib/python3.12/site-packages'
[3.497s] Level 1:colcon.colcon_core.shell:create_environment_hook('rover_interfaces', 'pythonpath')
[3.498s] INFO:colcon.colcon_core.shell:Creating environment hook '/home/rover/roverbrain_ws/install/rover_interfaces/share/rover_interfaces/hook/pythonpath.ps1'
[3.500s] INFO:colcon.colcon_core.shell:Creating environment descriptor '/home/rover/roverbrain_ws/install/rover_interfaces/share/rover_interfaces/hook/pythonpath.dsv'
[3.501s] INFO:colcon.colcon_core.shell:Creating environment hook '/home/rover/roverbrain_ws/install/rover_interfaces/share/rover_interfaces/hook/pythonpath.sh'
[3.503s] Level 1:colcon.colcon_core.environment:checking '/home/rover/roverbrain_ws/install/rover_interfaces/bin'
[3.504s] INFO:colcon.colcon_core.shell:Creating package script '/home/rover/roverbrain_ws/install/rover_interfaces/share/rover_interfaces/package.ps1'
[3.508s] INFO:colcon.colcon_core.shell:Creating package descriptor '/home/rover/roverbrain_ws/install/rover_interfaces/share/rover_interfaces/package.dsv'
[3.510s] INFO:colcon.colcon_core.shell:Creating package script '/home/rover/roverbrain_ws/install/rover_interfaces/share/rover_interfaces/package.sh'
[3.513s] INFO:colcon.colcon_core.shell:Creating package script '/home/rover/roverbrain_ws/install/rover_interfaces/share/rover_interfaces/package.bash'
[3.517s] INFO:colcon.colcon_core.shell:Creating package script '/home/rover/roverbrain_ws/install/rover_interfaces/share/rover_interfaces/package.zsh'
[3.519s] Level 1:colcon.colcon_core.environment:create_file_with_runtime_dependencies(/home/rover/roverbrain_ws/install/rover_interfaces/share/colcon-core/packages/rover_interfaces)
[3.522s] Level 1:colcon.colcon_core.environment:create_environment_scripts_only(rover_interfaces)
[3.523s] Level 1:colcon.colcon_core.environment:checking '/home/rover/roverbrain_ws/install/rover_interfaces' for CMake module files
[3.527s] Level 1:colcon.colcon_core.environment:checking '/home/rover/roverbrain_ws/install/rover_interfaces' for CMake config files
[3.531s] Level 1:colcon.colcon_core.shell:create_environment_hook('rover_interfaces', 'cmake_prefix_path')
[3.532s] INFO:colcon.colcon_core.shell:Creating environment hook '/home/rover/roverbrain_ws/install/rover_interfaces/share/rover_interfaces/hook/cmake_prefix_path.ps1'
[3.534s] INFO:colcon.colcon_core.shell:Creating environment descriptor '/home/rover/roverbrain_ws/install/rover_interfaces/share/rover_interfaces/hook/cmake_prefix_path.dsv'
[3.535s] INFO:colcon.colcon_core.shell:Creating environment hook '/home/rover/roverbrain_ws/install/rover_interfaces/share/rover_interfaces/hook/cmake_prefix_path.sh'
[3.539s] Level 1:colcon.colcon_core.environment:checking '/home/rover/roverbrain_ws/install/rover_interfaces/lib'
[3.540s] Level 1:colcon.colcon_core.shell:create_environment_hook('rover_interfaces', 'ld_library_path_lib')
[3.540s] INFO:colcon.colcon_core.shell:Creating environment hook '/home/rover/roverbrain_ws/install/rover_interfaces/share/rover_interfaces/hook/ld_library_path_lib.ps1'
[3.542s] INFO:colcon.colcon_core.shell:Creating environment descriptor '/home/rover/roverbrain_ws/install/rover_interfaces/share/rover_interfaces/hook/ld_library_path_lib.dsv'
[3.544s] INFO:colcon.colcon_core.shell:Creating environment hook '/home/rover/roverbrain_ws/install/rover_interfaces/share/rover_interfaces/hook/ld_library_path_lib.sh'
[3.545s] Level 1:colcon.colcon_core.environment:checking '/home/rover/roverbrain_ws/install/rover_interfaces/bin'
[3.546s] Level 1:colcon.colcon_core.environment:checking '/home/rover/roverbrain_ws/install/rover_interfaces/lib/pkgconfig/rover_interfaces.pc'
[3.546s] Level 1:colcon.colcon_core.environment:checking '/home/rover/roverbrain_ws/install/rover_interfaces/lib/python3.12/site-packages'
[3.547s] Level 1:colcon.colcon_core.shell:create_environment_hook('rover_interfaces', 'pythonpath')
[3.548s] INFO:colcon.colcon_core.shell:Creating environment hook '/home/rover/roverbrain_ws/install/rover_interfaces/share/rover_interfaces/hook/pythonpath.ps1'
[3.549s] INFO:colcon.colcon_core.shell:Creating environment descriptor '/home/rover/roverbrain_ws/install/rover_interfaces/share/rover_interfaces/hook/pythonpath.dsv'
[3.551s] INFO:colcon.colcon_core.shell:Creating environment hook '/home/rover/roverbrain_ws/install/rover_interfaces/share/rover_interfaces/hook/pythonpath.sh'
[3.553s] Level 1:colcon.colcon_core.environment:checking '/home/rover/roverbrain_ws/install/rover_interfaces/bin'
[3.554s] INFO:colcon.colcon_core.shell:Creating package script '/home/rover/roverbrain_ws/install/rover_interfaces/share/rover_interfaces/package.ps1'
[3.557s] INFO:colcon.colcon_core.shell:Creating package descriptor '/home/rover/roverbrain_ws/install/rover_interfaces/share/rover_interfaces/package.dsv'
[3.560s] INFO:colcon.colcon_core.shell:Creating package script '/home/rover/roverbrain_ws/install/rover_interfaces/share/rover_interfaces/package.sh'
[3.562s] INFO:colcon.colcon_core.shell:Creating package script '/home/rover/roverbrain_ws/install/rover_interfaces/share/rover_interfaces/package.bash'
[3.564s] INFO:colcon.colcon_core.shell:Creating package script '/home/rover/roverbrain_ws/install/rover_interfaces/share/rover_interfaces/package.zsh'
[3.565s] Level 1:colcon.colcon_core.environment:create_file_with_runtime_dependencies(/home/rover/roverbrain_ws/install/rover_interfaces/share/colcon-core/packages/rover_interfaces)
[3.567s] INFO:colcon.colcon_ros.task.ament_python.build:Building ROS package in '/home/rover/roverbrain_ws/src/roverbrain_pkg' with build type 'ament_python'
[3.568s] Level 1:colcon.colcon_core.shell:create_environment_hook('roverbrain_pkg', 'ament_prefix_path')
[3.569s] INFO:colcon.colcon_core.shell:Creating environment hook '/home/rover/roverbrain_ws/install/roverbrain_pkg/share/roverbrain_pkg/hook/ament_prefix_path.ps1'
[3.572s] INFO:colcon.colcon_core.shell:Creating environment descriptor '/home/rover/roverbrain_ws/install/roverbrain_pkg/share/roverbrain_pkg/hook/ament_prefix_path.dsv'
[3.574s] INFO:colcon.colcon_core.shell:Creating environment hook '/home/rover/roverbrain_ws/install/roverbrain_pkg/share/roverbrain_pkg/hook/ament_prefix_path.sh'
[3.579s] INFO:colcon.colcon_core.shell:Skip shell extension 'powershell' for command environment: Not usable outside of PowerShell
[3.579s] DEBUG:colcon.colcon_core.shell:Skip shell extension 'dsv' for command environment
[4.549s] INFO:colcon.colcon_core.task.python.build:Building Python package in '/home/rover/roverbrain_ws/src/roverbrain_pkg'
[4.550s] INFO:colcon.colcon_core.shell:Skip shell extension 'powershell' for command environment: Not usable outside of PowerShell
[4.550s] DEBUG:colcon.colcon_core.shell:Skip shell extension 'dsv' for command environment
[7.131s] DEBUG:colcon.colcon_core.event_handler.log_command:Invoking command in '/home/rover/roverbrain_ws/src/roverbrain_pkg': DEBUGINFOD_URLS=https://debuginfod.ubuntu.com PYTHONPATH=/home/rover/roverbrain_ws/build/roverbrain_pkg/prefix_override:/usr/lib/python3/dist-packages/colcon_core/task/python/colcon_distutils_commands:/home/rover/roverbrain_ws/install/roverbrain_pkg/lib/python3.12/site-packages:/home/rover/roverbrain_ws/install/rover_interfaces/lib/python3.12/site-packages:/home/rover/roverbrain_ws/install/roverbrain_pkg/lib/python3.12/site-packages:/opt/ros/jazzy/lib/python3.12/site-packages /usr/bin/python3 -W ignore:setup.py install is deprecated -W ignore:easy_install command is deprecated setup.py egg_info --egg-base ../../build/roverbrain_pkg build --build-base /home/rover/roverbrain_ws/build/roverbrain_pkg/build install --record /home/rover/roverbrain_ws/build/roverbrain_pkg/install.log --single-version-externally-managed install_data
[9.595s] Level 1:colcon.colcon_core.environment:checking '/home/rover/roverbrain_ws/install/roverbrain_pkg' for CMake module files
[9.597s] DEBUG:colcon.colcon_core.event_handler.log_command:Invoked command in '/home/rover/roverbrain_ws/src/roverbrain_pkg' returned '0': DEBUGINFOD_URLS=https://debuginfod.ubuntu.com PYTHONPATH=/home/rover/roverbrain_ws/build/roverbrain_pkg/prefix_override:/usr/lib/python3/dist-packages/colcon_core/task/python/colcon_distutils_commands:/home/rover/roverbrain_ws/install/roverbrain_pkg/lib/python3.12/site-packages:/home/rover/roverbrain_ws/install/rover_interfaces/lib/python3.12/site-packages:/home/rover/roverbrain_ws/install/roverbrain_pkg/lib/python3.12/site-packages:/opt/ros/jazzy/lib/python3.12/site-packages /usr/bin/python3 -W ignore:setup.py install is deprecated -W ignore:easy_install command is deprecated setup.py egg_info --egg-base ../../build/roverbrain_pkg build --build-base /home/rover/roverbrain_ws/build/roverbrain_pkg/build install --record /home/rover/roverbrain_ws/build/roverbrain_pkg/install.log --single-version-externally-managed install_data
[9.599s] Level 1:colcon.colcon_core.environment:checking '/home/rover/roverbrain_ws/install/roverbrain_pkg' for CMake config files
[9.602s] Level 1:colcon.colcon_core.environment:checking '/home/rover/roverbrain_ws/install/roverbrain_pkg/lib'
[9.602s] Level 1:colcon.colcon_core.environment:checking '/home/rover/roverbrain_ws/install/roverbrain_pkg/bin'
[9.602s] Level 1:colcon.colcon_core.environment:checking '/home/rover/roverbrain_ws/install/roverbrain_pkg/lib/pkgconfig/roverbrain_pkg.pc'
[9.603s] Level 1:colcon.colcon_core.environment:checking '/home/rover/roverbrain_ws/install/roverbrain_pkg/lib/python3.12/site-packages'
[9.604s] Level 1:colcon.colcon_core.shell:create_environment_hook('roverbrain_pkg', 'pythonpath')
[9.604s] INFO:colcon.colcon_core.shell:Creating environment hook '/home/rover/roverbrain_ws/install/roverbrain_pkg/share/roverbrain_pkg/hook/pythonpath.ps1'
[9.606s] INFO:colcon.colcon_core.shell:Creating environment descriptor '/home/rover/roverbrain_ws/install/roverbrain_pkg/share/roverbrain_pkg/hook/pythonpath.dsv'
[9.608s] INFO:colcon.colcon_core.shell:Creating environment hook '/home/rover/roverbrain_ws/install/roverbrain_pkg/share/roverbrain_pkg/hook/pythonpath.sh'
[9.610s] Level 1:colcon.colcon_core.environment:checking '/home/rover/roverbrain_ws/install/roverbrain_pkg/bin'
[9.611s] Level 1:colcon.colcon_core.environment:create_environment_scripts_only(roverbrain_pkg)
[9.611s] INFO:colcon.colcon_core.shell:Creating package script '/home/rover/roverbrain_ws/install/roverbrain_pkg/share/roverbrain_pkg/package.ps1'
[9.614s] INFO:colcon.colcon_core.shell:Creating package descriptor '/home/rover/roverbrain_ws/install/roverbrain_pkg/share/roverbrain_pkg/package.dsv'
[9.616s] INFO:colcon.colcon_core.shell:Creating package script '/home/rover/roverbrain_ws/install/roverbrain_pkg/share/roverbrain_pkg/package.sh'
[9.618s] INFO:colcon.colcon_core.shell:Creating package script '/home/rover/roverbrain_ws/install/roverbrain_pkg/share/roverbrain_pkg/package.bash'
[9.619s] INFO:colcon.colcon_core.shell:Creating package script '/home/rover/roverbrain_ws/install/roverbrain_pkg/share/roverbrain_pkg/package.zsh'
[9.620s] Level 1:colcon.colcon_core.environment:create_file_with_runtime_dependencies(/home/rover/roverbrain_ws/install/roverbrain_pkg/share/colcon-core/packages/roverbrain_pkg)
[9.622s] DEBUG:colcon.colcon_parallel_executor.executor.parallel:closing loop
[9.624s] DEBUG:colcon.colcon_parallel_executor.executor.parallel:loop closed
[9.624s] DEBUG:colcon.colcon_parallel_executor.executor.parallel:run_until_complete finished with '0'
[9.624s] DEBUG:colcon.colcon_core.event_reactor:joining thread
[9.647s] INFO:colcon.colcon_core.plugin_system:Skipping extension 'colcon_notification.desktop_notification.terminal_notifier': Not used on non-Darwin systems
[9.648s] INFO:colcon.colcon_core.plugin_system:Skipping extension 'colcon_notification.desktop_notification.win32': Not used on non-Windows systems
[9.648s] INFO:colcon.colcon_notification.desktop_notification:Sending desktop notification using 'notify2'
[9.653s] DEBUG:colcon.colcon_notification.desktop_notification.notify2:Failed to initialize notify2: org.freedesktop.DBus.Error.ServiceUnknown: The name org.freedesktop.Notifications was not provided by any .service files
[9.653s] DEBUG:colcon.colcon_core.event_reactor:joined thread
[9.654s] INFO:colcon.colcon_core.shell:Creating prefix script '/home/rover/roverbrain_ws/install/local_setup.ps1'
[9.657s] INFO:colcon.colcon_core.shell:Creating prefix util module '/home/rover/roverbrain_ws/install/_local_setup_util_ps1.py'
[9.662s] INFO:colcon.colcon_core.shell:Creating prefix chain script '/home/rover/roverbrain_ws/install/setup.ps1'
[9.666s] INFO:colcon.colcon_core.shell:Creating prefix script '/home/rover/roverbrain_ws/install/local_setup.sh'
[9.670s] INFO:colcon.colcon_core.shell:Creating prefix util module '/home/rover/roverbrain_ws/install/_local_setup_util_sh.py'
[9.672s] INFO:colcon.colcon_core.shell:Creating prefix chain script '/home/rover/roverbrain_ws/install/setup.sh'
[9.676s] INFO:colcon.colcon_core.shell:Creating prefix script '/home/rover/roverbrain_ws/install/local_setup.bash'
[9.678s] INFO:colcon.colcon_core.shell:Creating prefix chain script '/home/rover/roverbrain_ws/install/setup.bash'
[9.682s] INFO:colcon.colcon_core.shell:Creating prefix script '/home/rover/roverbrain_ws/install/local_setup.zsh'
[9.684s] INFO:colcon.colcon_core.shell:Creating prefix chain script '/home/rover/roverbrain_ws/install/setup.zsh'
