[0.056s] Invoking command in '/home/rover/roverbrain_ws/build/rover_interfaces': CMAKE_PREFIX_PATH=${CMAKE_PREFIX_PATH}:/home/rover/roverbrain_ws/install/roverbrain_pkg:/opt/ros/jazzy DEBUGINFOD_URLS=https://debuginfod.ubuntu.com /usr/bin/cmake --build /home/rover/roverbrain_ws/build/rover_interfaces -- -j4 -l4
[0.321s] [  2%] Built target rover_interfaces__rosidl_generator_type_description
[0.377s] [  2%] Built target ament_cmake_python_copy_rover_interfaces
[0.435s] [  5%] Built target rover_interfaces__cpp
[0.449s] [ 20%] Built target rover_interfaces__rosidl_generator_c
[0.590s] [ 38%] Built target rover_interfaces__rosidl_typesupport_fastrtps_cpp
[0.595s] [ 38%] Built target rover_interfaces__rosidl_typesupport_introspection_cpp
[0.597s] [ 47%] Built target rover_interfaces__rosidl_typesupport_cpp
[0.730s] [ 55%] Built target rover_interfaces__rosidl_typesupport_introspection_c
[0.732s] [ 73%] Built target rover_interfaces__rosidl_typesupport_fastrtps_c
[0.735s] [ 73%] Built target rover_interfaces__rosidl_typesupport_c
[0.848s] [ 73%] Built target rover_interfaces
[0.961s] [ 76%] Built target rover_interfaces__py
[1.085s] [ 82%] Built target rover_interfaces__rosidl_generator_py
[1.221s] [ 88%] Built target rover_interfaces_s__rosidl_typesupport_fastrtps_c
[1.222s] [ 94%] Built target rover_interfaces_s__rosidl_typesupport_introspection_c
[1.234s] [100%] Built target rover_interfaces_s__rosidl_typesupport_c
[1.539s] running egg_info
[1.628s] writing rover_interfaces.egg-info/PKG-INFO
[1.629s] writing dependency_links to rover_interfaces.egg-info/dependency_links.txt
[1.631s] writing top-level names to rover_interfaces.egg-info/top_level.txt
[1.892s] reading manifest file 'rover_interfaces.egg-info/SOURCES.txt'
[1.895s] writing manifest file 'rover_interfaces.egg-info/SOURCES.txt'
[2.043s] [100%] Built target ament_cmake_python_build_rover_interfaces_egg
[2.099s] Invoked command in '/home/rover/roverbrain_ws/build/rover_interfaces' returned '0': CMAKE_PREFIX_PATH=${CMAKE_PREFIX_PATH}:/home/rover/roverbrain_ws/install/roverbrain_pkg:/opt/ros/jazzy DEBUGINFOD_URLS=https://debuginfod.ubuntu.com /usr/bin/cmake --build /home/rover/roverbrain_ws/build/rover_interfaces -- -j4 -l4
[2.149s] Invoking command in '/home/rover/roverbrain_ws/build/rover_interfaces': CMAKE_PREFIX_PATH=${CMAKE_PREFIX_PATH}:/home/rover/roverbrain_ws/install/roverbrain_pkg:/opt/ros/jazzy DEBUGINFOD_URLS=https://debuginfod.ubuntu.com /usr/bin/cmake --install /home/rover/roverbrain_ws/build/rover_interfaces
[2.192s] -- Install configuration: ""
[2.193s] -- Up-to-date: /home/rover/roverbrain_ws/install/rover_interfaces/share/ament_index/resource_index/rosidl_interfaces/rover_interfaces
[2.193s] -- Up-to-date: /home/rover/roverbrain_ws/install/rover_interfaces/share/rover_interfaces/msg/Control.json
[2.194s] -- Up-to-date: /home/rover/roverbrain_ws/install/rover_interfaces/include/rover_interfaces/rover_interfaces
[2.194s] -- Up-to-date: /home/rover/roverbrain_ws/install/rover_interfaces/include/rover_interfaces/rover_interfaces/msg
[2.195s] -- Up-to-date: /home/rover/roverbrain_ws/install/rover_interfaces/include/rover_interfaces/rover_interfaces/msg/control.h
[2.195s] -- Up-to-date: /home/rover/roverbrain_ws/install/rover_interfaces/include/rover_interfaces/rover_interfaces/msg/rosidl_generator_c__visibility_control.h
[2.195s] -- Up-to-date: /home/rover/roverbrain_ws/install/rover_interfaces/include/rover_interfaces/rover_interfaces/msg/detail
[2.196s] -- Up-to-date: /home/rover/roverbrain_ws/install/rover_interfaces/include/rover_interfaces/rover_interfaces/msg/detail/control__description.c
[2.196s] -- Up-to-date: /home/rover/roverbrain_ws/install/rover_interfaces/include/rover_interfaces/rover_interfaces/msg/detail/control__type_support.h
[2.197s] -- Up-to-date: /home/rover/roverbrain_ws/install/rover_interfaces/include/rover_interfaces/rover_interfaces/msg/detail/control__functions.c
[2.197s] -- Installing: /home/rover/roverbrain_ws/install/rover_interfaces/include/rover_interfaces/rover_interfaces/msg/detail/control__type_support.c
[2.198s] -- Up-to-date: /home/rover/roverbrain_ws/install/rover_interfaces/include/rover_interfaces/rover_interfaces/msg/detail/control__functions.h
[2.198s] -- Up-to-date: /home/rover/roverbrain_ws/install/rover_interfaces/include/rover_interfaces/rover_interfaces/msg/detail/control__struct.h
[2.199s] -- Up-to-date: /home/rover/roverbrain_ws/install/rover_interfaces/share/rover_interfaces/environment/library_path.sh
[2.199s] -- Up-to-date: /home/rover/roverbrain_ws/install/rover_interfaces/share/rover_interfaces/environment/library_path.dsv
[2.200s] -- Up-to-date: /home/rover/roverbrain_ws/install/rover_interfaces/lib/librover_interfaces__rosidl_generator_c.so
[2.201s] -- Up-to-date: /home/rover/roverbrain_ws/install/rover_interfaces/include/rover_interfaces/rover_interfaces
[2.201s] -- Up-to-date: /home/rover/roverbrain_ws/install/rover_interfaces/include/rover_interfaces/rover_interfaces/msg
[2.202s] -- Up-to-date: /home/rover/roverbrain_ws/install/rover_interfaces/include/rover_interfaces/rover_interfaces/msg/rosidl_typesupport_fastrtps_c__visibility_control.h
[2.202s] -- Up-to-date: /home/rover/roverbrain_ws/install/rover_interfaces/include/rover_interfaces/rover_interfaces/msg/detail
[2.203s] -- Up-to-date: /home/rover/roverbrain_ws/install/rover_interfaces/include/rover_interfaces/rover_interfaces/msg/detail/control__rosidl_typesupport_fastrtps_c.h
[2.204s] -- Up-to-date: /home/rover/roverbrain_ws/install/rover_interfaces/lib/librover_interfaces__rosidl_typesupport_fastrtps_c.so
[2.205s] -- Up-to-date: /home/rover/roverbrain_ws/install/rover_interfaces/include/rover_interfaces/rover_interfaces
[2.206s] -- Up-to-date: /home/rover/roverbrain_ws/install/rover_interfaces/include/rover_interfaces/rover_interfaces/msg
[2.206s] -- Up-to-date: /home/rover/roverbrain_ws/install/rover_interfaces/include/rover_interfaces/rover_interfaces/msg/detail
[2.206s] -- Up-to-date: /home/rover/roverbrain_ws/install/rover_interfaces/include/rover_interfaces/rover_interfaces/msg/detail/control__rosidl_typesupport_introspection_c.h
[2.207s] -- Installing: /home/rover/roverbrain_ws/install/rover_interfaces/include/rover_interfaces/rover_interfaces/msg/detail/control__type_support.c
[2.208s] -- Up-to-date: /home/rover/roverbrain_ws/install/rover_interfaces/include/rover_interfaces/rover_interfaces/msg/rosidl_typesupport_introspection_c__visibility_control.h
[2.209s] -- Up-to-date: /home/rover/roverbrain_ws/install/rover_interfaces/lib/librover_interfaces__rosidl_typesupport_introspection_c.so
[2.211s] -- Up-to-date: /home/rover/roverbrain_ws/install/rover_interfaces/lib/librover_interfaces__rosidl_typesupport_c.so
[2.212s] -- Up-to-date: /home/rover/roverbrain_ws/install/rover_interfaces/include/rover_interfaces/rover_interfaces
[2.213s] -- Up-to-date: /home/rover/roverbrain_ws/install/rover_interfaces/include/rover_interfaces/rover_interfaces/msg
[2.213s] -- Up-to-date: /home/rover/roverbrain_ws/install/rover_interfaces/include/rover_interfaces/rover_interfaces/msg/detail
[2.214s] -- Up-to-date: /home/rover/roverbrain_ws/install/rover_interfaces/include/rover_interfaces/rover_interfaces/msg/detail/control__type_support.hpp
[2.214s] -- Up-to-date: /home/rover/roverbrain_ws/install/rover_interfaces/include/rover_interfaces/rover_interfaces/msg/detail/control__builder.hpp
[2.215s] -- Up-to-date: /home/rover/roverbrain_ws/install/rover_interfaces/include/rover_interfaces/rover_interfaces/msg/detail/control__traits.hpp
[2.215s] -- Up-to-date: /home/rover/roverbrain_ws/install/rover_interfaces/include/rover_interfaces/rover_interfaces/msg/detail/control__struct.hpp
[2.216s] -- Up-to-date: /home/rover/roverbrain_ws/install/rover_interfaces/include/rover_interfaces/rover_interfaces/msg/rosidl_generator_cpp__visibility_control.hpp
[2.216s] -- Up-to-date: /home/rover/roverbrain_ws/install/rover_interfaces/include/rover_interfaces/rover_interfaces/msg/control.hpp
[2.216s] -- Up-to-date: /home/rover/roverbrain_ws/install/rover_interfaces/include/rover_interfaces/rover_interfaces
[2.217s] -- Up-to-date: /home/rover/roverbrain_ws/install/rover_interfaces/include/rover_interfaces/rover_interfaces/msg
[2.217s] -- Up-to-date: /home/rover/roverbrain_ws/install/rover_interfaces/include/rover_interfaces/rover_interfaces/msg/detail
[2.218s] -- Up-to-date: /home/rover/roverbrain_ws/install/rover_interfaces/include/rover_interfaces/rover_interfaces/msg/detail/dds_fastrtps
[2.218s] -- Up-to-date: /home/rover/roverbrain_ws/install/rover_interfaces/include/rover_interfaces/rover_interfaces/msg/detail/control__rosidl_typesupport_fastrtps_cpp.hpp
[2.218s] -- Up-to-date: /home/rover/roverbrain_ws/install/rover_interfaces/include/rover_interfaces/rover_interfaces/msg/rosidl_typesupport_fastrtps_cpp__visibility_control.h
[2.219s] -- Up-to-date: /home/rover/roverbrain_ws/install/rover_interfaces/lib/librover_interfaces__rosidl_typesupport_fastrtps_cpp.so
[2.220s] -- Up-to-date: /home/rover/roverbrain_ws/install/rover_interfaces/include/rover_interfaces/rover_interfaces
[2.220s] -- Up-to-date: /home/rover/roverbrain_ws/install/rover_interfaces/include/rover_interfaces/rover_interfaces/msg
[2.221s] -- Up-to-date: /home/rover/roverbrain_ws/install/rover_interfaces/include/rover_interfaces/rover_interfaces/msg/detail
[2.221s] -- Up-to-date: /home/rover/roverbrain_ws/install/rover_interfaces/include/rover_interfaces/rover_interfaces/msg/detail/control__type_support.cpp
[2.222s] -- Up-to-date: /home/rover/roverbrain_ws/install/rover_interfaces/include/rover_interfaces/rover_interfaces/msg/detail/control__rosidl_typesupport_introspection_cpp.hpp
[2.222s] -- Up-to-date: /home/rover/roverbrain_ws/install/rover_interfaces/lib/librover_interfaces__rosidl_typesupport_introspection_cpp.so
[2.224s] -- Up-to-date: /home/rover/roverbrain_ws/install/rover_interfaces/lib/librover_interfaces__rosidl_typesupport_cpp.so
[2.226s] -- Up-to-date: /home/rover/roverbrain_ws/install/rover_interfaces/share/rover_interfaces/environment/pythonpath.sh
[2.226s] -- Up-to-date: /home/rover/roverbrain_ws/install/rover_interfaces/share/rover_interfaces/environment/pythonpath.dsv
[2.226s] -- Up-to-date: /home/rover/roverbrain_ws/install/rover_interfaces/lib/python3.12/site-packages/rover_interfaces-0.0.0-py3.12.egg-info
[2.227s] -- Installing: /home/rover/roverbrain_ws/install/rover_interfaces/lib/python3.12/site-packages/rover_interfaces-0.0.0-py3.12.egg-info/dependency_links.txt
[2.228s] -- Installing: /home/rover/roverbrain_ws/install/rover_interfaces/lib/python3.12/site-packages/rover_interfaces-0.0.0-py3.12.egg-info/PKG-INFO
[2.229s] -- Installing: /home/rover/roverbrain_ws/install/rover_interfaces/lib/python3.12/site-packages/rover_interfaces-0.0.0-py3.12.egg-info/top_level.txt
[2.231s] -- Installing: /home/rover/roverbrain_ws/install/rover_interfaces/lib/python3.12/site-packages/rover_interfaces-0.0.0-py3.12.egg-info/SOURCES.txt
[2.232s] -- Up-to-date: /home/rover/roverbrain_ws/install/rover_interfaces/lib/python3.12/site-packages/rover_interfaces
[2.232s] -- Up-to-date: /home/rover/roverbrain_ws/install/rover_interfaces/lib/python3.12/site-packages/rover_interfaces/rover_interfaces_s__rosidl_typesupport_introspection_c.so
[2.233s] -- Up-to-date: /home/rover/roverbrain_ws/install/rover_interfaces/lib/python3.12/site-packages/rover_interfaces/_rover_interfaces_s.ep.rosidl_typesupport_c.c
[2.233s] -- Up-to-date: /home/rover/roverbrain_ws/install/rover_interfaces/lib/python3.12/site-packages/rover_interfaces/_rover_interfaces_s.ep.rosidl_typesupport_introspection_c.c
[2.234s] -- Up-to-date: /home/rover/roverbrain_ws/install/rover_interfaces/lib/python3.12/site-packages/rover_interfaces/__init__.py
[2.234s] -- Up-to-date: /home/rover/roverbrain_ws/install/rover_interfaces/lib/python3.12/site-packages/rover_interfaces/_rover_interfaces_s.ep.rosidl_typesupport_fastrtps_c.c
[2.235s] -- Up-to-date: /home/rover/roverbrain_ws/install/rover_interfaces/lib/python3.12/site-packages/rover_interfaces/rover_interfaces_s__rosidl_typesupport_c.so
[2.235s] -- Up-to-date: /home/rover/roverbrain_ws/install/rover_interfaces/lib/python3.12/site-packages/rover_interfaces/msg
[2.235s] -- Up-to-date: /home/rover/roverbrain_ws/install/rover_interfaces/lib/python3.12/site-packages/rover_interfaces/msg/_control_s.c
[2.236s] -- Up-to-date: /home/rover/roverbrain_ws/install/rover_interfaces/lib/python3.12/site-packages/rover_interfaces/msg/__init__.py
[2.236s] -- Up-to-date: /home/rover/roverbrain_ws/install/rover_interfaces/lib/python3.12/site-packages/rover_interfaces/msg/_control.py
[2.237s] -- Up-to-date: /home/rover/roverbrain_ws/install/rover_interfaces/lib/python3.12/site-packages/rover_interfaces/rover_interfaces_s__rosidl_typesupport_fastrtps_c.so
[2.395s] Listing '/home/rover/roverbrain_ws/install/rover_interfaces/lib/python3.12/site-packages/rover_interfaces'...
[2.396s] Listing '/home/rover/roverbrain_ws/install/rover_interfaces/lib/python3.12/site-packages/rover_interfaces/msg'...
[2.424s] -- Up-to-date: /home/rover/roverbrain_ws/install/rover_interfaces/lib/python3.12/site-packages/rover_interfaces/rover_interfaces_s__rosidl_typesupport_fastrtps_c.so
[2.426s] -- Up-to-date: /home/rover/roverbrain_ws/install/rover_interfaces/lib/python3.12/site-packages/rover_interfaces/rover_interfaces_s__rosidl_typesupport_introspection_c.so
[2.428s] -- Up-to-date: /home/rover/roverbrain_ws/install/rover_interfaces/lib/python3.12/site-packages/rover_interfaces/rover_interfaces_s__rosidl_typesupport_c.so
[2.430s] -- Up-to-date: /home/rover/roverbrain_ws/install/rover_interfaces/lib/librover_interfaces__rosidl_generator_py.so
[2.431s] -- Up-to-date: /home/rover/roverbrain_ws/install/rover_interfaces/share/rover_interfaces/msg/Control.idl
[2.432s] -- Up-to-date: /home/rover/roverbrain_ws/install/rover_interfaces/share/rover_interfaces/msg/Control.msg
[2.432s] -- Up-to-date: /home/rover/roverbrain_ws/install/rover_interfaces/share/ament_index/resource_index/package_run_dependencies/rover_interfaces
[2.433s] -- Up-to-date: /home/rover/roverbrain_ws/install/rover_interfaces/share/ament_index/resource_index/parent_prefix_path/rover_interfaces
[2.433s] -- Up-to-date: /home/rover/roverbrain_ws/install/rover_interfaces/share/rover_interfaces/environment/ament_prefix_path.sh
[2.433s] -- Up-to-date: /home/rover/roverbrain_ws/install/rover_interfaces/share/rover_interfaces/environment/ament_prefix_path.dsv
[2.434s] -- Up-to-date: /home/rover/roverbrain_ws/install/rover_interfaces/share/rover_interfaces/environment/path.sh
[2.435s] -- Up-to-date: /home/rover/roverbrain_ws/install/rover_interfaces/share/rover_interfaces/environment/path.dsv
[2.435s] -- Up-to-date: /home/rover/roverbrain_ws/install/rover_interfaces/share/rover_interfaces/local_setup.bash
[2.436s] -- Up-to-date: /home/rover/roverbrain_ws/install/rover_interfaces/share/rover_interfaces/local_setup.sh
[2.436s] -- Up-to-date: /home/rover/roverbrain_ws/install/rover_interfaces/share/rover_interfaces/local_setup.zsh
[2.436s] -- Up-to-date: /home/rover/roverbrain_ws/install/rover_interfaces/share/rover_interfaces/local_setup.dsv
[2.437s] -- Installing: /home/rover/roverbrain_ws/install/rover_interfaces/share/rover_interfaces/package.dsv
[2.437s] -- Up-to-date: /home/rover/roverbrain_ws/install/rover_interfaces/share/ament_index/resource_index/packages/rover_interfaces
[2.438s] -- Up-to-date: /home/rover/roverbrain_ws/install/rover_interfaces/share/rover_interfaces/cmake/export_rover_interfaces__rosidl_generator_cExport.cmake
[2.439s] -- Up-to-date: /home/rover/roverbrain_ws/install/rover_interfaces/share/rover_interfaces/cmake/export_rover_interfaces__rosidl_generator_cExport-noconfig.cmake
[2.439s] -- Up-to-date: /home/rover/roverbrain_ws/install/rover_interfaces/share/rover_interfaces/cmake/export_rover_interfaces__rosidl_typesupport_fastrtps_cExport.cmake
[2.440s] -- Up-to-date: /home/rover/roverbrain_ws/install/rover_interfaces/share/rover_interfaces/cmake/export_rover_interfaces__rosidl_typesupport_fastrtps_cExport-noconfig.cmake
[2.441s] -- Up-to-date: /home/rover/roverbrain_ws/install/rover_interfaces/share/rover_interfaces/cmake/rover_interfaces__rosidl_typesupport_introspection_cExport.cmake
[2.441s] -- Up-to-date: /home/rover/roverbrain_ws/install/rover_interfaces/share/rover_interfaces/cmake/rover_interfaces__rosidl_typesupport_introspection_cExport-noconfig.cmake
[2.442s] -- Up-to-date: /home/rover/roverbrain_ws/install/rover_interfaces/share/rover_interfaces/cmake/rover_interfaces__rosidl_typesupport_cExport.cmake
[2.443s] -- Up-to-date: /home/rover/roverbrain_ws/install/rover_interfaces/share/rover_interfaces/cmake/rover_interfaces__rosidl_typesupport_cExport-noconfig.cmake
[2.444s] -- Up-to-date: /home/rover/roverbrain_ws/install/rover_interfaces/share/rover_interfaces/cmake/export_rover_interfaces__rosidl_generator_cppExport.cmake
[2.445s] -- Up-to-date: /home/rover/roverbrain_ws/install/rover_interfaces/share/rover_interfaces/cmake/export_rover_interfaces__rosidl_typesupport_fastrtps_cppExport.cmake
[2.445s] -- Up-to-date: /home/rover/roverbrain_ws/install/rover_interfaces/share/rover_interfaces/cmake/export_rover_interfaces__rosidl_typesupport_fastrtps_cppExport-noconfig.cmake
[2.446s] -- Up-to-date: /home/rover/roverbrain_ws/install/rover_interfaces/share/rover_interfaces/cmake/rover_interfaces__rosidl_typesupport_introspection_cppExport.cmake
[2.446s] -- Up-to-date: /home/rover/roverbrain_ws/install/rover_interfaces/share/rover_interfaces/cmake/rover_interfaces__rosidl_typesupport_introspection_cppExport-noconfig.cmake
[2.447s] -- Up-to-date: /home/rover/roverbrain_ws/install/rover_interfaces/share/rover_interfaces/cmake/rover_interfaces__rosidl_typesupport_cppExport.cmake
[2.448s] -- Up-to-date: /home/rover/roverbrain_ws/install/rover_interfaces/share/rover_interfaces/cmake/rover_interfaces__rosidl_typesupport_cppExport-noconfig.cmake
[2.448s] -- Up-to-date: /home/rover/roverbrain_ws/install/rover_interfaces/share/rover_interfaces/cmake/export_rover_interfaces__rosidl_generator_pyExport.cmake
[2.449s] -- Up-to-date: /home/rover/roverbrain_ws/install/rover_interfaces/share/rover_interfaces/cmake/export_rover_interfaces__rosidl_generator_pyExport-noconfig.cmake
[2.449s] -- Up-to-date: /home/rover/roverbrain_ws/install/rover_interfaces/share/rover_interfaces/cmake/rosidl_cmake-extras.cmake
[2.450s] -- Up-to-date: /home/rover/roverbrain_ws/install/rover_interfaces/share/rover_interfaces/cmake/ament_cmake_export_include_directories-extras.cmake
[2.450s] -- Up-to-date: /home/rover/roverbrain_ws/install/rover_interfaces/share/rover_interfaces/cmake/ament_cmake_export_libraries-extras.cmake
[2.451s] -- Up-to-date: /home/rover/roverbrain_ws/install/rover_interfaces/share/rover_interfaces/cmake/ament_cmake_export_targets-extras.cmake
[2.451s] -- Up-to-date: /home/rover/roverbrain_ws/install/rover_interfaces/share/rover_interfaces/cmake/rosidl_cmake_export_typesupport_targets-extras.cmake
[2.452s] -- Up-to-date: /home/rover/roverbrain_ws/install/rover_interfaces/share/rover_interfaces/cmake/ament_cmake_export_dependencies-extras.cmake
[2.452s] -- Up-to-date: /home/rover/roverbrain_ws/install/rover_interfaces/share/rover_interfaces/cmake/rosidl_cmake_export_typesupport_libraries-extras.cmake
[2.453s] -- Up-to-date: /home/rover/roverbrain_ws/install/rover_interfaces/share/rover_interfaces/cmake/rover_interfacesConfig.cmake
[2.453s] -- Up-to-date: /home/rover/roverbrain_ws/install/rover_interfaces/share/rover_interfaces/cmake/rover_interfacesConfig-version.cmake
[2.453s] -- Up-to-date: /home/rover/roverbrain_ws/install/rover_interfaces/share/rover_interfaces/package.xml
[2.461s] Invoked command in '/home/rover/roverbrain_ws/build/rover_interfaces' returned '0': CMAKE_PREFIX_PATH=${CMAKE_PREFIX_PATH}:/home/rover/roverbrain_ws/install/roverbrain_pkg:/opt/ros/jazzy DEBUGINFOD_URLS=https://debuginfod.ubuntu.com /usr/bin/cmake --install /home/rover/roverbrain_ws/build/rover_interfaces
