[3.585s] Invoking command in '/home/rover/roverbrain_ws/src/roverbrain_pkg': DEBUGINFOD_URLS=https://debuginfod.ubuntu.com PYTHONPATH=/home/rover/roverbrain_ws/build/roverbrain_pkg/prefix_override:/usr/lib/python3/dist-packages/colcon_core/task/python/colcon_distutils_commands:/home/rover/roverbrain_ws/install/roverbrain_pkg/lib/python3.12/site-packages:/home/rover/roverbrain_ws/install/rover_interfaces/lib/python3.12/site-packages:/home/rover/roverbrain_ws/install/roverbrain_pkg/lib/python3.12/site-packages:/opt/ros/jazzy/lib/python3.12/site-packages /usr/bin/python3 -W ignore:setup.py install is deprecated -W ignore:easy_install command is deprecated setup.py egg_info --egg-base ../../build/roverbrain_pkg build --build-base /home/rover/roverbrain_ws/build/roverbrain_pkg/build install --record /home/rover/roverbrain_ws/build/roverbrain_pkg/install.log --single-version-externally-managed install_data
[4.739s] running egg_info
[4.824s] writing ../../build/roverbrain_pkg/roverbrain_pkg.egg-info/PKG-INFO
[4.825s] writing dependency_links to ../../build/roverbrain_pkg/roverbrain_pkg.egg-info/dependency_links.txt
[4.826s] writing entry points to ../../build/roverbrain_pkg/roverbrain_pkg.egg-info/entry_points.txt
[4.827s] writing requirements to ../../build/roverbrain_pkg/roverbrain_pkg.egg-info/requires.txt
[4.828s] writing top-level names to ../../build/roverbrain_pkg/roverbrain_pkg.egg-info/top_level.txt
[5.002s] reading manifest file '../../build/roverbrain_pkg/roverbrain_pkg.egg-info/SOURCES.txt'
[5.005s] writing manifest file '../../build/roverbrain_pkg/roverbrain_pkg.egg-info/SOURCES.txt'
[5.006s] running build
[5.006s] running build_py
[5.007s] copying roverbrain_pkg/steering_control.py -> /home/rover/roverbrain_ws/build/roverbrain_pkg/build/lib/roverbrain_pkg
[5.009s] running install
[5.033s] running install_lib
[5.120s] copying /home/rover/roverbrain_ws/build/roverbrain_pkg/build/lib/roverbrain_pkg/steering_control.py -> /home/rover/roverbrain_ws/install/roverbrain_pkg/lib/python3.12/site-packages/roverbrain_pkg
[5.124s] byte-compiling /home/rover/roverbrain_ws/install/roverbrain_pkg/lib/python3.12/site-packages/roverbrain_pkg/steering_control.py to steering_control.cpython-312.pyc
[5.127s] running install_data
[5.128s] running install_egg_info
[5.218s] removing '/home/rover/roverbrain_ws/install/roverbrain_pkg/lib/python3.12/site-packages/roverbrain_pkg-0.0.0-py3.12.egg-info' (and everything under it)
[5.220s] Copying ../../build/roverbrain_pkg/roverbrain_pkg.egg-info to /home/rover/roverbrain_ws/install/roverbrain_pkg/lib/python3.12/site-packages/roverbrain_pkg-0.0.0-py3.12.egg-info
[5.225s] running install_scripts
[5.863s] Installing motor_control script to /home/rover/roverbrain_ws/install/roverbrain_pkg/lib/roverbrain_pkg
[5.864s] Installing receiver script to /home/rover/roverbrain_ws/install/roverbrain_pkg/lib/roverbrain_pkg
[5.865s] Installing steering_control script to /home/rover/roverbrain_ws/install/roverbrain_pkg/lib/roverbrain_pkg
[5.867s] writing list of installed files to '/home/rover/roverbrain_ws/build/roverbrain_pkg/install.log'
[6.008s] Invoked command in '/home/rover/roverbrain_ws/src/roverbrain_pkg' returned '0': DEBUGINFOD_URLS=https://debuginfod.ubuntu.com PYTHONPATH=/home/rover/roverbrain_ws/build/roverbrain_pkg/prefix_override:/usr/lib/python3/dist-packages/colcon_core/task/python/colcon_distutils_commands:/home/rover/roverbrain_ws/install/roverbrain_pkg/lib/python3.12/site-packages:/home/rover/roverbrain_ws/install/rover_interfaces/lib/python3.12/site-packages:/home/rover/roverbrain_ws/install/roverbrain_pkg/lib/python3.12/site-packages:/opt/ros/jazzy/lib/python3.12/site-packages /usr/bin/python3 -W ignore:setup.py install is deprecated -W ignore:easy_install command is deprecated setup.py egg_info --egg-base ../../build/roverbrain_pkg build --build-base /home/rover/roverbrain_ws/build/roverbrain_pkg/build install --record /home/rover/roverbrain_ws/build/roverbrain_pkg/install.log --single-version-externally-managed install_data
